

================================================================
== Vitis HLS Report for 'Block_entry211_proc'
================================================================
* Date:           Sat Jan 17 14:12:47 2026

* Version:        2023.2 (Build 4023990 on Oct 11 2023)
* Project:        krnl_proj_split
* Solution:       hls (Vitis Kernel Flow Target)
* Product family: virtexuplusHBM
* Target device:  xcu55c-fsvh2892-2L-e


================================================================
== Performance Estimates
================================================================
+ Timing: 
    * Summary: 
    +--------+---------+----------+------------+
    |  Clock |  Target | Estimated| Uncertainty|
    +--------+---------+----------+------------+
    |ap_clk  |  3.33 ns|  1.217 ns|     0.90 ns|
    +--------+---------+----------+------------+

+ Latency: 
    * Summary: 
    +---------+---------+----------+----------+-----+-----+---------+
    |  Latency (cycles) |  Latency (absolute) |  Interval | Pipeline|
    |   min   |   max   |    min   |    max   | min | max |   Type  |
    +---------+---------+----------+----------+-----+-----+---------+
    |        0|        0|      0 ns|      0 ns|    0|    0|       no|
    +---------+---------+----------+----------+-----+-----+---------+

    + Detail: 
        * Instance: 
        N/A

        * Loop: 
        N/A

============================================================
+ Verbose Summary: Synthesis Manager
============================================================
InlineROM: 1
ExposeGlobal: 0
============================================================
+ Verbose Summary: CDFG Model
============================================================
IsTopModel: 0
ResetActiveHigh: 1
IsCombinational: 2
IsDatapathOnly: 0
HasWiredReturn: 1
HasMFsm: 0
HasVarLatency: 0
IsPipeline: 0
IsRtlPipelined: 0
IsInstanceOverlapped: 0
IsDontTouch: 0
HasImplIP: 0
IsGatedGlobalClock: 0


============================================================
+ Verbose Summary: Schedule
============================================================
* Number of FSM states : 1
* Pipeline : 0
* Dataflow Pipeline: 0

* FSM state transitions: 
1 --> 

* FSM state operations: 

State 1 <SV = 0> <Delay = 1.21>
ST_1 : Operation 2 [1/1] (1.21ns)   --->   "%p_read_3 = read i64 @_ssdm_op_Read.ap_auto.i64, i64 %p_read" [/home/m2_2/shared/dat480-final/Project_kernels_HLS_split/src/krnl_proj_split.cpp:222]   --->   Operation 2 'read' 'p_read_3' <Predicate = true> <Delay = 1.21> <CoreInst = "FIFO_SRL">   --->   Core 81 'FIFO_SRL' <Latency = 0> <II = 1> <Delay = 1.42> <Storage> <Opcode : 'read' 'write' 'nbread' 'nbwrite'> <Ports = 0> <Width = -1> <Depth = -1> <FIFO>
ST_1 : Operation 3 [1/1] (0.00ns)   --->   "%write_ln222 = write void @_ssdm_op_Write.ap_auto.i64P0A, i64 %processed_bytes, i64 %p_read_3" [/home/m2_2/shared/dat480-final/Project_kernels_HLS_split/src/krnl_proj_split.cpp:222]   --->   Operation 3 'write' 'write_ln222' <Predicate = true> <Delay = 0.00>
ST_1 : Operation 4 [1/1] (0.00ns)   --->   "%write_ln223 = write void @_ssdm_op_Write.ap_auto.i64P0A, i64 %processed_cycles, i64 %p_read_3" [/home/m2_2/shared/dat480-final/Project_kernels_HLS_split/src/krnl_proj_split.cpp:223]   --->   Operation 4 'write' 'write_ln223' <Predicate = true> <Delay = 0.00>
ST_1 : Operation 5 [1/1] (0.00ns)   --->   "%ret_ln0 = ret"   --->   Operation 5 'ret' 'ret_ln0' <Predicate = true> <Delay = 0.00>


============================================================
+ Verbose Summary: Binding
============================================================
STG Binding: 
---------------- STG Properties BEGIN ----------------
- Is combinational: 0
- Is one-state seq: 1
- Is datapath-only: 0
- Is pipelined: 0
- Is top level: 0
Port [ Return ] is wired: 1; IO mode=ap_ctrl_hs:ce=0
Port [ p_read]:  wired=1; compound=0; hidden=0; nouse=0; global=0; static=0; extern=0; dir=0; type=0; pingpong=0; private_global=0; IO mode=ap_none:ce=0
Port [ processed_bytes]:  wired=1; compound=0; hidden=0; nouse=0; global=0; static=0; extern=0; dir=1; type=0; pingpong=0; private_global=0; IO mode=ap_vld:ce=0
Port [ processed_cycles]:  wired=1; compound=0; hidden=0; nouse=0; global=0; static=0; extern=0; dir=1; type=0; pingpong=0; private_global=0; IO mode=ap_vld:ce=0
---------------- STG Properties END ------------------

---------------- Datapath Model BEGIN ----------------

<LifeTime>
<method=bitvector/>
p_read_3    (read ) [ 00]
write_ln222 (write) [ 00]
write_ln223 (write) [ 00]
ret_ln0     (ret  ) [ 00]
</LifeTime>

<model>

<comp_list>
<comp id="0" class="1000" name="p_read">
<pin_list>
<pin id="1" dir="1" index="0" bw="1" slack="0"/>
</pin_list>
<bind>
<StgValue><ssdm name="p_read"/></StgValue>
</bind>
</comp>

<comp id="2" class="1000" name="processed_bytes">
<pin_list>
<pin id="3" dir="1" index="0" bw="1" slack="0"/>
</pin_list>
<bind>
<StgValue><ssdm name="processed_bytes"/></StgValue>
</bind>
</comp>

<comp id="4" class="1000" name="processed_cycles">
<pin_list>
<pin id="5" dir="1" index="0" bw="1" slack="0"/>
</pin_list>
<bind>
<StgValue><ssdm name="processed_cycles"/></StgValue>
</bind>
</comp>

<comp id="6" class="1001" name="const_6">
<pin_list>
<pin id="7" dir="1" index="0" bw="1" slack="0"/>
</pin_list>
<bind>
<StgValue><ssdm name="_ssdm_op_Read.ap_auto.i64"/></StgValue>
</bind>
</comp>

<comp id="8" class="1001" name="const_8">
<pin_list>
<pin id="9" dir="1" index="0" bw="1" slack="0"/>
</pin_list>
<bind>
<StgValue><ssdm name="_ssdm_op_Write.ap_auto.i64P0A"/></StgValue>
</bind>
</comp>

<comp id="10" class="1004" name="p_read_3_read_fu_10">
<pin_list>
<pin id="11" dir="0" index="0" bw="64" slack="0"/>
<pin id="12" dir="0" index="1" bw="64" slack="0"/>
<pin id="13" dir="1" index="2" bw="64" slack="0"/>
</pin_list>
<bind>
<opcode="read(1150) " fcode="read"/>
<opset="p_read_3/1 "/>
</bind>
</comp>

<comp id="16" class="1004" name="write_ln222_write_fu_16">
<pin_list>
<pin id="17" dir="0" index="0" bw="0" slack="0"/>
<pin id="18" dir="0" index="1" bw="64" slack="0"/>
<pin id="19" dir="0" index="2" bw="64" slack="0"/>
<pin id="20" dir="1" index="3" bw="0" slack="2147483647"/>
</pin_list>
<bind>
<opcode="write(1151) " fcode="write"/>
<opset="write_ln222/1 "/>
</bind>
</comp>

<comp id="24" class="1004" name="write_ln223_write_fu_24">
<pin_list>
<pin id="25" dir="0" index="0" bw="0" slack="0"/>
<pin id="26" dir="0" index="1" bw="64" slack="0"/>
<pin id="27" dir="0" index="2" bw="64" slack="0"/>
<pin id="28" dir="1" index="3" bw="0" slack="2147483647"/>
</pin_list>
<bind>
<opcode="write(1151) " fcode="write"/>
<opset="write_ln223/1 "/>
</bind>
</comp>

</comp_list>

<net_list>
<net id="14"><net_src comp="6" pin="0"/><net_sink comp="10" pin=0"/></net>

<net id="15"><net_src comp="0" pin="0"/><net_sink comp="10" pin=1"/></net>

<net id="21"><net_src comp="8" pin="0"/><net_sink comp="16" pin=0"/></net>

<net id="22"><net_src comp="2" pin="0"/><net_sink comp="16" pin=1"/></net>

<net id="23"><net_src comp="10" pin="2"/><net_sink comp="16" pin=2"/></net>

<net id="29"><net_src comp="8" pin="0"/><net_sink comp="24" pin=0"/></net>

<net id="30"><net_src comp="4" pin="0"/><net_sink comp="24" pin=1"/></net>

<net id="31"><net_src comp="10" pin="2"/><net_sink comp="24" pin=2"/></net>

</net_list>

</model> 
---------------- Datapath Model END ------------------

* FSMD analyzer results:
  - Output states:
	Port: processed_bytes | {1 }
	Port: processed_cycles | {1 }
 - Input state : 
	Port: Block_entry211_proc : p_read | {1 }
  - Chain level:
	State 1


============================================================
+ Verbose Summary: Datapath Resource usage 
============================================================

* Functional unit list:
|----------|-------------------------|
| Operation|     Functional Unit     |
|----------|-------------------------|
|   read   |   p_read_3_read_fu_10   |
|----------|-------------------------|
|   write  | write_ln222_write_fu_16 |
|          | write_ln223_write_fu_24 |
|----------|-------------------------|
|   Total  |                         |
|----------|-------------------------|

Memories:
N/A

* Register list:
N/A

* Multiplexer (MUX) list: 
|--------|------|------|------|--------|
|  Comp  |  Pin | Size |  BW  | S x BW |
|--------|------|------|------|--------|
|  Total |      |      |      |    0   |
|--------|------|------|------|--------|



* Summary:
+-----------+
|           |
+-----------+
|  Function |
|   Memory  |
|Multiplexer|
|  Register |
+-----------+
|   Total   |
+-----------+
