

================================================================
== Vitis HLS Report for 'krnl_proj_split'
================================================================
* Date:           Sat Jan 17 14:12:47 2026

* Version:        2023.2 (Build 4023990 on Oct 11 2023)
* Project:        krnl_proj_split
* Solution:       hls (Vitis Kernel Flow Target)
* Product family: virtexuplusHBM
* Target device:  xcu55c-fsvh2892-2L-e


================================================================
== Performance Estimates
================================================================
+ Timing: 
    * Summary: 
    +--------+---------+----------+------------+
    |  Clock |  Target | Estimated| Uncertainty|
    +--------+---------+----------+------------+
    |ap_clk  |  3.33 ns|  3.100 ns|     0.90 ns|
    +--------+---------+----------+------------+

+ Latency: 
    * Summary: 
    +---------+---------+----------+----------+-----+-----+----------+
    |  Latency (cycles) |  Latency (absolute) |  Interval | Pipeline |
    |   min   |   max   |    min   |    max   | min | max |   Type   |
    +---------+---------+----------+----------+-----+-----+----------+
    |        ?|        ?|         ?|         ?|    ?|    ?|  dataflow|
    +---------+---------+----------+----------+-----+-----+----------+

    + Detail: 
        * Instance: 
        N/A

        * Loop: 
        N/A

============================================================
+ Verbose Summary: Synthesis Manager
============================================================
InlineROM: 1
ExposeGlobal: 0
============================================================
+ Verbose Summary: CDFG Model
============================================================
IsTopModel: 1
ResetActiveHigh: 1
IsCombinational: 2
IsDatapathOnly: 0
HasWiredReturn: 1
HasMFsm: 0
HasVarLatency: 1
IsPipeline: 0
IsRtlPipelined: 0
IsInstanceOverlapped: 0
IsDontTouch: 0
HasImplIP: 0
IsGatedGlobalClock: 0


============================================================
+ Verbose Summary: Schedule
============================================================
* Number of FSM states : 8
* Pipeline : 0
* Dataflow Pipeline: 1
  DF-Pipeline-0: Size = 8, States = { 1 2 3 4 5 6 7 8 }

* FSM state transitions: 
1 --> 2 
2 --> 3 
3 --> 4 
4 --> 5 
5 --> 6 
6 --> 7 
7 --> 8 
8 --> 

* FSM state operations: 

State 1 <SV = 0> <Delay = 0.00>
ST_1 : Operation 9 [1/1] (0.00ns)   --->   "%short_bytes = alloca i64 1"   --->   Operation 9 'alloca' 'short_bytes' <Predicate = true> <Delay = 0.00> <CoreInst = "FIFO_SRL">   --->   Core 81 'FIFO_SRL' <Latency = 0> <II = 1> <Delay = 1.40> <Storage> <Opcode : 'read' 'write' 'nbread' 'nbwrite'> <Ports = 0> <Width = 9> <Depth = 64> <FIFO>
ST_1 : Operation 10 [1/1] (0.00ns)   --->   "%long_bytes = alloca i64 1"   --->   Operation 10 'alloca' 'long_bytes' <Predicate = true> <Delay = 0.00> <CoreInst = "FIFO_SRL">   --->   Core 81 'FIFO_SRL' <Latency = 0> <II = 1> <Delay = 1.40> <Storage> <Opcode : 'read' 'write' 'nbread' 'nbwrite'> <Ports = 0> <Width = 9> <Depth = 64> <FIFO>
ST_1 : Operation 11 [1/1] (0.00ns)   --->   "%short_matches = alloca i64 1"   --->   Operation 11 'alloca' 'short_matches' <Predicate = true> <Delay = 0.00> <CoreInst = "FIFO">   --->   Core 78 'FIFO' <Latency = 0> <II = 1> <Delay = 1.13> <Storage> <Opcode : 'read' 'write' 'nbread' 'nbwrite'> <Ports = 0> <Width = 33> <Depth = 64> <FIFO>
ST_1 : Operation 12 [1/1] (0.00ns)   --->   "%long_matches = alloca i64 1"   --->   Operation 12 'alloca' 'long_matches' <Predicate = true> <Delay = 0.00> <CoreInst = "FIFO">   --->   Core 78 'FIFO' <Latency = 0> <II = 1> <Delay = 1.13> <Storage> <Opcode : 'read' 'write' 'nbread' 'nbwrite'> <Ports = 0> <Width = 33> <Depth = 64> <FIFO>

State 2 <SV = 1> <Delay = 0.00>
ST_2 : Operation 13 [2/2] (0.00ns)   --->   "%call_ret = call i80 @input_split, i512 %input_stream_V_data_V, i64 %input_stream_V_keep_V, i64 %input_stream_V_strb_V, i1 %input_stream_V_user_V, i1 %input_stream_V_last_V, i1 %input_stream_V_id_V, i16 %input_stream_V_dest_V, i9 %short_bytes, i9 %long_bytes" [/home/m2_2/shared/dat480-final/Project_kernels_HLS_split/src/krnl_proj_split.cpp:215]   --->   Operation 13 'call' 'call_ret' <Predicate = true> <Delay = 0.00> <CoreType = "Generic">   --->   Core 0 '' <Latency = 0> <II = 1> <Delay = 1.00> <Generic> <Opcode : >

State 3 <SV = 2> <Delay = 1.21>
ST_3 : Operation 14 [1/2] (0.00ns)   --->   "%call_ret = call i80 @input_split, i512 %input_stream_V_data_V, i64 %input_stream_V_keep_V, i64 %input_stream_V_strb_V, i1 %input_stream_V_user_V, i1 %input_stream_V_last_V, i1 %input_stream_V_id_V, i16 %input_stream_V_dest_V, i9 %short_bytes, i9 %long_bytes" [/home/m2_2/shared/dat480-final/Project_kernels_HLS_split/src/krnl_proj_split.cpp:215]   --->   Operation 14 'call' 'call_ret' <Predicate = true> <Delay = 0.00> <CoreType = "Generic">   --->   Core 0 '' <Latency = 0> <II = 1> <Delay = 1.00> <Generic> <Opcode : >
ST_3 : Operation 15 [1/1] (0.00ns)   --->   "%dest_channel = extractvalue i80 %call_ret" [/home/m2_2/shared/dat480-final/Project_kernels_HLS_split/src/krnl_proj_split.cpp:215]   --->   Operation 15 'extractvalue' 'dest_channel' <Predicate = true> <Delay = 0.00> <CoreInst = "FIFO_SRL">   --->   Core 81 'FIFO_SRL' <Latency = 0> <II = 1> <Delay = 1.34> <Storage> <Opcode : 'read' 'write' 'nbread' 'nbwrite'> <Ports = 0> <Width = 16> <Depth = 2> <FIFO>
ST_3 : Operation 16 [1/1] (0.00ns)   --->   "%bytes_channel = extractvalue i80 %call_ret" [/home/m2_2/shared/dat480-final/Project_kernels_HLS_split/src/krnl_proj_split.cpp:215]   --->   Operation 16 'extractvalue' 'bytes_channel' <Predicate = true> <Delay = 0.00> <CoreInst = "FIFO_SRL">   --->   Core 81 'FIFO_SRL' <Latency = 0> <II = 1> <Delay = 1.40> <Storage> <Opcode : 'read' 'write' 'nbread' 'nbwrite'> <Ports = 0> <Width = 64> <Depth = 2> <FIFO>
ST_3 : Operation 17 [1/1] (1.21ns)   --->   "%call_ln215 = call void @Block_entry211_proc, i64 %bytes_channel, i64 %processed_bytes, i64 %processed_cycles" [/home/m2_2/shared/dat480-final/Project_kernels_HLS_split/src/krnl_proj_split.cpp:215]   --->   Operation 17 'call' 'call_ln215' <Predicate = true> <Delay = 1.21> <CoreType = "Generic">   --->   Core 0 '' <Latency = 0> <II = 1> <Delay = 1.00> <Generic> <Opcode : >

State 4 <SV = 3> <Delay = 0.00>
ST_4 : Operation 18 [2/2] (0.00ns)   --->   "%call_ln216 = call void @matcher_engine<1720, 16>, i9 %short_bytes, i33 %short_matches, i15 %state_1, i5 %pattern_len_SHORT, i8 %p_ZL19pattern_bytes_SHORT_0, i8 %p_ZL19pattern_bytes_SHORT_1, i8 %p_ZL19pattern_bytes_SHORT_2, i8 %p_ZL19pattern_bytes_SHORT_3, i8 %p_ZL19pattern_bytes_SHORT_4, i8 %p_ZL19pattern_bytes_SHORT_5, i8 %p_ZL19pattern_bytes_SHORT_6, i8 %p_ZL19pattern_bytes_SHORT_7, i8 %p_ZL19pattern_bytes_SHORT_8, i8 %p_ZL19pattern_bytes_SHORT_9, i8 %p_ZL19pattern_bytes_SHORT_10, i8 %p_ZL19pattern_bytes_SHORT_11, i8 %p_ZL19pattern_bytes_SHORT_12, i8 %p_ZL19pattern_bytes_SHORT_13, i8 %p_ZL19pattern_bytes_SHORT_14, i8 %p_ZL19pattern_bytes_SHORT_15, i12 %pattern_id_SHORT" [/home/m2_2/shared/dat480-final/Project_kernels_HLS_split/src/krnl_proj_split.cpp:216]   --->   Operation 18 'call' 'call_ln216' <Predicate = true> <Delay = 0.00> <CoreType = "Generic">   --->   Core 0 '' <Latency = 0> <II = 1> <Delay = 1.00> <Generic> <Opcode : >
ST_4 : Operation 19 [2/2] (0.00ns)   --->   "%call_ln218 = call void @matcher_engine<957, 214>, i9 %long_bytes, i33 %long_matches, i213 %state, i8 %pattern_len_LONG, i8 %pattern_bytes_LONG, i12 %pattern_id_LONG" [/home/m2_2/shared/dat480-final/Project_kernels_HLS_split/src/krnl_proj_split.cpp:218]   --->   Operation 19 'call' 'call_ln218' <Predicate = true> <Delay = 0.00> <CoreType = "Generic">   --->   Core 0 '' <Latency = 0> <II = 1> <Delay = 1.00> <Generic> <Opcode : >

State 5 <SV = 4> <Delay = 0.00>
ST_5 : Operation 20 [1/2] (0.00ns)   --->   "%call_ln216 = call void @matcher_engine<1720, 16>, i9 %short_bytes, i33 %short_matches, i15 %state_1, i5 %pattern_len_SHORT, i8 %p_ZL19pattern_bytes_SHORT_0, i8 %p_ZL19pattern_bytes_SHORT_1, i8 %p_ZL19pattern_bytes_SHORT_2, i8 %p_ZL19pattern_bytes_SHORT_3, i8 %p_ZL19pattern_bytes_SHORT_4, i8 %p_ZL19pattern_bytes_SHORT_5, i8 %p_ZL19pattern_bytes_SHORT_6, i8 %p_ZL19pattern_bytes_SHORT_7, i8 %p_ZL19pattern_bytes_SHORT_8, i8 %p_ZL19pattern_bytes_SHORT_9, i8 %p_ZL19pattern_bytes_SHORT_10, i8 %p_ZL19pattern_bytes_SHORT_11, i8 %p_ZL19pattern_bytes_SHORT_12, i8 %p_ZL19pattern_bytes_SHORT_13, i8 %p_ZL19pattern_bytes_SHORT_14, i8 %p_ZL19pattern_bytes_SHORT_15, i12 %pattern_id_SHORT" [/home/m2_2/shared/dat480-final/Project_kernels_HLS_split/src/krnl_proj_split.cpp:216]   --->   Operation 20 'call' 'call_ln216' <Predicate = true> <Delay = 0.00> <CoreType = "Generic">   --->   Core 0 '' <Latency = 0> <II = 1> <Delay = 1.00> <Generic> <Opcode : >
ST_5 : Operation 21 [1/2] (0.00ns)   --->   "%call_ln218 = call void @matcher_engine<957, 214>, i9 %long_bytes, i33 %long_matches, i213 %state, i8 %pattern_len_LONG, i8 %pattern_bytes_LONG, i12 %pattern_id_LONG" [/home/m2_2/shared/dat480-final/Project_kernels_HLS_split/src/krnl_proj_split.cpp:218]   --->   Operation 21 'call' 'call_ln218' <Predicate = true> <Delay = 0.00> <CoreType = "Generic">   --->   Core 0 '' <Latency = 0> <II = 1> <Delay = 1.00> <Generic> <Opcode : >

State 6 <SV = 5> <Delay = 1.21>
ST_6 : Operation 22 [2/2] (1.21ns)   --->   "%call_ln220 = call void @merge_matches, i33 %short_matches, i33 %long_matches, i512 %output_stream_V_data_V, i64 %output_stream_V_keep_V, i64 %output_stream_V_strb_V, i1 %output_stream_V_user_V, i1 %output_stream_V_last_V, i1 %output_stream_V_id_V, i16 %output_stream_V_dest_V, i16 %dest_channel" [/home/m2_2/shared/dat480-final/Project_kernels_HLS_split/src/krnl_proj_split.cpp:220]   --->   Operation 22 'call' 'call_ln220' <Predicate = true> <Delay = 1.21> <CoreType = "Generic">   --->   Core 0 '' <Latency = 0> <II = 1> <Delay = 1.00> <Generic> <Opcode : >

State 7 <SV = 6> <Delay = 0.00>
ST_7 : Operation 23 [1/2] (0.00ns)   --->   "%call_ln220 = call void @merge_matches, i33 %short_matches, i33 %long_matches, i512 %output_stream_V_data_V, i64 %output_stream_V_keep_V, i64 %output_stream_V_strb_V, i1 %output_stream_V_user_V, i1 %output_stream_V_last_V, i1 %output_stream_V_id_V, i16 %output_stream_V_dest_V, i16 %dest_channel" [/home/m2_2/shared/dat480-final/Project_kernels_HLS_split/src/krnl_proj_split.cpp:220]   --->   Operation 23 'call' 'call_ln220' <Predicate = true> <Delay = 0.00> <CoreType = "Generic">   --->   Core 0 '' <Latency = 0> <II = 1> <Delay = 1.00> <Generic> <Opcode : >

State 8 <SV = 7> <Delay = 0.00>
ST_8 : Operation 24 [1/1] (0.00ns)   --->   "%specdataflowpipeline_ln201 = specdataflowpipeline void @_ssdm_op_SpecDataflowPipeline, i32 4294967295, i32 0, void @empty_5" [/home/m2_2/shared/dat480-final/Project_kernels_HLS_split/src/krnl_proj_split.cpp:201]   --->   Operation 24 'specdataflowpipeline' 'specdataflowpipeline_ln201' <Predicate = true> <Delay = 0.00>
ST_8 : Operation 25 [1/1] (0.00ns)   --->   "%spectopmodule_ln192 = spectopmodule void @_ssdm_op_SpecTopModule, void @empty_19" [/home/m2_2/shared/dat480-final/Project_kernels_HLS_split/src/krnl_proj_split.cpp:192]   --->   Operation 25 'spectopmodule' 'spectopmodule_ln192' <Predicate = true> <Delay = 0.00>
ST_8 : Operation 26 [1/1] (0.00ns)   --->   "%specinterface_ln192 = specinterface void @_ssdm_op_SpecInterface, i32 0, void @empty_1, i32 0, i32 0, void @empty_5, i32 0, i32 0, void @empty_5, void @empty_5, void @empty_5, i32 0, i32 0, i32 0, i32 0, void @empty_5, void @empty_5, i32 4294967295, i32 0" [/home/m2_2/shared/dat480-final/Project_kernels_HLS_split/src/krnl_proj_split.cpp:192]   --->   Operation 26 'specinterface' 'specinterface_ln192' <Predicate = true> <Delay = 0.00>
ST_8 : Operation 27 [1/1] (0.00ns)   --->   "%specinterface_ln0 = specinterface void @_ssdm_op_SpecInterface, i512 %input_stream_V_data_V, i64 %input_stream_V_keep_V, i64 %input_stream_V_strb_V, i1 %input_stream_V_user_V, i1 %input_stream_V_last_V, i1 %input_stream_V_id_V, i16 %input_stream_V_dest_V, void @empty_7, i32 1, i32 1, void @empty_6, i32 0, i32 0, void @empty_5, void @empty_5, void @empty_5, i32 0, i32 0, i32 0, i32 0, void @empty_5, void @empty_5, i32 4294967295, i32 0"   --->   Operation 27 'specinterface' 'specinterface_ln0' <Predicate = true> <Delay = 0.00>
ST_8 : Operation 28 [1/1] (0.00ns)   --->   "%specbitsmap_ln0 = specbitsmap void @_ssdm_op_SpecBitsMap, i512 %input_stream_V_data_V"   --->   Operation 28 'specbitsmap' 'specbitsmap_ln0' <Predicate = true> <Delay = 0.00>
ST_8 : Operation 29 [1/1] (0.00ns)   --->   "%specbitsmap_ln0 = specbitsmap void @_ssdm_op_SpecBitsMap, i64 %input_stream_V_keep_V"   --->   Operation 29 'specbitsmap' 'specbitsmap_ln0' <Predicate = true> <Delay = 0.00>
ST_8 : Operation 30 [1/1] (0.00ns)   --->   "%specbitsmap_ln0 = specbitsmap void @_ssdm_op_SpecBitsMap, i64 %input_stream_V_strb_V"   --->   Operation 30 'specbitsmap' 'specbitsmap_ln0' <Predicate = true> <Delay = 0.00>
ST_8 : Operation 31 [1/1] (0.00ns)   --->   "%specbitsmap_ln0 = specbitsmap void @_ssdm_op_SpecBitsMap, i1 %input_stream_V_user_V"   --->   Operation 31 'specbitsmap' 'specbitsmap_ln0' <Predicate = true> <Delay = 0.00>
ST_8 : Operation 32 [1/1] (0.00ns)   --->   "%specbitsmap_ln0 = specbitsmap void @_ssdm_op_SpecBitsMap, i1 %input_stream_V_last_V"   --->   Operation 32 'specbitsmap' 'specbitsmap_ln0' <Predicate = true> <Delay = 0.00>
ST_8 : Operation 33 [1/1] (0.00ns)   --->   "%specbitsmap_ln0 = specbitsmap void @_ssdm_op_SpecBitsMap, i1 %input_stream_V_id_V"   --->   Operation 33 'specbitsmap' 'specbitsmap_ln0' <Predicate = true> <Delay = 0.00>
ST_8 : Operation 34 [1/1] (0.00ns)   --->   "%specbitsmap_ln0 = specbitsmap void @_ssdm_op_SpecBitsMap, i16 %input_stream_V_dest_V"   --->   Operation 34 'specbitsmap' 'specbitsmap_ln0' <Predicate = true> <Delay = 0.00>
ST_8 : Operation 35 [1/1] (0.00ns)   --->   "%specinterface_ln0 = specinterface void @_ssdm_op_SpecInterface, i512 %output_stream_V_data_V, i64 %output_stream_V_keep_V, i64 %output_stream_V_strb_V, i1 %output_stream_V_user_V, i1 %output_stream_V_last_V, i1 %output_stream_V_id_V, i16 %output_stream_V_dest_V, void @empty_7, i32 1, i32 1, void @empty_6, i32 0, i32 0, void @empty_5, void @empty_5, void @empty_5, i32 0, i32 0, i32 0, i32 0, void @empty_5, void @empty_5, i32 4294967295, i32 0"   --->   Operation 35 'specinterface' 'specinterface_ln0' <Predicate = true> <Delay = 0.00>
ST_8 : Operation 36 [1/1] (0.00ns)   --->   "%specbitsmap_ln0 = specbitsmap void @_ssdm_op_SpecBitsMap, i512 %output_stream_V_data_V"   --->   Operation 36 'specbitsmap' 'specbitsmap_ln0' <Predicate = true> <Delay = 0.00>
ST_8 : Operation 37 [1/1] (0.00ns)   --->   "%specbitsmap_ln0 = specbitsmap void @_ssdm_op_SpecBitsMap, i64 %output_stream_V_keep_V"   --->   Operation 37 'specbitsmap' 'specbitsmap_ln0' <Predicate = true> <Delay = 0.00>
ST_8 : Operation 38 [1/1] (0.00ns)   --->   "%specbitsmap_ln0 = specbitsmap void @_ssdm_op_SpecBitsMap, i64 %output_stream_V_strb_V"   --->   Operation 38 'specbitsmap' 'specbitsmap_ln0' <Predicate = true> <Delay = 0.00>
ST_8 : Operation 39 [1/1] (0.00ns)   --->   "%specbitsmap_ln0 = specbitsmap void @_ssdm_op_SpecBitsMap, i1 %output_stream_V_user_V"   --->   Operation 39 'specbitsmap' 'specbitsmap_ln0' <Predicate = true> <Delay = 0.00>
ST_8 : Operation 40 [1/1] (0.00ns)   --->   "%specbitsmap_ln0 = specbitsmap void @_ssdm_op_SpecBitsMap, i1 %output_stream_V_last_V"   --->   Operation 40 'specbitsmap' 'specbitsmap_ln0' <Predicate = true> <Delay = 0.00>
ST_8 : Operation 41 [1/1] (0.00ns)   --->   "%specbitsmap_ln0 = specbitsmap void @_ssdm_op_SpecBitsMap, i1 %output_stream_V_id_V"   --->   Operation 41 'specbitsmap' 'specbitsmap_ln0' <Predicate = true> <Delay = 0.00>
ST_8 : Operation 42 [1/1] (0.00ns)   --->   "%specbitsmap_ln0 = specbitsmap void @_ssdm_op_SpecBitsMap, i16 %output_stream_V_dest_V"   --->   Operation 42 'specbitsmap' 'specbitsmap_ln0' <Predicate = true> <Delay = 0.00>
ST_8 : Operation 43 [1/1] (0.00ns)   --->   "%specbitsmap_ln0 = specbitsmap void @_ssdm_op_SpecBitsMap, i64 %processed_bytes"   --->   Operation 43 'specbitsmap' 'specbitsmap_ln0' <Predicate = true> <Delay = 0.00>
ST_8 : Operation 44 [1/1] (0.00ns)   --->   "%specinterface_ln0 = specinterface void @_ssdm_op_SpecInterface, i64 %processed_bytes, void @empty_4, i32 0, i32 0, void @empty_5, i32 0, i32 0, void @empty_3, void @empty_17, void @empty_5, i32 0, i32 0, i32 0, i32 0, void @empty_5, void @empty_5, i32 4294967295, i32 0"   --->   Operation 44 'specinterface' 'specinterface_ln0' <Predicate = true> <Delay = 0.00>
ST_8 : Operation 45 [1/1] (0.00ns)   --->   "%specinterface_ln0 = specinterface void @_ssdm_op_SpecInterface, i64 %processed_bytes, void @empty_16, i32 0, i32 0, void @empty_5, i32 0, i32 0, void @empty_5, void @empty_5, void @empty_5, i32 0, i32 0, i32 0, i32 0, void @empty_5, void @empty_5, i32 4294967295, i32 0"   --->   Operation 45 'specinterface' 'specinterface_ln0' <Predicate = true> <Delay = 0.00>
ST_8 : Operation 46 [1/1] (0.00ns)   --->   "%specbitsmap_ln0 = specbitsmap void @_ssdm_op_SpecBitsMap, i64 %processed_cycles"   --->   Operation 46 'specbitsmap' 'specbitsmap_ln0' <Predicate = true> <Delay = 0.00>
ST_8 : Operation 47 [1/1] (0.00ns)   --->   "%specinterface_ln0 = specinterface void @_ssdm_op_SpecInterface, i64 %processed_cycles, void @empty_4, i32 0, i32 0, void @empty_5, i32 0, i32 0, void @empty_3, void @empty_15, void @empty_5, i32 0, i32 0, i32 0, i32 0, void @empty_5, void @empty_5, i32 4294967295, i32 0"   --->   Operation 47 'specinterface' 'specinterface_ln0' <Predicate = true> <Delay = 0.00>
ST_8 : Operation 48 [1/1] (0.00ns)   --->   "%specinterface_ln0 = specinterface void @_ssdm_op_SpecInterface, i64 %processed_cycles, void @empty_16, i32 0, i32 0, void @empty_5, i32 0, i32 0, void @empty_5, void @empty_5, void @empty_5, i32 0, i32 0, i32 0, i32 0, void @empty_5, void @empty_5, i32 4294967295, i32 0"   --->   Operation 48 'specinterface' 'specinterface_ln0' <Predicate = true> <Delay = 0.00>
ST_8 : Operation 49 [1/1] (0.00ns)   --->   "%specinterface_ln0 = specinterface void @_ssdm_op_SpecInterface, i32 0, void @empty_4, i32 0, i32 0, void @empty_5, i32 0, i32 0, void @empty_3, void @empty_5, void @empty_5, i32 0, i32 0, i32 0, i32 0, void @empty_5, void @empty_5, i32 4294967295, i32 0"   --->   Operation 49 'specinterface' 'specinterface_ln0' <Predicate = true> <Delay = 0.00>
ST_8 : Operation 50 [1/1] (0.00ns)   --->   "%empty = specchannel i32 @_ssdm_op_SpecChannel, void @short_bytes_str, i32 1, void @p_str, void @p_str, i32 64, i32 64, i9 %short_bytes, i9 %short_bytes"   --->   Operation 50 'specchannel' 'empty' <Predicate = true> <Delay = 0.00>
ST_8 : Operation 51 [1/1] (0.00ns)   --->   "%specinterface_ln0 = specinterface void @_ssdm_op_SpecInterface, i9 %short_bytes, void @empty_10, i32 0, i32 0, void @empty_5, i32 0, i32 0, void @empty_5, void @empty_5, void @empty_5, i32 0, i32 0, i32 0, i32 0, void @empty_5, void @empty_5, i32 4294967295, i32 0"   --->   Operation 51 'specinterface' 'specinterface_ln0' <Predicate = true> <Delay = 0.00>
ST_8 : Operation 52 [1/1] (0.00ns)   --->   "%empty_28 = specchannel i32 @_ssdm_op_SpecChannel, void @long_bytes_str, i32 1, void @p_str, void @p_str, i32 64, i32 64, i9 %long_bytes, i9 %long_bytes"   --->   Operation 52 'specchannel' 'empty_28' <Predicate = true> <Delay = 0.00>
ST_8 : Operation 53 [1/1] (0.00ns)   --->   "%specinterface_ln0 = specinterface void @_ssdm_op_SpecInterface, i9 %long_bytes, void @empty_10, i32 0, i32 0, void @empty_5, i32 0, i32 0, void @empty_5, void @empty_5, void @empty_5, i32 0, i32 0, i32 0, i32 0, void @empty_5, void @empty_5, i32 4294967295, i32 0"   --->   Operation 53 'specinterface' 'specinterface_ln0' <Predicate = true> <Delay = 0.00>
ST_8 : Operation 54 [1/1] (0.00ns)   --->   "%empty_29 = specchannel i32 @_ssdm_op_SpecChannel, void @short_matches_str, i32 1, void @p_str, void @p_str, i32 64, i32 64, i33 %short_matches, i33 %short_matches"   --->   Operation 54 'specchannel' 'empty_29' <Predicate = true> <Delay = 0.00>
ST_8 : Operation 55 [1/1] (0.00ns)   --->   "%specinterface_ln0 = specinterface void @_ssdm_op_SpecInterface, i33 %short_matches, void @empty_10, i32 0, i32 0, void @empty_5, i32 0, i32 0, void @empty_5, void @empty_5, void @empty_5, i32 0, i32 0, i32 0, i32 0, void @empty_5, void @empty_5, i32 4294967295, i32 0"   --->   Operation 55 'specinterface' 'specinterface_ln0' <Predicate = true> <Delay = 0.00>
ST_8 : Operation 56 [1/1] (0.00ns)   --->   "%empty_30 = specchannel i32 @_ssdm_op_SpecChannel, void @long_matches_str, i32 1, void @p_str, void @p_str, i32 64, i32 64, i33 %long_matches, i33 %long_matches"   --->   Operation 56 'specchannel' 'empty_30' <Predicate = true> <Delay = 0.00>
ST_8 : Operation 57 [1/1] (0.00ns)   --->   "%specinterface_ln0 = specinterface void @_ssdm_op_SpecInterface, i33 %long_matches, void @empty_10, i32 0, i32 0, void @empty_5, i32 0, i32 0, void @empty_5, void @empty_5, void @empty_5, i32 0, i32 0, i32 0, i32 0, void @empty_5, void @empty_5, i32 4294967295, i32 0"   --->   Operation 57 'specinterface' 'specinterface_ln0' <Predicate = true> <Delay = 0.00>
ST_8 : Operation 58 [1/1] (0.00ns)   --->   "%specaxissidechannel_ln224 = specaxissidechannel void @_ssdm_op_SpecAXISSideChannel, i512 %output_stream_V_data_V, i64 %output_stream_V_keep_V, i64 %output_stream_V_strb_V, i1 %output_stream_V_user_V, i1 %output_stream_V_last_V, i1 %output_stream_V_id_V, i16 %output_stream_V_dest_V, void @empty_11" [/home/m2_2/shared/dat480-final/Project_kernels_HLS_split/src/krnl_proj_split.cpp:224]   --->   Operation 58 'specaxissidechannel' 'specaxissidechannel_ln224' <Predicate = true> <Delay = 0.00>
ST_8 : Operation 59 [1/1] (0.00ns)   --->   "%specaxissidechannel_ln224 = specaxissidechannel void @_ssdm_op_SpecAXISSideChannel, i512 %input_stream_V_data_V, i64 %input_stream_V_keep_V, i64 %input_stream_V_strb_V, i1 %input_stream_V_user_V, i1 %input_stream_V_last_V, i1 %input_stream_V_id_V, i16 %input_stream_V_dest_V, void @empty_2" [/home/m2_2/shared/dat480-final/Project_kernels_HLS_split/src/krnl_proj_split.cpp:224]   --->   Operation 59 'specaxissidechannel' 'specaxissidechannel_ln224' <Predicate = true> <Delay = 0.00>
ST_8 : Operation 60 [1/1] (0.00ns)   --->   "%ret_ln224 = ret" [/home/m2_2/shared/dat480-final/Project_kernels_HLS_split/src/krnl_proj_split.cpp:224]   --->   Operation 60 'ret' 'ret_ln224' <Predicate = true> <Delay = 0.00>


============================================================
+ Verbose Summary: Timing violations
============================================================
Target clock period: 3.333ns, clock uncertainty: 0.900ns.

 <State 1>: 0.000ns
The critical path consists of the following:

 <State 2>: 0.000ns
The critical path consists of the following:

 <State 3>: 1.217ns
The critical path consists of the following:
	'call' operation 80 bit ('call_ret', /home/m2_2/shared/dat480-final/Project_kernels_HLS_split/src/krnl_proj_split.cpp:215) to 'input_split' [80]  (0.000 ns)
	'call' operation 0 bit ('call_ln215', /home/m2_2/shared/dat480-final/Project_kernels_HLS_split/src/krnl_proj_split.cpp:215) to 'Block_entry211_proc' [86]  (1.217 ns)

 <State 4>: 0.000ns
The critical path consists of the following:

 <State 5>: 0.000ns
The critical path consists of the following:

 <State 6>: 1.217ns
The critical path consists of the following:
	'call' operation 0 bit ('call_ln220', /home/m2_2/shared/dat480-final/Project_kernels_HLS_split/src/krnl_proj_split.cpp:220) to 'merge_matches' [85]  (1.217 ns)

 <State 7>: 0.000ns
The critical path consists of the following:

 <State 8>: 0.000ns
The critical path consists of the following:


============================================================
+ Verbose Summary: Binding
============================================================
N/A
* FSMD analyzer results:
  - Output states:
 - Input state : 
  - Chain level:
	State 1
	State 2
	State 3
	State 4
	State 5
	State 6
	State 7
	State 8


============================================================
+ Verbose Summary: Datapath Resource usage 
============================================================
N/A
