

================================================================
== Vitis HLS Report for 'matcher_engine_957_214_Pipeline_match_mask_loop'
================================================================
* Date:           Sat Jan 17 14:12:01 2026

* Version:        2023.2 (Build 4023990 on Oct 11 2023)
* Project:        krnl_proj_split
* Solution:       hls (Vitis Kernel Flow Target)
* Product family: virtexuplusHBM
* Target device:  xcu55c-fsvh2892-2L-e


================================================================
== Performance Estimates
================================================================
+ Timing: 
    * Summary: 
    +--------+---------+----------+------------+
    |  Clock |  Target | Estimated| Uncertainty|
    +--------+---------+----------+------------+
    |ap_clk  |  3.33 ns|  2.432 ns|     0.90 ns|
    +--------+---------+----------+------------+

+ Latency: 
    * Summary: 
    +---------+---------+----------+----------+-----+-----+---------+
    |  Latency (cycles) |  Latency (absolute) |  Interval | Pipeline|
    |   min   |   max   |    min   |    max   | min | max |   Type  |
    +---------+---------+----------+----------+-----+-----+---------+
    |      217|      217|  0.723 us|  0.723 us|  217|  217|       no|
    +---------+---------+----------+----------+-----+-----+---------+

    + Detail: 
        * Instance: 
        N/A

        * Loop: 
        +-------------------+---------+---------+----------+-----------+-----------+------+----------+
        |                   |  Latency (cycles) | Iteration|  Initiation Interval  | Trip |          |
        |     Loop Name     |   min   |   max   |  Latency |  achieved |   target  | Count| Pipelined|
        +-------------------+---------+---------+----------+-----------+-----------+------+----------+
        |- match_mask_loop  |      215|      215|         3|          1|          1|   214|       yes|
        +-------------------+---------+---------+----------+-----------+-----------+------+----------+

============================================================
+ Verbose Summary: Synthesis Manager
============================================================
InlineROM: 1
ExposeGlobal: 0
============================================================
+ Verbose Summary: CDFG Model
============================================================
IsTopModel: 0
ResetActiveHigh: 1
IsCombinational: 0
IsDatapathOnly: 0
HasWiredReturn: 1
HasMFsm: 2
HasVarLatency: 1
IsPipeline: 0
IsRtlPipelined: 0
IsInstanceOverlapped: 0
IsDontTouch: 0
HasImplIP: 0
IsGatedGlobalClock: 0

+ Individual pipeline summary: 
  * Pipeline-0: initiation interval (II) = 1, depth = 3


============================================================
+ Verbose Summary: Schedule
============================================================
* Number of FSM states : 3
* Pipeline : 1
  Pipeline-0 : II = 1, D = 3, States = { 1 2 3 }
* Dataflow Pipeline: 0

* FSM state transitions: 
1 --> 2 
2 --> 3 
3 --> 

* FSM state operations: 

State 1 <SV = 0> <Delay = 2.43>
ST_1 : Operation 6 [1/1] (0.00ns)   --->   "%match_mask = alloca i32 1" [/home/m2_2/shared/dat480-final/Project_kernels_HLS_split/src/krnl_proj_split.cpp:105]   --->   Operation 6 'alloca' 'match_mask' <Predicate = true> <Delay = 0.00>
ST_1 : Operation 7 [1/1] (0.00ns)   --->   "%k = alloca i32 1" [/home/m2_2/shared/dat480-final/Project_kernels_HLS_split/src/krnl_proj_split.cpp:112]   --->   Operation 7 'alloca' 'k' <Predicate = true> <Delay = 0.00>
ST_1 : Operation 8 [1/1] (0.00ns)   --->   "%dec_255_read = read i1 @_ssdm_op_Read.ap_auto.i1, i1 %dec_255"   --->   Operation 8 'read' 'dec_255_read' <Predicate = true> <Delay = 0.00>
ST_1 : Operation 9 [1/1] (0.00ns)   --->   "%dec_254_read = read i1 @_ssdm_op_Read.ap_auto.i1, i1 %dec_254"   --->   Operation 9 'read' 'dec_254_read' <Predicate = true> <Delay = 0.00>
ST_1 : Operation 10 [1/1] (0.00ns)   --->   "%dec_253_read = read i1 @_ssdm_op_Read.ap_auto.i1, i1 %dec_253"   --->   Operation 10 'read' 'dec_253_read' <Predicate = true> <Delay = 0.00>
ST_1 : Operation 11 [1/1] (0.00ns)   --->   "%dec_252_read = read i1 @_ssdm_op_Read.ap_auto.i1, i1 %dec_252"   --->   Operation 11 'read' 'dec_252_read' <Predicate = true> <Delay = 0.00>
ST_1 : Operation 12 [1/1] (0.00ns)   --->   "%dec_251_read = read i1 @_ssdm_op_Read.ap_auto.i1, i1 %dec_251"   --->   Operation 12 'read' 'dec_251_read' <Predicate = true> <Delay = 0.00>
ST_1 : Operation 13 [1/1] (0.00ns)   --->   "%dec_250_read = read i1 @_ssdm_op_Read.ap_auto.i1, i1 %dec_250"   --->   Operation 13 'read' 'dec_250_read' <Predicate = true> <Delay = 0.00>
ST_1 : Operation 14 [1/1] (0.00ns)   --->   "%dec_249_read = read i1 @_ssdm_op_Read.ap_auto.i1, i1 %dec_249"   --->   Operation 14 'read' 'dec_249_read' <Predicate = true> <Delay = 0.00>
ST_1 : Operation 15 [1/1] (0.00ns)   --->   "%dec_248_read = read i1 @_ssdm_op_Read.ap_auto.i1, i1 %dec_248"   --->   Operation 15 'read' 'dec_248_read' <Predicate = true> <Delay = 0.00>
ST_1 : Operation 16 [1/1] (0.00ns)   --->   "%dec_247_read = read i1 @_ssdm_op_Read.ap_auto.i1, i1 %dec_247"   --->   Operation 16 'read' 'dec_247_read' <Predicate = true> <Delay = 0.00>
ST_1 : Operation 17 [1/1] (0.00ns)   --->   "%dec_246_read = read i1 @_ssdm_op_Read.ap_auto.i1, i1 %dec_246"   --->   Operation 17 'read' 'dec_246_read' <Predicate = true> <Delay = 0.00>
ST_1 : Operation 18 [1/1] (0.00ns)   --->   "%dec_245_read = read i1 @_ssdm_op_Read.ap_auto.i1, i1 %dec_245"   --->   Operation 18 'read' 'dec_245_read' <Predicate = true> <Delay = 0.00>
ST_1 : Operation 19 [1/1] (0.00ns)   --->   "%dec_244_read = read i1 @_ssdm_op_Read.ap_auto.i1, i1 %dec_244"   --->   Operation 19 'read' 'dec_244_read' <Predicate = true> <Delay = 0.00>
ST_1 : Operation 20 [1/1] (0.00ns)   --->   "%dec_243_read = read i1 @_ssdm_op_Read.ap_auto.i1, i1 %dec_243"   --->   Operation 20 'read' 'dec_243_read' <Predicate = true> <Delay = 0.00>
ST_1 : Operation 21 [1/1] (0.00ns)   --->   "%dec_242_read = read i1 @_ssdm_op_Read.ap_auto.i1, i1 %dec_242"   --->   Operation 21 'read' 'dec_242_read' <Predicate = true> <Delay = 0.00>
ST_1 : Operation 22 [1/1] (0.00ns)   --->   "%dec_241_read = read i1 @_ssdm_op_Read.ap_auto.i1, i1 %dec_241"   --->   Operation 22 'read' 'dec_241_read' <Predicate = true> <Delay = 0.00>
ST_1 : Operation 23 [1/1] (0.00ns)   --->   "%dec_240_read = read i1 @_ssdm_op_Read.ap_auto.i1, i1 %dec_240"   --->   Operation 23 'read' 'dec_240_read' <Predicate = true> <Delay = 0.00>
ST_1 : Operation 24 [1/1] (0.00ns)   --->   "%dec_239_read = read i1 @_ssdm_op_Read.ap_auto.i1, i1 %dec_239"   --->   Operation 24 'read' 'dec_239_read' <Predicate = true> <Delay = 0.00>
ST_1 : Operation 25 [1/1] (0.00ns)   --->   "%dec_238_read = read i1 @_ssdm_op_Read.ap_auto.i1, i1 %dec_238"   --->   Operation 25 'read' 'dec_238_read' <Predicate = true> <Delay = 0.00>
ST_1 : Operation 26 [1/1] (0.00ns)   --->   "%dec_237_read = read i1 @_ssdm_op_Read.ap_auto.i1, i1 %dec_237"   --->   Operation 26 'read' 'dec_237_read' <Predicate = true> <Delay = 0.00>
ST_1 : Operation 27 [1/1] (0.00ns)   --->   "%dec_236_read = read i1 @_ssdm_op_Read.ap_auto.i1, i1 %dec_236"   --->   Operation 27 'read' 'dec_236_read' <Predicate = true> <Delay = 0.00>
ST_1 : Operation 28 [1/1] (0.00ns)   --->   "%dec_235_read = read i1 @_ssdm_op_Read.ap_auto.i1, i1 %dec_235"   --->   Operation 28 'read' 'dec_235_read' <Predicate = true> <Delay = 0.00>
ST_1 : Operation 29 [1/1] (0.00ns)   --->   "%dec_234_read = read i1 @_ssdm_op_Read.ap_auto.i1, i1 %dec_234"   --->   Operation 29 'read' 'dec_234_read' <Predicate = true> <Delay = 0.00>
ST_1 : Operation 30 [1/1] (0.00ns)   --->   "%dec_233_read = read i1 @_ssdm_op_Read.ap_auto.i1, i1 %dec_233"   --->   Operation 30 'read' 'dec_233_read' <Predicate = true> <Delay = 0.00>
ST_1 : Operation 31 [1/1] (0.00ns)   --->   "%dec_232_read = read i1 @_ssdm_op_Read.ap_auto.i1, i1 %dec_232"   --->   Operation 31 'read' 'dec_232_read' <Predicate = true> <Delay = 0.00>
ST_1 : Operation 32 [1/1] (0.00ns)   --->   "%dec_231_read = read i1 @_ssdm_op_Read.ap_auto.i1, i1 %dec_231"   --->   Operation 32 'read' 'dec_231_read' <Predicate = true> <Delay = 0.00>
ST_1 : Operation 33 [1/1] (0.00ns)   --->   "%dec_230_read = read i1 @_ssdm_op_Read.ap_auto.i1, i1 %dec_230"   --->   Operation 33 'read' 'dec_230_read' <Predicate = true> <Delay = 0.00>
ST_1 : Operation 34 [1/1] (0.00ns)   --->   "%dec_229_read = read i1 @_ssdm_op_Read.ap_auto.i1, i1 %dec_229"   --->   Operation 34 'read' 'dec_229_read' <Predicate = true> <Delay = 0.00>
ST_1 : Operation 35 [1/1] (0.00ns)   --->   "%dec_228_read = read i1 @_ssdm_op_Read.ap_auto.i1, i1 %dec_228"   --->   Operation 35 'read' 'dec_228_read' <Predicate = true> <Delay = 0.00>
ST_1 : Operation 36 [1/1] (0.00ns)   --->   "%dec_227_read = read i1 @_ssdm_op_Read.ap_auto.i1, i1 %dec_227"   --->   Operation 36 'read' 'dec_227_read' <Predicate = true> <Delay = 0.00>
ST_1 : Operation 37 [1/1] (0.00ns)   --->   "%dec_226_read = read i1 @_ssdm_op_Read.ap_auto.i1, i1 %dec_226"   --->   Operation 37 'read' 'dec_226_read' <Predicate = true> <Delay = 0.00>
ST_1 : Operation 38 [1/1] (0.00ns)   --->   "%dec_225_read = read i1 @_ssdm_op_Read.ap_auto.i1, i1 %dec_225"   --->   Operation 38 'read' 'dec_225_read' <Predicate = true> <Delay = 0.00>
ST_1 : Operation 39 [1/1] (0.00ns)   --->   "%dec_224_read = read i1 @_ssdm_op_Read.ap_auto.i1, i1 %dec_224"   --->   Operation 39 'read' 'dec_224_read' <Predicate = true> <Delay = 0.00>
ST_1 : Operation 40 [1/1] (0.00ns)   --->   "%dec_223_read = read i1 @_ssdm_op_Read.ap_auto.i1, i1 %dec_223"   --->   Operation 40 'read' 'dec_223_read' <Predicate = true> <Delay = 0.00>
ST_1 : Operation 41 [1/1] (0.00ns)   --->   "%dec_222_read = read i1 @_ssdm_op_Read.ap_auto.i1, i1 %dec_222"   --->   Operation 41 'read' 'dec_222_read' <Predicate = true> <Delay = 0.00>
ST_1 : Operation 42 [1/1] (0.00ns)   --->   "%dec_221_read = read i1 @_ssdm_op_Read.ap_auto.i1, i1 %dec_221"   --->   Operation 42 'read' 'dec_221_read' <Predicate = true> <Delay = 0.00>
ST_1 : Operation 43 [1/1] (0.00ns)   --->   "%dec_220_read = read i1 @_ssdm_op_Read.ap_auto.i1, i1 %dec_220"   --->   Operation 43 'read' 'dec_220_read' <Predicate = true> <Delay = 0.00>
ST_1 : Operation 44 [1/1] (0.00ns)   --->   "%dec_219_read = read i1 @_ssdm_op_Read.ap_auto.i1, i1 %dec_219"   --->   Operation 44 'read' 'dec_219_read' <Predicate = true> <Delay = 0.00>
ST_1 : Operation 45 [1/1] (0.00ns)   --->   "%dec_218_read = read i1 @_ssdm_op_Read.ap_auto.i1, i1 %dec_218"   --->   Operation 45 'read' 'dec_218_read' <Predicate = true> <Delay = 0.00>
ST_1 : Operation 46 [1/1] (0.00ns)   --->   "%dec_217_read = read i1 @_ssdm_op_Read.ap_auto.i1, i1 %dec_217"   --->   Operation 46 'read' 'dec_217_read' <Predicate = true> <Delay = 0.00>
ST_1 : Operation 47 [1/1] (0.00ns)   --->   "%dec_216_read = read i1 @_ssdm_op_Read.ap_auto.i1, i1 %dec_216"   --->   Operation 47 'read' 'dec_216_read' <Predicate = true> <Delay = 0.00>
ST_1 : Operation 48 [1/1] (0.00ns)   --->   "%dec_215_read = read i1 @_ssdm_op_Read.ap_auto.i1, i1 %dec_215"   --->   Operation 48 'read' 'dec_215_read' <Predicate = true> <Delay = 0.00>
ST_1 : Operation 49 [1/1] (0.00ns)   --->   "%dec_214_read = read i1 @_ssdm_op_Read.ap_auto.i1, i1 %dec_214"   --->   Operation 49 'read' 'dec_214_read' <Predicate = true> <Delay = 0.00>
ST_1 : Operation 50 [1/1] (0.00ns)   --->   "%dec_213_read = read i1 @_ssdm_op_Read.ap_auto.i1, i1 %dec_213"   --->   Operation 50 'read' 'dec_213_read' <Predicate = true> <Delay = 0.00>
ST_1 : Operation 51 [1/1] (0.00ns)   --->   "%dec_212_read = read i1 @_ssdm_op_Read.ap_auto.i1, i1 %dec_212"   --->   Operation 51 'read' 'dec_212_read' <Predicate = true> <Delay = 0.00>
ST_1 : Operation 52 [1/1] (0.00ns)   --->   "%dec_211_read = read i1 @_ssdm_op_Read.ap_auto.i1, i1 %dec_211"   --->   Operation 52 'read' 'dec_211_read' <Predicate = true> <Delay = 0.00>
ST_1 : Operation 53 [1/1] (0.00ns)   --->   "%dec_210_read = read i1 @_ssdm_op_Read.ap_auto.i1, i1 %dec_210"   --->   Operation 53 'read' 'dec_210_read' <Predicate = true> <Delay = 0.00>
ST_1 : Operation 54 [1/1] (0.00ns)   --->   "%dec_209_read = read i1 @_ssdm_op_Read.ap_auto.i1, i1 %dec_209"   --->   Operation 54 'read' 'dec_209_read' <Predicate = true> <Delay = 0.00>
ST_1 : Operation 55 [1/1] (0.00ns)   --->   "%dec_208_read = read i1 @_ssdm_op_Read.ap_auto.i1, i1 %dec_208"   --->   Operation 55 'read' 'dec_208_read' <Predicate = true> <Delay = 0.00>
ST_1 : Operation 56 [1/1] (0.00ns)   --->   "%dec_207_read = read i1 @_ssdm_op_Read.ap_auto.i1, i1 %dec_207"   --->   Operation 56 'read' 'dec_207_read' <Predicate = true> <Delay = 0.00>
ST_1 : Operation 57 [1/1] (0.00ns)   --->   "%dec_206_read = read i1 @_ssdm_op_Read.ap_auto.i1, i1 %dec_206"   --->   Operation 57 'read' 'dec_206_read' <Predicate = true> <Delay = 0.00>
ST_1 : Operation 58 [1/1] (0.00ns)   --->   "%dec_205_read = read i1 @_ssdm_op_Read.ap_auto.i1, i1 %dec_205"   --->   Operation 58 'read' 'dec_205_read' <Predicate = true> <Delay = 0.00>
ST_1 : Operation 59 [1/1] (0.00ns)   --->   "%dec_204_read = read i1 @_ssdm_op_Read.ap_auto.i1, i1 %dec_204"   --->   Operation 59 'read' 'dec_204_read' <Predicate = true> <Delay = 0.00>
ST_1 : Operation 60 [1/1] (0.00ns)   --->   "%dec_203_read = read i1 @_ssdm_op_Read.ap_auto.i1, i1 %dec_203"   --->   Operation 60 'read' 'dec_203_read' <Predicate = true> <Delay = 0.00>
ST_1 : Operation 61 [1/1] (0.00ns)   --->   "%dec_202_read = read i1 @_ssdm_op_Read.ap_auto.i1, i1 %dec_202"   --->   Operation 61 'read' 'dec_202_read' <Predicate = true> <Delay = 0.00>
ST_1 : Operation 62 [1/1] (0.00ns)   --->   "%dec_201_read = read i1 @_ssdm_op_Read.ap_auto.i1, i1 %dec_201"   --->   Operation 62 'read' 'dec_201_read' <Predicate = true> <Delay = 0.00>
ST_1 : Operation 63 [1/1] (0.00ns)   --->   "%dec_200_read = read i1 @_ssdm_op_Read.ap_auto.i1, i1 %dec_200"   --->   Operation 63 'read' 'dec_200_read' <Predicate = true> <Delay = 0.00>
ST_1 : Operation 64 [1/1] (0.00ns)   --->   "%dec_199_read = read i1 @_ssdm_op_Read.ap_auto.i1, i1 %dec_199"   --->   Operation 64 'read' 'dec_199_read' <Predicate = true> <Delay = 0.00>
ST_1 : Operation 65 [1/1] (0.00ns)   --->   "%dec_198_read = read i1 @_ssdm_op_Read.ap_auto.i1, i1 %dec_198"   --->   Operation 65 'read' 'dec_198_read' <Predicate = true> <Delay = 0.00>
ST_1 : Operation 66 [1/1] (0.00ns)   --->   "%dec_197_read = read i1 @_ssdm_op_Read.ap_auto.i1, i1 %dec_197"   --->   Operation 66 'read' 'dec_197_read' <Predicate = true> <Delay = 0.00>
ST_1 : Operation 67 [1/1] (0.00ns)   --->   "%dec_196_read = read i1 @_ssdm_op_Read.ap_auto.i1, i1 %dec_196"   --->   Operation 67 'read' 'dec_196_read' <Predicate = true> <Delay = 0.00>
ST_1 : Operation 68 [1/1] (0.00ns)   --->   "%dec_195_read = read i1 @_ssdm_op_Read.ap_auto.i1, i1 %dec_195"   --->   Operation 68 'read' 'dec_195_read' <Predicate = true> <Delay = 0.00>
ST_1 : Operation 69 [1/1] (0.00ns)   --->   "%dec_194_read = read i1 @_ssdm_op_Read.ap_auto.i1, i1 %dec_194"   --->   Operation 69 'read' 'dec_194_read' <Predicate = true> <Delay = 0.00>
ST_1 : Operation 70 [1/1] (0.00ns)   --->   "%dec_193_read = read i1 @_ssdm_op_Read.ap_auto.i1, i1 %dec_193"   --->   Operation 70 'read' 'dec_193_read' <Predicate = true> <Delay = 0.00>
ST_1 : Operation 71 [1/1] (0.00ns)   --->   "%dec_192_read = read i1 @_ssdm_op_Read.ap_auto.i1, i1 %dec_192"   --->   Operation 71 'read' 'dec_192_read' <Predicate = true> <Delay = 0.00>
ST_1 : Operation 72 [1/1] (0.00ns)   --->   "%dec_191_read = read i1 @_ssdm_op_Read.ap_auto.i1, i1 %dec_191"   --->   Operation 72 'read' 'dec_191_read' <Predicate = true> <Delay = 0.00>
ST_1 : Operation 73 [1/1] (0.00ns)   --->   "%dec_190_read = read i1 @_ssdm_op_Read.ap_auto.i1, i1 %dec_190"   --->   Operation 73 'read' 'dec_190_read' <Predicate = true> <Delay = 0.00>
ST_1 : Operation 74 [1/1] (0.00ns)   --->   "%dec_189_read = read i1 @_ssdm_op_Read.ap_auto.i1, i1 %dec_189"   --->   Operation 74 'read' 'dec_189_read' <Predicate = true> <Delay = 0.00>
ST_1 : Operation 75 [1/1] (0.00ns)   --->   "%dec_188_read = read i1 @_ssdm_op_Read.ap_auto.i1, i1 %dec_188"   --->   Operation 75 'read' 'dec_188_read' <Predicate = true> <Delay = 0.00>
ST_1 : Operation 76 [1/1] (0.00ns)   --->   "%dec_187_read = read i1 @_ssdm_op_Read.ap_auto.i1, i1 %dec_187"   --->   Operation 76 'read' 'dec_187_read' <Predicate = true> <Delay = 0.00>
ST_1 : Operation 77 [1/1] (0.00ns)   --->   "%dec_186_read = read i1 @_ssdm_op_Read.ap_auto.i1, i1 %dec_186"   --->   Operation 77 'read' 'dec_186_read' <Predicate = true> <Delay = 0.00>
ST_1 : Operation 78 [1/1] (0.00ns)   --->   "%dec_185_read = read i1 @_ssdm_op_Read.ap_auto.i1, i1 %dec_185"   --->   Operation 78 'read' 'dec_185_read' <Predicate = true> <Delay = 0.00>
ST_1 : Operation 79 [1/1] (0.00ns)   --->   "%dec_184_read = read i1 @_ssdm_op_Read.ap_auto.i1, i1 %dec_184"   --->   Operation 79 'read' 'dec_184_read' <Predicate = true> <Delay = 0.00>
ST_1 : Operation 80 [1/1] (0.00ns)   --->   "%dec_183_read = read i1 @_ssdm_op_Read.ap_auto.i1, i1 %dec_183"   --->   Operation 80 'read' 'dec_183_read' <Predicate = true> <Delay = 0.00>
ST_1 : Operation 81 [1/1] (0.00ns)   --->   "%dec_182_read = read i1 @_ssdm_op_Read.ap_auto.i1, i1 %dec_182"   --->   Operation 81 'read' 'dec_182_read' <Predicate = true> <Delay = 0.00>
ST_1 : Operation 82 [1/1] (0.00ns)   --->   "%dec_181_read = read i1 @_ssdm_op_Read.ap_auto.i1, i1 %dec_181"   --->   Operation 82 'read' 'dec_181_read' <Predicate = true> <Delay = 0.00>
ST_1 : Operation 83 [1/1] (0.00ns)   --->   "%dec_180_read = read i1 @_ssdm_op_Read.ap_auto.i1, i1 %dec_180"   --->   Operation 83 'read' 'dec_180_read' <Predicate = true> <Delay = 0.00>
ST_1 : Operation 84 [1/1] (0.00ns)   --->   "%dec_179_read = read i1 @_ssdm_op_Read.ap_auto.i1, i1 %dec_179"   --->   Operation 84 'read' 'dec_179_read' <Predicate = true> <Delay = 0.00>
ST_1 : Operation 85 [1/1] (0.00ns)   --->   "%dec_178_read = read i1 @_ssdm_op_Read.ap_auto.i1, i1 %dec_178"   --->   Operation 85 'read' 'dec_178_read' <Predicate = true> <Delay = 0.00>
ST_1 : Operation 86 [1/1] (0.00ns)   --->   "%dec_177_read = read i1 @_ssdm_op_Read.ap_auto.i1, i1 %dec_177"   --->   Operation 86 'read' 'dec_177_read' <Predicate = true> <Delay = 0.00>
ST_1 : Operation 87 [1/1] (0.00ns)   --->   "%dec_176_read = read i1 @_ssdm_op_Read.ap_auto.i1, i1 %dec_176"   --->   Operation 87 'read' 'dec_176_read' <Predicate = true> <Delay = 0.00>
ST_1 : Operation 88 [1/1] (0.00ns)   --->   "%dec_175_read = read i1 @_ssdm_op_Read.ap_auto.i1, i1 %dec_175"   --->   Operation 88 'read' 'dec_175_read' <Predicate = true> <Delay = 0.00>
ST_1 : Operation 89 [1/1] (0.00ns)   --->   "%dec_174_read = read i1 @_ssdm_op_Read.ap_auto.i1, i1 %dec_174"   --->   Operation 89 'read' 'dec_174_read' <Predicate = true> <Delay = 0.00>
ST_1 : Operation 90 [1/1] (0.00ns)   --->   "%dec_173_read = read i1 @_ssdm_op_Read.ap_auto.i1, i1 %dec_173"   --->   Operation 90 'read' 'dec_173_read' <Predicate = true> <Delay = 0.00>
ST_1 : Operation 91 [1/1] (0.00ns)   --->   "%dec_172_read = read i1 @_ssdm_op_Read.ap_auto.i1, i1 %dec_172"   --->   Operation 91 'read' 'dec_172_read' <Predicate = true> <Delay = 0.00>
ST_1 : Operation 92 [1/1] (0.00ns)   --->   "%dec_171_read = read i1 @_ssdm_op_Read.ap_auto.i1, i1 %dec_171"   --->   Operation 92 'read' 'dec_171_read' <Predicate = true> <Delay = 0.00>
ST_1 : Operation 93 [1/1] (0.00ns)   --->   "%dec_170_read = read i1 @_ssdm_op_Read.ap_auto.i1, i1 %dec_170"   --->   Operation 93 'read' 'dec_170_read' <Predicate = true> <Delay = 0.00>
ST_1 : Operation 94 [1/1] (0.00ns)   --->   "%dec_169_read = read i1 @_ssdm_op_Read.ap_auto.i1, i1 %dec_169"   --->   Operation 94 'read' 'dec_169_read' <Predicate = true> <Delay = 0.00>
ST_1 : Operation 95 [1/1] (0.00ns)   --->   "%dec_168_read = read i1 @_ssdm_op_Read.ap_auto.i1, i1 %dec_168"   --->   Operation 95 'read' 'dec_168_read' <Predicate = true> <Delay = 0.00>
ST_1 : Operation 96 [1/1] (0.00ns)   --->   "%dec_167_read = read i1 @_ssdm_op_Read.ap_auto.i1, i1 %dec_167"   --->   Operation 96 'read' 'dec_167_read' <Predicate = true> <Delay = 0.00>
ST_1 : Operation 97 [1/1] (0.00ns)   --->   "%dec_166_read = read i1 @_ssdm_op_Read.ap_auto.i1, i1 %dec_166"   --->   Operation 97 'read' 'dec_166_read' <Predicate = true> <Delay = 0.00>
ST_1 : Operation 98 [1/1] (0.00ns)   --->   "%dec_165_read = read i1 @_ssdm_op_Read.ap_auto.i1, i1 %dec_165"   --->   Operation 98 'read' 'dec_165_read' <Predicate = true> <Delay = 0.00>
ST_1 : Operation 99 [1/1] (0.00ns)   --->   "%dec_164_read = read i1 @_ssdm_op_Read.ap_auto.i1, i1 %dec_164"   --->   Operation 99 'read' 'dec_164_read' <Predicate = true> <Delay = 0.00>
ST_1 : Operation 100 [1/1] (0.00ns)   --->   "%dec_163_read = read i1 @_ssdm_op_Read.ap_auto.i1, i1 %dec_163"   --->   Operation 100 'read' 'dec_163_read' <Predicate = true> <Delay = 0.00>
ST_1 : Operation 101 [1/1] (0.00ns)   --->   "%dec_162_read = read i1 @_ssdm_op_Read.ap_auto.i1, i1 %dec_162"   --->   Operation 101 'read' 'dec_162_read' <Predicate = true> <Delay = 0.00>
ST_1 : Operation 102 [1/1] (0.00ns)   --->   "%dec_161_read = read i1 @_ssdm_op_Read.ap_auto.i1, i1 %dec_161"   --->   Operation 102 'read' 'dec_161_read' <Predicate = true> <Delay = 0.00>
ST_1 : Operation 103 [1/1] (0.00ns)   --->   "%dec_160_read = read i1 @_ssdm_op_Read.ap_auto.i1, i1 %dec_160"   --->   Operation 103 'read' 'dec_160_read' <Predicate = true> <Delay = 0.00>
ST_1 : Operation 104 [1/1] (0.00ns)   --->   "%dec_159_read = read i1 @_ssdm_op_Read.ap_auto.i1, i1 %dec_159"   --->   Operation 104 'read' 'dec_159_read' <Predicate = true> <Delay = 0.00>
ST_1 : Operation 105 [1/1] (0.00ns)   --->   "%dec_158_read = read i1 @_ssdm_op_Read.ap_auto.i1, i1 %dec_158"   --->   Operation 105 'read' 'dec_158_read' <Predicate = true> <Delay = 0.00>
ST_1 : Operation 106 [1/1] (0.00ns)   --->   "%dec_157_read = read i1 @_ssdm_op_Read.ap_auto.i1, i1 %dec_157"   --->   Operation 106 'read' 'dec_157_read' <Predicate = true> <Delay = 0.00>
ST_1 : Operation 107 [1/1] (0.00ns)   --->   "%dec_156_read = read i1 @_ssdm_op_Read.ap_auto.i1, i1 %dec_156"   --->   Operation 107 'read' 'dec_156_read' <Predicate = true> <Delay = 0.00>
ST_1 : Operation 108 [1/1] (0.00ns)   --->   "%dec_155_read = read i1 @_ssdm_op_Read.ap_auto.i1, i1 %dec_155"   --->   Operation 108 'read' 'dec_155_read' <Predicate = true> <Delay = 0.00>
ST_1 : Operation 109 [1/1] (0.00ns)   --->   "%dec_154_read = read i1 @_ssdm_op_Read.ap_auto.i1, i1 %dec_154"   --->   Operation 109 'read' 'dec_154_read' <Predicate = true> <Delay = 0.00>
ST_1 : Operation 110 [1/1] (0.00ns)   --->   "%dec_153_read = read i1 @_ssdm_op_Read.ap_auto.i1, i1 %dec_153"   --->   Operation 110 'read' 'dec_153_read' <Predicate = true> <Delay = 0.00>
ST_1 : Operation 111 [1/1] (0.00ns)   --->   "%dec_152_read = read i1 @_ssdm_op_Read.ap_auto.i1, i1 %dec_152"   --->   Operation 111 'read' 'dec_152_read' <Predicate = true> <Delay = 0.00>
ST_1 : Operation 112 [1/1] (0.00ns)   --->   "%dec_151_read = read i1 @_ssdm_op_Read.ap_auto.i1, i1 %dec_151"   --->   Operation 112 'read' 'dec_151_read' <Predicate = true> <Delay = 0.00>
ST_1 : Operation 113 [1/1] (0.00ns)   --->   "%dec_150_read = read i1 @_ssdm_op_Read.ap_auto.i1, i1 %dec_150"   --->   Operation 113 'read' 'dec_150_read' <Predicate = true> <Delay = 0.00>
ST_1 : Operation 114 [1/1] (0.00ns)   --->   "%dec_149_read = read i1 @_ssdm_op_Read.ap_auto.i1, i1 %dec_149"   --->   Operation 114 'read' 'dec_149_read' <Predicate = true> <Delay = 0.00>
ST_1 : Operation 115 [1/1] (0.00ns)   --->   "%dec_148_read = read i1 @_ssdm_op_Read.ap_auto.i1, i1 %dec_148"   --->   Operation 115 'read' 'dec_148_read' <Predicate = true> <Delay = 0.00>
ST_1 : Operation 116 [1/1] (0.00ns)   --->   "%dec_147_read = read i1 @_ssdm_op_Read.ap_auto.i1, i1 %dec_147"   --->   Operation 116 'read' 'dec_147_read' <Predicate = true> <Delay = 0.00>
ST_1 : Operation 117 [1/1] (0.00ns)   --->   "%dec_146_read = read i1 @_ssdm_op_Read.ap_auto.i1, i1 %dec_146"   --->   Operation 117 'read' 'dec_146_read' <Predicate = true> <Delay = 0.00>
ST_1 : Operation 118 [1/1] (0.00ns)   --->   "%dec_145_read = read i1 @_ssdm_op_Read.ap_auto.i1, i1 %dec_145"   --->   Operation 118 'read' 'dec_145_read' <Predicate = true> <Delay = 0.00>
ST_1 : Operation 119 [1/1] (0.00ns)   --->   "%dec_144_read = read i1 @_ssdm_op_Read.ap_auto.i1, i1 %dec_144"   --->   Operation 119 'read' 'dec_144_read' <Predicate = true> <Delay = 0.00>
ST_1 : Operation 120 [1/1] (0.00ns)   --->   "%dec_143_read = read i1 @_ssdm_op_Read.ap_auto.i1, i1 %dec_143"   --->   Operation 120 'read' 'dec_143_read' <Predicate = true> <Delay = 0.00>
ST_1 : Operation 121 [1/1] (0.00ns)   --->   "%dec_142_read = read i1 @_ssdm_op_Read.ap_auto.i1, i1 %dec_142"   --->   Operation 121 'read' 'dec_142_read' <Predicate = true> <Delay = 0.00>
ST_1 : Operation 122 [1/1] (0.00ns)   --->   "%dec_141_read = read i1 @_ssdm_op_Read.ap_auto.i1, i1 %dec_141"   --->   Operation 122 'read' 'dec_141_read' <Predicate = true> <Delay = 0.00>
ST_1 : Operation 123 [1/1] (0.00ns)   --->   "%dec_140_read = read i1 @_ssdm_op_Read.ap_auto.i1, i1 %dec_140"   --->   Operation 123 'read' 'dec_140_read' <Predicate = true> <Delay = 0.00>
ST_1 : Operation 124 [1/1] (0.00ns)   --->   "%dec_139_read = read i1 @_ssdm_op_Read.ap_auto.i1, i1 %dec_139"   --->   Operation 124 'read' 'dec_139_read' <Predicate = true> <Delay = 0.00>
ST_1 : Operation 125 [1/1] (0.00ns)   --->   "%dec_138_read = read i1 @_ssdm_op_Read.ap_auto.i1, i1 %dec_138"   --->   Operation 125 'read' 'dec_138_read' <Predicate = true> <Delay = 0.00>
ST_1 : Operation 126 [1/1] (0.00ns)   --->   "%dec_137_read = read i1 @_ssdm_op_Read.ap_auto.i1, i1 %dec_137"   --->   Operation 126 'read' 'dec_137_read' <Predicate = true> <Delay = 0.00>
ST_1 : Operation 127 [1/1] (0.00ns)   --->   "%dec_136_read = read i1 @_ssdm_op_Read.ap_auto.i1, i1 %dec_136"   --->   Operation 127 'read' 'dec_136_read' <Predicate = true> <Delay = 0.00>
ST_1 : Operation 128 [1/1] (0.00ns)   --->   "%dec_135_read = read i1 @_ssdm_op_Read.ap_auto.i1, i1 %dec_135"   --->   Operation 128 'read' 'dec_135_read' <Predicate = true> <Delay = 0.00>
ST_1 : Operation 129 [1/1] (0.00ns)   --->   "%dec_134_read = read i1 @_ssdm_op_Read.ap_auto.i1, i1 %dec_134"   --->   Operation 129 'read' 'dec_134_read' <Predicate = true> <Delay = 0.00>
ST_1 : Operation 130 [1/1] (0.00ns)   --->   "%dec_133_read = read i1 @_ssdm_op_Read.ap_auto.i1, i1 %dec_133"   --->   Operation 130 'read' 'dec_133_read' <Predicate = true> <Delay = 0.00>
ST_1 : Operation 131 [1/1] (0.00ns)   --->   "%dec_132_read = read i1 @_ssdm_op_Read.ap_auto.i1, i1 %dec_132"   --->   Operation 131 'read' 'dec_132_read' <Predicate = true> <Delay = 0.00>
ST_1 : Operation 132 [1/1] (0.00ns)   --->   "%dec_131_read = read i1 @_ssdm_op_Read.ap_auto.i1, i1 %dec_131"   --->   Operation 132 'read' 'dec_131_read' <Predicate = true> <Delay = 0.00>
ST_1 : Operation 133 [1/1] (0.00ns)   --->   "%dec_130_read = read i1 @_ssdm_op_Read.ap_auto.i1, i1 %dec_130"   --->   Operation 133 'read' 'dec_130_read' <Predicate = true> <Delay = 0.00>
ST_1 : Operation 134 [1/1] (0.00ns)   --->   "%dec_129_read = read i1 @_ssdm_op_Read.ap_auto.i1, i1 %dec_129"   --->   Operation 134 'read' 'dec_129_read' <Predicate = true> <Delay = 0.00>
ST_1 : Operation 135 [1/1] (0.00ns)   --->   "%dec_128_read = read i1 @_ssdm_op_Read.ap_auto.i1, i1 %dec_128"   --->   Operation 135 'read' 'dec_128_read' <Predicate = true> <Delay = 0.00>
ST_1 : Operation 136 [1/1] (0.00ns)   --->   "%dec_127_read = read i1 @_ssdm_op_Read.ap_auto.i1, i1 %dec_127"   --->   Operation 136 'read' 'dec_127_read' <Predicate = true> <Delay = 0.00>
ST_1 : Operation 137 [1/1] (0.00ns)   --->   "%dec_126_read = read i1 @_ssdm_op_Read.ap_auto.i1, i1 %dec_126"   --->   Operation 137 'read' 'dec_126_read' <Predicate = true> <Delay = 0.00>
ST_1 : Operation 138 [1/1] (0.00ns)   --->   "%dec_125_read = read i1 @_ssdm_op_Read.ap_auto.i1, i1 %dec_125"   --->   Operation 138 'read' 'dec_125_read' <Predicate = true> <Delay = 0.00>
ST_1 : Operation 139 [1/1] (0.00ns)   --->   "%dec_124_read = read i1 @_ssdm_op_Read.ap_auto.i1, i1 %dec_124"   --->   Operation 139 'read' 'dec_124_read' <Predicate = true> <Delay = 0.00>
ST_1 : Operation 140 [1/1] (0.00ns)   --->   "%dec_123_read = read i1 @_ssdm_op_Read.ap_auto.i1, i1 %dec_123"   --->   Operation 140 'read' 'dec_123_read' <Predicate = true> <Delay = 0.00>
ST_1 : Operation 141 [1/1] (0.00ns)   --->   "%dec_122_read = read i1 @_ssdm_op_Read.ap_auto.i1, i1 %dec_122"   --->   Operation 141 'read' 'dec_122_read' <Predicate = true> <Delay = 0.00>
ST_1 : Operation 142 [1/1] (0.00ns)   --->   "%dec_121_read = read i1 @_ssdm_op_Read.ap_auto.i1, i1 %dec_121"   --->   Operation 142 'read' 'dec_121_read' <Predicate = true> <Delay = 0.00>
ST_1 : Operation 143 [1/1] (0.00ns)   --->   "%dec_120_read = read i1 @_ssdm_op_Read.ap_auto.i1, i1 %dec_120"   --->   Operation 143 'read' 'dec_120_read' <Predicate = true> <Delay = 0.00>
ST_1 : Operation 144 [1/1] (0.00ns)   --->   "%dec_119_read = read i1 @_ssdm_op_Read.ap_auto.i1, i1 %dec_119"   --->   Operation 144 'read' 'dec_119_read' <Predicate = true> <Delay = 0.00>
ST_1 : Operation 145 [1/1] (0.00ns)   --->   "%dec_118_read = read i1 @_ssdm_op_Read.ap_auto.i1, i1 %dec_118"   --->   Operation 145 'read' 'dec_118_read' <Predicate = true> <Delay = 0.00>
ST_1 : Operation 146 [1/1] (0.00ns)   --->   "%dec_117_read = read i1 @_ssdm_op_Read.ap_auto.i1, i1 %dec_117"   --->   Operation 146 'read' 'dec_117_read' <Predicate = true> <Delay = 0.00>
ST_1 : Operation 147 [1/1] (0.00ns)   --->   "%dec_116_read = read i1 @_ssdm_op_Read.ap_auto.i1, i1 %dec_116"   --->   Operation 147 'read' 'dec_116_read' <Predicate = true> <Delay = 0.00>
ST_1 : Operation 148 [1/1] (0.00ns)   --->   "%dec_115_read = read i1 @_ssdm_op_Read.ap_auto.i1, i1 %dec_115"   --->   Operation 148 'read' 'dec_115_read' <Predicate = true> <Delay = 0.00>
ST_1 : Operation 149 [1/1] (0.00ns)   --->   "%dec_114_read = read i1 @_ssdm_op_Read.ap_auto.i1, i1 %dec_114"   --->   Operation 149 'read' 'dec_114_read' <Predicate = true> <Delay = 0.00>
ST_1 : Operation 150 [1/1] (0.00ns)   --->   "%dec_113_read = read i1 @_ssdm_op_Read.ap_auto.i1, i1 %dec_113"   --->   Operation 150 'read' 'dec_113_read' <Predicate = true> <Delay = 0.00>
ST_1 : Operation 151 [1/1] (0.00ns)   --->   "%dec_112_read = read i1 @_ssdm_op_Read.ap_auto.i1, i1 %dec_112"   --->   Operation 151 'read' 'dec_112_read' <Predicate = true> <Delay = 0.00>
ST_1 : Operation 152 [1/1] (0.00ns)   --->   "%dec_111_read = read i1 @_ssdm_op_Read.ap_auto.i1, i1 %dec_111"   --->   Operation 152 'read' 'dec_111_read' <Predicate = true> <Delay = 0.00>
ST_1 : Operation 153 [1/1] (0.00ns)   --->   "%dec_110_read = read i1 @_ssdm_op_Read.ap_auto.i1, i1 %dec_110"   --->   Operation 153 'read' 'dec_110_read' <Predicate = true> <Delay = 0.00>
ST_1 : Operation 154 [1/1] (0.00ns)   --->   "%dec_109_read = read i1 @_ssdm_op_Read.ap_auto.i1, i1 %dec_109"   --->   Operation 154 'read' 'dec_109_read' <Predicate = true> <Delay = 0.00>
ST_1 : Operation 155 [1/1] (0.00ns)   --->   "%dec_108_read = read i1 @_ssdm_op_Read.ap_auto.i1, i1 %dec_108"   --->   Operation 155 'read' 'dec_108_read' <Predicate = true> <Delay = 0.00>
ST_1 : Operation 156 [1/1] (0.00ns)   --->   "%dec_107_read = read i1 @_ssdm_op_Read.ap_auto.i1, i1 %dec_107"   --->   Operation 156 'read' 'dec_107_read' <Predicate = true> <Delay = 0.00>
ST_1 : Operation 157 [1/1] (0.00ns)   --->   "%dec_106_read = read i1 @_ssdm_op_Read.ap_auto.i1, i1 %dec_106"   --->   Operation 157 'read' 'dec_106_read' <Predicate = true> <Delay = 0.00>
ST_1 : Operation 158 [1/1] (0.00ns)   --->   "%dec_105_read = read i1 @_ssdm_op_Read.ap_auto.i1, i1 %dec_105"   --->   Operation 158 'read' 'dec_105_read' <Predicate = true> <Delay = 0.00>
ST_1 : Operation 159 [1/1] (0.00ns)   --->   "%dec_104_read = read i1 @_ssdm_op_Read.ap_auto.i1, i1 %dec_104"   --->   Operation 159 'read' 'dec_104_read' <Predicate = true> <Delay = 0.00>
ST_1 : Operation 160 [1/1] (0.00ns)   --->   "%dec_103_read = read i1 @_ssdm_op_Read.ap_auto.i1, i1 %dec_103"   --->   Operation 160 'read' 'dec_103_read' <Predicate = true> <Delay = 0.00>
ST_1 : Operation 161 [1/1] (0.00ns)   --->   "%dec_102_read = read i1 @_ssdm_op_Read.ap_auto.i1, i1 %dec_102"   --->   Operation 161 'read' 'dec_102_read' <Predicate = true> <Delay = 0.00>
ST_1 : Operation 162 [1/1] (0.00ns)   --->   "%dec_101_read = read i1 @_ssdm_op_Read.ap_auto.i1, i1 %dec_101"   --->   Operation 162 'read' 'dec_101_read' <Predicate = true> <Delay = 0.00>
ST_1 : Operation 163 [1/1] (0.00ns)   --->   "%dec_100_read = read i1 @_ssdm_op_Read.ap_auto.i1, i1 %dec_100"   --->   Operation 163 'read' 'dec_100_read' <Predicate = true> <Delay = 0.00>
ST_1 : Operation 164 [1/1] (0.00ns)   --->   "%dec_99_read = read i1 @_ssdm_op_Read.ap_auto.i1, i1 %dec_99"   --->   Operation 164 'read' 'dec_99_read' <Predicate = true> <Delay = 0.00>
ST_1 : Operation 165 [1/1] (0.00ns)   --->   "%dec_98_read = read i1 @_ssdm_op_Read.ap_auto.i1, i1 %dec_98"   --->   Operation 165 'read' 'dec_98_read' <Predicate = true> <Delay = 0.00>
ST_1 : Operation 166 [1/1] (0.00ns)   --->   "%dec_97_read = read i1 @_ssdm_op_Read.ap_auto.i1, i1 %dec_97"   --->   Operation 166 'read' 'dec_97_read' <Predicate = true> <Delay = 0.00>
ST_1 : Operation 167 [1/1] (0.00ns)   --->   "%dec_96_read = read i1 @_ssdm_op_Read.ap_auto.i1, i1 %dec_96"   --->   Operation 167 'read' 'dec_96_read' <Predicate = true> <Delay = 0.00>
ST_1 : Operation 168 [1/1] (0.00ns)   --->   "%dec_95_read = read i1 @_ssdm_op_Read.ap_auto.i1, i1 %dec_95"   --->   Operation 168 'read' 'dec_95_read' <Predicate = true> <Delay = 0.00>
ST_1 : Operation 169 [1/1] (0.00ns)   --->   "%dec_94_read = read i1 @_ssdm_op_Read.ap_auto.i1, i1 %dec_94"   --->   Operation 169 'read' 'dec_94_read' <Predicate = true> <Delay = 0.00>
ST_1 : Operation 170 [1/1] (0.00ns)   --->   "%dec_93_read = read i1 @_ssdm_op_Read.ap_auto.i1, i1 %dec_93"   --->   Operation 170 'read' 'dec_93_read' <Predicate = true> <Delay = 0.00>
ST_1 : Operation 171 [1/1] (0.00ns)   --->   "%dec_92_read = read i1 @_ssdm_op_Read.ap_auto.i1, i1 %dec_92"   --->   Operation 171 'read' 'dec_92_read' <Predicate = true> <Delay = 0.00>
ST_1 : Operation 172 [1/1] (0.00ns)   --->   "%dec_91_read = read i1 @_ssdm_op_Read.ap_auto.i1, i1 %dec_91"   --->   Operation 172 'read' 'dec_91_read' <Predicate = true> <Delay = 0.00>
ST_1 : Operation 173 [1/1] (0.00ns)   --->   "%dec_90_read = read i1 @_ssdm_op_Read.ap_auto.i1, i1 %dec_90"   --->   Operation 173 'read' 'dec_90_read' <Predicate = true> <Delay = 0.00>
ST_1 : Operation 174 [1/1] (0.00ns)   --->   "%dec_89_read = read i1 @_ssdm_op_Read.ap_auto.i1, i1 %dec_89"   --->   Operation 174 'read' 'dec_89_read' <Predicate = true> <Delay = 0.00>
ST_1 : Operation 175 [1/1] (0.00ns)   --->   "%dec_88_read = read i1 @_ssdm_op_Read.ap_auto.i1, i1 %dec_88"   --->   Operation 175 'read' 'dec_88_read' <Predicate = true> <Delay = 0.00>
ST_1 : Operation 176 [1/1] (0.00ns)   --->   "%dec_87_read = read i1 @_ssdm_op_Read.ap_auto.i1, i1 %dec_87"   --->   Operation 176 'read' 'dec_87_read' <Predicate = true> <Delay = 0.00>
ST_1 : Operation 177 [1/1] (0.00ns)   --->   "%dec_86_read = read i1 @_ssdm_op_Read.ap_auto.i1, i1 %dec_86"   --->   Operation 177 'read' 'dec_86_read' <Predicate = true> <Delay = 0.00>
ST_1 : Operation 178 [1/1] (0.00ns)   --->   "%dec_85_read = read i1 @_ssdm_op_Read.ap_auto.i1, i1 %dec_85"   --->   Operation 178 'read' 'dec_85_read' <Predicate = true> <Delay = 0.00>
ST_1 : Operation 179 [1/1] (0.00ns)   --->   "%dec_84_read = read i1 @_ssdm_op_Read.ap_auto.i1, i1 %dec_84"   --->   Operation 179 'read' 'dec_84_read' <Predicate = true> <Delay = 0.00>
ST_1 : Operation 180 [1/1] (0.00ns)   --->   "%dec_83_read = read i1 @_ssdm_op_Read.ap_auto.i1, i1 %dec_83"   --->   Operation 180 'read' 'dec_83_read' <Predicate = true> <Delay = 0.00>
ST_1 : Operation 181 [1/1] (0.00ns)   --->   "%dec_82_read = read i1 @_ssdm_op_Read.ap_auto.i1, i1 %dec_82"   --->   Operation 181 'read' 'dec_82_read' <Predicate = true> <Delay = 0.00>
ST_1 : Operation 182 [1/1] (0.00ns)   --->   "%dec_81_read = read i1 @_ssdm_op_Read.ap_auto.i1, i1 %dec_81"   --->   Operation 182 'read' 'dec_81_read' <Predicate = true> <Delay = 0.00>
ST_1 : Operation 183 [1/1] (0.00ns)   --->   "%dec_80_read = read i1 @_ssdm_op_Read.ap_auto.i1, i1 %dec_80"   --->   Operation 183 'read' 'dec_80_read' <Predicate = true> <Delay = 0.00>
ST_1 : Operation 184 [1/1] (0.00ns)   --->   "%dec_79_read = read i1 @_ssdm_op_Read.ap_auto.i1, i1 %dec_79"   --->   Operation 184 'read' 'dec_79_read' <Predicate = true> <Delay = 0.00>
ST_1 : Operation 185 [1/1] (0.00ns)   --->   "%dec_78_read = read i1 @_ssdm_op_Read.ap_auto.i1, i1 %dec_78"   --->   Operation 185 'read' 'dec_78_read' <Predicate = true> <Delay = 0.00>
ST_1 : Operation 186 [1/1] (0.00ns)   --->   "%dec_77_read = read i1 @_ssdm_op_Read.ap_auto.i1, i1 %dec_77"   --->   Operation 186 'read' 'dec_77_read' <Predicate = true> <Delay = 0.00>
ST_1 : Operation 187 [1/1] (0.00ns)   --->   "%dec_76_read = read i1 @_ssdm_op_Read.ap_auto.i1, i1 %dec_76"   --->   Operation 187 'read' 'dec_76_read' <Predicate = true> <Delay = 0.00>
ST_1 : Operation 188 [1/1] (0.00ns)   --->   "%dec_75_read = read i1 @_ssdm_op_Read.ap_auto.i1, i1 %dec_75"   --->   Operation 188 'read' 'dec_75_read' <Predicate = true> <Delay = 0.00>
ST_1 : Operation 189 [1/1] (0.00ns)   --->   "%dec_74_read = read i1 @_ssdm_op_Read.ap_auto.i1, i1 %dec_74"   --->   Operation 189 'read' 'dec_74_read' <Predicate = true> <Delay = 0.00>
ST_1 : Operation 190 [1/1] (0.00ns)   --->   "%dec_73_read = read i1 @_ssdm_op_Read.ap_auto.i1, i1 %dec_73"   --->   Operation 190 'read' 'dec_73_read' <Predicate = true> <Delay = 0.00>
ST_1 : Operation 191 [1/1] (0.00ns)   --->   "%dec_72_read = read i1 @_ssdm_op_Read.ap_auto.i1, i1 %dec_72"   --->   Operation 191 'read' 'dec_72_read' <Predicate = true> <Delay = 0.00>
ST_1 : Operation 192 [1/1] (0.00ns)   --->   "%dec_71_read = read i1 @_ssdm_op_Read.ap_auto.i1, i1 %dec_71"   --->   Operation 192 'read' 'dec_71_read' <Predicate = true> <Delay = 0.00>
ST_1 : Operation 193 [1/1] (0.00ns)   --->   "%dec_70_read = read i1 @_ssdm_op_Read.ap_auto.i1, i1 %dec_70"   --->   Operation 193 'read' 'dec_70_read' <Predicate = true> <Delay = 0.00>
ST_1 : Operation 194 [1/1] (0.00ns)   --->   "%dec_69_read = read i1 @_ssdm_op_Read.ap_auto.i1, i1 %dec_69"   --->   Operation 194 'read' 'dec_69_read' <Predicate = true> <Delay = 0.00>
ST_1 : Operation 195 [1/1] (0.00ns)   --->   "%dec_68_read = read i1 @_ssdm_op_Read.ap_auto.i1, i1 %dec_68"   --->   Operation 195 'read' 'dec_68_read' <Predicate = true> <Delay = 0.00>
ST_1 : Operation 196 [1/1] (0.00ns)   --->   "%dec_67_read = read i1 @_ssdm_op_Read.ap_auto.i1, i1 %dec_67"   --->   Operation 196 'read' 'dec_67_read' <Predicate = true> <Delay = 0.00>
ST_1 : Operation 197 [1/1] (0.00ns)   --->   "%dec_66_read = read i1 @_ssdm_op_Read.ap_auto.i1, i1 %dec_66"   --->   Operation 197 'read' 'dec_66_read' <Predicate = true> <Delay = 0.00>
ST_1 : Operation 198 [1/1] (0.00ns)   --->   "%dec_65_read = read i1 @_ssdm_op_Read.ap_auto.i1, i1 %dec_65"   --->   Operation 198 'read' 'dec_65_read' <Predicate = true> <Delay = 0.00>
ST_1 : Operation 199 [1/1] (0.00ns)   --->   "%dec_64_read = read i1 @_ssdm_op_Read.ap_auto.i1, i1 %dec_64"   --->   Operation 199 'read' 'dec_64_read' <Predicate = true> <Delay = 0.00>
ST_1 : Operation 200 [1/1] (0.00ns)   --->   "%dec_63_read = read i1 @_ssdm_op_Read.ap_auto.i1, i1 %dec_63"   --->   Operation 200 'read' 'dec_63_read' <Predicate = true> <Delay = 0.00>
ST_1 : Operation 201 [1/1] (0.00ns)   --->   "%dec_62_read = read i1 @_ssdm_op_Read.ap_auto.i1, i1 %dec_62"   --->   Operation 201 'read' 'dec_62_read' <Predicate = true> <Delay = 0.00>
ST_1 : Operation 202 [1/1] (0.00ns)   --->   "%dec_61_read = read i1 @_ssdm_op_Read.ap_auto.i1, i1 %dec_61"   --->   Operation 202 'read' 'dec_61_read' <Predicate = true> <Delay = 0.00>
ST_1 : Operation 203 [1/1] (0.00ns)   --->   "%dec_60_read = read i1 @_ssdm_op_Read.ap_auto.i1, i1 %dec_60"   --->   Operation 203 'read' 'dec_60_read' <Predicate = true> <Delay = 0.00>
ST_1 : Operation 204 [1/1] (0.00ns)   --->   "%dec_59_read = read i1 @_ssdm_op_Read.ap_auto.i1, i1 %dec_59"   --->   Operation 204 'read' 'dec_59_read' <Predicate = true> <Delay = 0.00>
ST_1 : Operation 205 [1/1] (0.00ns)   --->   "%dec_58_read = read i1 @_ssdm_op_Read.ap_auto.i1, i1 %dec_58"   --->   Operation 205 'read' 'dec_58_read' <Predicate = true> <Delay = 0.00>
ST_1 : Operation 206 [1/1] (0.00ns)   --->   "%dec_57_read = read i1 @_ssdm_op_Read.ap_auto.i1, i1 %dec_57"   --->   Operation 206 'read' 'dec_57_read' <Predicate = true> <Delay = 0.00>
ST_1 : Operation 207 [1/1] (0.00ns)   --->   "%dec_56_read = read i1 @_ssdm_op_Read.ap_auto.i1, i1 %dec_56"   --->   Operation 207 'read' 'dec_56_read' <Predicate = true> <Delay = 0.00>
ST_1 : Operation 208 [1/1] (0.00ns)   --->   "%dec_55_read = read i1 @_ssdm_op_Read.ap_auto.i1, i1 %dec_55"   --->   Operation 208 'read' 'dec_55_read' <Predicate = true> <Delay = 0.00>
ST_1 : Operation 209 [1/1] (0.00ns)   --->   "%dec_54_read = read i1 @_ssdm_op_Read.ap_auto.i1, i1 %dec_54"   --->   Operation 209 'read' 'dec_54_read' <Predicate = true> <Delay = 0.00>
ST_1 : Operation 210 [1/1] (0.00ns)   --->   "%dec_53_read = read i1 @_ssdm_op_Read.ap_auto.i1, i1 %dec_53"   --->   Operation 210 'read' 'dec_53_read' <Predicate = true> <Delay = 0.00>
ST_1 : Operation 211 [1/1] (0.00ns)   --->   "%dec_52_read = read i1 @_ssdm_op_Read.ap_auto.i1, i1 %dec_52"   --->   Operation 211 'read' 'dec_52_read' <Predicate = true> <Delay = 0.00>
ST_1 : Operation 212 [1/1] (0.00ns)   --->   "%dec_51_read = read i1 @_ssdm_op_Read.ap_auto.i1, i1 %dec_51"   --->   Operation 212 'read' 'dec_51_read' <Predicate = true> <Delay = 0.00>
ST_1 : Operation 213 [1/1] (0.00ns)   --->   "%dec_50_read = read i1 @_ssdm_op_Read.ap_auto.i1, i1 %dec_50"   --->   Operation 213 'read' 'dec_50_read' <Predicate = true> <Delay = 0.00>
ST_1 : Operation 214 [1/1] (0.00ns)   --->   "%dec_49_read = read i1 @_ssdm_op_Read.ap_auto.i1, i1 %dec_49"   --->   Operation 214 'read' 'dec_49_read' <Predicate = true> <Delay = 0.00>
ST_1 : Operation 215 [1/1] (0.00ns)   --->   "%dec_48_read = read i1 @_ssdm_op_Read.ap_auto.i1, i1 %dec_48"   --->   Operation 215 'read' 'dec_48_read' <Predicate = true> <Delay = 0.00>
ST_1 : Operation 216 [1/1] (0.00ns)   --->   "%dec_47_read = read i1 @_ssdm_op_Read.ap_auto.i1, i1 %dec_47"   --->   Operation 216 'read' 'dec_47_read' <Predicate = true> <Delay = 0.00>
ST_1 : Operation 217 [1/1] (0.00ns)   --->   "%dec_46_read = read i1 @_ssdm_op_Read.ap_auto.i1, i1 %dec_46"   --->   Operation 217 'read' 'dec_46_read' <Predicate = true> <Delay = 0.00>
ST_1 : Operation 218 [1/1] (0.00ns)   --->   "%dec_45_read = read i1 @_ssdm_op_Read.ap_auto.i1, i1 %dec_45"   --->   Operation 218 'read' 'dec_45_read' <Predicate = true> <Delay = 0.00>
ST_1 : Operation 219 [1/1] (0.00ns)   --->   "%dec_44_read = read i1 @_ssdm_op_Read.ap_auto.i1, i1 %dec_44"   --->   Operation 219 'read' 'dec_44_read' <Predicate = true> <Delay = 0.00>
ST_1 : Operation 220 [1/1] (0.00ns)   --->   "%dec_43_read = read i1 @_ssdm_op_Read.ap_auto.i1, i1 %dec_43"   --->   Operation 220 'read' 'dec_43_read' <Predicate = true> <Delay = 0.00>
ST_1 : Operation 221 [1/1] (0.00ns)   --->   "%dec_42_read = read i1 @_ssdm_op_Read.ap_auto.i1, i1 %dec_42"   --->   Operation 221 'read' 'dec_42_read' <Predicate = true> <Delay = 0.00>
ST_1 : Operation 222 [1/1] (0.00ns)   --->   "%dec_41_read = read i1 @_ssdm_op_Read.ap_auto.i1, i1 %dec_41"   --->   Operation 222 'read' 'dec_41_read' <Predicate = true> <Delay = 0.00>
ST_1 : Operation 223 [1/1] (0.00ns)   --->   "%dec_40_read = read i1 @_ssdm_op_Read.ap_auto.i1, i1 %dec_40"   --->   Operation 223 'read' 'dec_40_read' <Predicate = true> <Delay = 0.00>
ST_1 : Operation 224 [1/1] (0.00ns)   --->   "%dec_39_read = read i1 @_ssdm_op_Read.ap_auto.i1, i1 %dec_39"   --->   Operation 224 'read' 'dec_39_read' <Predicate = true> <Delay = 0.00>
ST_1 : Operation 225 [1/1] (0.00ns)   --->   "%dec_38_read = read i1 @_ssdm_op_Read.ap_auto.i1, i1 %dec_38"   --->   Operation 225 'read' 'dec_38_read' <Predicate = true> <Delay = 0.00>
ST_1 : Operation 226 [1/1] (0.00ns)   --->   "%dec_37_read = read i1 @_ssdm_op_Read.ap_auto.i1, i1 %dec_37"   --->   Operation 226 'read' 'dec_37_read' <Predicate = true> <Delay = 0.00>
ST_1 : Operation 227 [1/1] (0.00ns)   --->   "%dec_36_read = read i1 @_ssdm_op_Read.ap_auto.i1, i1 %dec_36"   --->   Operation 227 'read' 'dec_36_read' <Predicate = true> <Delay = 0.00>
ST_1 : Operation 228 [1/1] (0.00ns)   --->   "%dec_35_read = read i1 @_ssdm_op_Read.ap_auto.i1, i1 %dec_35"   --->   Operation 228 'read' 'dec_35_read' <Predicate = true> <Delay = 0.00>
ST_1 : Operation 229 [1/1] (0.00ns)   --->   "%dec_34_read = read i1 @_ssdm_op_Read.ap_auto.i1, i1 %dec_34"   --->   Operation 229 'read' 'dec_34_read' <Predicate = true> <Delay = 0.00>
ST_1 : Operation 230 [1/1] (0.00ns)   --->   "%dec_33_read = read i1 @_ssdm_op_Read.ap_auto.i1, i1 %dec_33"   --->   Operation 230 'read' 'dec_33_read' <Predicate = true> <Delay = 0.00>
ST_1 : Operation 231 [1/1] (0.00ns)   --->   "%dec_32_read = read i1 @_ssdm_op_Read.ap_auto.i1, i1 %dec_32"   --->   Operation 231 'read' 'dec_32_read' <Predicate = true> <Delay = 0.00>
ST_1 : Operation 232 [1/1] (0.00ns)   --->   "%dec_31_read = read i1 @_ssdm_op_Read.ap_auto.i1, i1 %dec_31"   --->   Operation 232 'read' 'dec_31_read' <Predicate = true> <Delay = 0.00>
ST_1 : Operation 233 [1/1] (0.00ns)   --->   "%dec_30_read = read i1 @_ssdm_op_Read.ap_auto.i1, i1 %dec_30"   --->   Operation 233 'read' 'dec_30_read' <Predicate = true> <Delay = 0.00>
ST_1 : Operation 234 [1/1] (0.00ns)   --->   "%dec_29_read = read i1 @_ssdm_op_Read.ap_auto.i1, i1 %dec_29"   --->   Operation 234 'read' 'dec_29_read' <Predicate = true> <Delay = 0.00>
ST_1 : Operation 235 [1/1] (0.00ns)   --->   "%dec_28_read = read i1 @_ssdm_op_Read.ap_auto.i1, i1 %dec_28"   --->   Operation 235 'read' 'dec_28_read' <Predicate = true> <Delay = 0.00>
ST_1 : Operation 236 [1/1] (0.00ns)   --->   "%dec_27_read = read i1 @_ssdm_op_Read.ap_auto.i1, i1 %dec_27"   --->   Operation 236 'read' 'dec_27_read' <Predicate = true> <Delay = 0.00>
ST_1 : Operation 237 [1/1] (0.00ns)   --->   "%dec_26_read = read i1 @_ssdm_op_Read.ap_auto.i1, i1 %dec_26"   --->   Operation 237 'read' 'dec_26_read' <Predicate = true> <Delay = 0.00>
ST_1 : Operation 238 [1/1] (0.00ns)   --->   "%dec_25_read = read i1 @_ssdm_op_Read.ap_auto.i1, i1 %dec_25"   --->   Operation 238 'read' 'dec_25_read' <Predicate = true> <Delay = 0.00>
ST_1 : Operation 239 [1/1] (0.00ns)   --->   "%dec_24_read = read i1 @_ssdm_op_Read.ap_auto.i1, i1 %dec_24"   --->   Operation 239 'read' 'dec_24_read' <Predicate = true> <Delay = 0.00>
ST_1 : Operation 240 [1/1] (0.00ns)   --->   "%dec_23_read = read i1 @_ssdm_op_Read.ap_auto.i1, i1 %dec_23"   --->   Operation 240 'read' 'dec_23_read' <Predicate = true> <Delay = 0.00>
ST_1 : Operation 241 [1/1] (0.00ns)   --->   "%dec_22_read = read i1 @_ssdm_op_Read.ap_auto.i1, i1 %dec_22"   --->   Operation 241 'read' 'dec_22_read' <Predicate = true> <Delay = 0.00>
ST_1 : Operation 242 [1/1] (0.00ns)   --->   "%dec_21_read = read i1 @_ssdm_op_Read.ap_auto.i1, i1 %dec_21"   --->   Operation 242 'read' 'dec_21_read' <Predicate = true> <Delay = 0.00>
ST_1 : Operation 243 [1/1] (0.00ns)   --->   "%dec_20_read = read i1 @_ssdm_op_Read.ap_auto.i1, i1 %dec_20"   --->   Operation 243 'read' 'dec_20_read' <Predicate = true> <Delay = 0.00>
ST_1 : Operation 244 [1/1] (0.00ns)   --->   "%dec_19_read = read i1 @_ssdm_op_Read.ap_auto.i1, i1 %dec_19"   --->   Operation 244 'read' 'dec_19_read' <Predicate = true> <Delay = 0.00>
ST_1 : Operation 245 [1/1] (0.00ns)   --->   "%dec_18_read = read i1 @_ssdm_op_Read.ap_auto.i1, i1 %dec_18"   --->   Operation 245 'read' 'dec_18_read' <Predicate = true> <Delay = 0.00>
ST_1 : Operation 246 [1/1] (0.00ns)   --->   "%dec_17_read = read i1 @_ssdm_op_Read.ap_auto.i1, i1 %dec_17"   --->   Operation 246 'read' 'dec_17_read' <Predicate = true> <Delay = 0.00>
ST_1 : Operation 247 [1/1] (0.00ns)   --->   "%dec_16_read = read i1 @_ssdm_op_Read.ap_auto.i1, i1 %dec_16"   --->   Operation 247 'read' 'dec_16_read' <Predicate = true> <Delay = 0.00>
ST_1 : Operation 248 [1/1] (0.00ns)   --->   "%dec_15_read = read i1 @_ssdm_op_Read.ap_auto.i1, i1 %dec_15"   --->   Operation 248 'read' 'dec_15_read' <Predicate = true> <Delay = 0.00>
ST_1 : Operation 249 [1/1] (0.00ns)   --->   "%dec_14_read = read i1 @_ssdm_op_Read.ap_auto.i1, i1 %dec_14"   --->   Operation 249 'read' 'dec_14_read' <Predicate = true> <Delay = 0.00>
ST_1 : Operation 250 [1/1] (0.00ns)   --->   "%dec_13_read = read i1 @_ssdm_op_Read.ap_auto.i1, i1 %dec_13"   --->   Operation 250 'read' 'dec_13_read' <Predicate = true> <Delay = 0.00>
ST_1 : Operation 251 [1/1] (0.00ns)   --->   "%dec_12_read = read i1 @_ssdm_op_Read.ap_auto.i1, i1 %dec_12"   --->   Operation 251 'read' 'dec_12_read' <Predicate = true> <Delay = 0.00>
ST_1 : Operation 252 [1/1] (0.00ns)   --->   "%dec_11_read = read i1 @_ssdm_op_Read.ap_auto.i1, i1 %dec_11"   --->   Operation 252 'read' 'dec_11_read' <Predicate = true> <Delay = 0.00>
ST_1 : Operation 253 [1/1] (0.00ns)   --->   "%dec_10_read = read i1 @_ssdm_op_Read.ap_auto.i1, i1 %dec_10"   --->   Operation 253 'read' 'dec_10_read' <Predicate = true> <Delay = 0.00>
ST_1 : Operation 254 [1/1] (0.00ns)   --->   "%dec_9_read = read i1 @_ssdm_op_Read.ap_auto.i1, i1 %dec_9"   --->   Operation 254 'read' 'dec_9_read' <Predicate = true> <Delay = 0.00>
ST_1 : Operation 255 [1/1] (0.00ns)   --->   "%dec_8_read = read i1 @_ssdm_op_Read.ap_auto.i1, i1 %dec_8"   --->   Operation 255 'read' 'dec_8_read' <Predicate = true> <Delay = 0.00>
ST_1 : Operation 256 [1/1] (0.00ns)   --->   "%dec_7_read = read i1 @_ssdm_op_Read.ap_auto.i1, i1 %dec_7"   --->   Operation 256 'read' 'dec_7_read' <Predicate = true> <Delay = 0.00>
ST_1 : Operation 257 [1/1] (0.00ns)   --->   "%dec_6_read = read i1 @_ssdm_op_Read.ap_auto.i1, i1 %dec_6"   --->   Operation 257 'read' 'dec_6_read' <Predicate = true> <Delay = 0.00>
ST_1 : Operation 258 [1/1] (0.00ns)   --->   "%dec_5_read = read i1 @_ssdm_op_Read.ap_auto.i1, i1 %dec_5"   --->   Operation 258 'read' 'dec_5_read' <Predicate = true> <Delay = 0.00>
ST_1 : Operation 259 [1/1] (0.00ns)   --->   "%dec_4_read = read i1 @_ssdm_op_Read.ap_auto.i1, i1 %dec_4"   --->   Operation 259 'read' 'dec_4_read' <Predicate = true> <Delay = 0.00>
ST_1 : Operation 260 [1/1] (0.00ns)   --->   "%dec_3_read = read i1 @_ssdm_op_Read.ap_auto.i1, i1 %dec_3"   --->   Operation 260 'read' 'dec_3_read' <Predicate = true> <Delay = 0.00>
ST_1 : Operation 261 [1/1] (0.00ns)   --->   "%dec_2_read = read i1 @_ssdm_op_Read.ap_auto.i1, i1 %dec_2"   --->   Operation 261 'read' 'dec_2_read' <Predicate = true> <Delay = 0.00>
ST_1 : Operation 262 [1/1] (0.00ns)   --->   "%dec_1_read = read i1 @_ssdm_op_Read.ap_auto.i1, i1 %dec_1"   --->   Operation 262 'read' 'dec_1_read' <Predicate = true> <Delay = 0.00>
ST_1 : Operation 263 [1/1] (0.00ns)   --->   "%dec_read = read i1 @_ssdm_op_Read.ap_auto.i1, i1 %dec"   --->   Operation 263 'read' 'dec_read' <Predicate = true> <Delay = 0.00>
ST_1 : Operation 264 [1/1] (0.00ns)   --->   "%len_read = read i8 @_ssdm_op_Read.ap_auto.i8, i8 %len"   --->   Operation 264 'read' 'len_read' <Predicate = true> <Delay = 0.00>
ST_1 : Operation 265 [1/1] (0.00ns)   --->   "%phi_mul_read = read i18 @_ssdm_op_Read.ap_auto.i18, i18 %phi_mul"   --->   Operation 265 'read' 'phi_mul_read' <Predicate = true> <Delay = 0.00>
ST_1 : Operation 266 [1/1] (0.38ns)   --->   "%store_ln112 = store i8 0, i8 %k" [/home/m2_2/shared/dat480-final/Project_kernels_HLS_split/src/krnl_proj_split.cpp:112]   --->   Operation 266 'store' 'store_ln112' <Predicate = true> <Delay = 0.38>
ST_1 : Operation 267 [1/1] (0.38ns)   --->   "%store_ln105 = store i214 0, i214 %match_mask" [/home/m2_2/shared/dat480-final/Project_kernels_HLS_split/src/krnl_proj_split.cpp:105]   --->   Operation 267 'store' 'store_ln105' <Predicate = true> <Delay = 0.38>
ST_1 : Operation 268 [1/1] (0.00ns)   --->   "%br_ln0 = br void %for.body39"   --->   Operation 268 'br' 'br_ln0' <Predicate = true> <Delay = 0.00>
ST_1 : Operation 269 [1/1] (0.00ns)   --->   "%k_1 = load i8 %k" [/home/m2_2/shared/dat480-final/Project_kernels_HLS_split/src/krnl_proj_split.cpp:112]   --->   Operation 269 'load' 'k_1' <Predicate = true> <Delay = 0.00>
ST_1 : Operation 270 [1/1] (0.70ns)   --->   "%icmp_ln112 = icmp_eq  i8 %k_1, i8 214" [/home/m2_2/shared/dat480-final/Project_kernels_HLS_split/src/krnl_proj_split.cpp:112]   --->   Operation 270 'icmp' 'icmp_ln112' <Predicate = true> <Delay = 0.70> <CoreInst = "Cmp">   --->   Core 9 'Cmp' <Latency = 0> <II = 1> <Delay = 0.70> <FuncUnit> <Opcode : 'icmp'> <InPorts = 2> <OutPorts = 1>
ST_1 : Operation 271 [1/1] (0.70ns)   --->   "%add_ln112 = add i8 %k_1, i8 1" [/home/m2_2/shared/dat480-final/Project_kernels_HLS_split/src/krnl_proj_split.cpp:112]   --->   Operation 271 'add' 'add_ln112' <Predicate = true> <Delay = 0.70> <CoreInst = "Adder">   --->   Core 1 'Adder' <Latency = 0> <II = 1> <Delay = 0.70> <FuncUnit> <Opcode : 'add' 'sub'> <InPorts = 2> <OutPorts = 1>
ST_1 : Operation 272 [1/1] (0.00ns)   --->   "%br_ln112 = br i1 %icmp_ln112, void %for.body39.split_ifconv, void %for.end55.exitStub" [/home/m2_2/shared/dat480-final/Project_kernels_HLS_split/src/krnl_proj_split.cpp:112]   --->   Operation 272 'br' 'br_ln112' <Predicate = true> <Delay = 0.00>
ST_1 : Operation 273 [1/1] (0.00ns)   --->   "%zext_ln114 = zext i8 %k_1" [/home/m2_2/shared/dat480-final/Project_kernels_HLS_split/src/krnl_proj_split.cpp:114]   --->   Operation 273 'zext' 'zext_ln114' <Predicate = (!icmp_ln112)> <Delay = 0.00>
ST_1 : Operation 274 [1/1] (0.79ns)   --->   "%add_ln114 = add i18 %phi_mul_read, i18 %zext_ln114" [/home/m2_2/shared/dat480-final/Project_kernels_HLS_split/src/krnl_proj_split.cpp:114]   --->   Operation 274 'add' 'add_ln114' <Predicate = (!icmp_ln112)> <Delay = 0.79> <CoreInst = "Adder">   --->   Core 1 'Adder' <Latency = 0> <II = 1> <Delay = 0.79> <FuncUnit> <Opcode : 'add' 'sub'> <InPorts = 2> <OutPorts = 1>
ST_1 : Operation 275 [1/1] (0.00ns)   --->   "%zext_ln114_1 = zext i18 %add_ln114" [/home/m2_2/shared/dat480-final/Project_kernels_HLS_split/src/krnl_proj_split.cpp:114]   --->   Operation 275 'zext' 'zext_ln114_1' <Predicate = (!icmp_ln112)> <Delay = 0.00>
ST_1 : Operation 276 [1/1] (0.00ns)   --->   "%pattern_bytes_LONG_addr = getelementptr i8 %pattern_bytes_LONG, i64 0, i64 %zext_ln114_1" [/home/m2_2/shared/dat480-final/Project_kernels_HLS_split/src/krnl_proj_split.cpp:114]   --->   Operation 276 'getelementptr' 'pattern_bytes_LONG_addr' <Predicate = (!icmp_ln112)> <Delay = 0.00>
ST_1 : Operation 277 [1/1] (0.70ns)   --->   "%icmp_ln113 = icmp_ult  i8 %k_1, i8 %len_read" [/home/m2_2/shared/dat480-final/Project_kernels_HLS_split/src/krnl_proj_split.cpp:113]   --->   Operation 277 'icmp' 'icmp_ln113' <Predicate = (!icmp_ln112)> <Delay = 0.70> <CoreInst = "Cmp">   --->   Core 9 'Cmp' <Latency = 0> <II = 1> <Delay = 0.70> <FuncUnit> <Opcode : 'icmp'> <InPorts = 2> <OutPorts = 1>
ST_1 : Operation 278 [2/2] (1.24ns)   --->   "%expected = load i18 %pattern_bytes_LONG_addr" [/home/m2_2/shared/dat480-final/Project_kernels_HLS_split/src/krnl_proj_split.cpp:114]   --->   Operation 278 'load' 'expected' <Predicate = (!icmp_ln112)> <Delay = 1.24> <CoreInst = "ROM">   --->   Core 101 'ROM' <Latency = 1> <II = 1> <Delay = 1.24> <Storage> <Opcode : 'load'> <Ports = 0> <Width = 8> <Depth = 204798> <ROM>
ST_1 : Operation 279 [1/1] (0.38ns)   --->   "%store_ln112 = store i8 %add_ln112, i8 %k" [/home/m2_2/shared/dat480-final/Project_kernels_HLS_split/src/krnl_proj_split.cpp:112]   --->   Operation 279 'store' 'store_ln112' <Predicate = (!icmp_ln112)> <Delay = 0.38>

State 2 <SV = 1> <Delay = 2.31>
ST_2 : Operation 280 [1/2] (1.24ns)   --->   "%expected = load i18 %pattern_bytes_LONG_addr" [/home/m2_2/shared/dat480-final/Project_kernels_HLS_split/src/krnl_proj_split.cpp:114]   --->   Operation 280 'load' 'expected' <Predicate = true> <Delay = 1.24> <CoreInst = "ROM">   --->   Core 101 'ROM' <Latency = 1> <II = 1> <Delay = 1.24> <Storage> <Opcode : 'load'> <Ports = 0> <Width = 8> <Depth = 204798> <ROM>
ST_2 : Operation 281 [1/1] (1.06ns)   --->   "%tmp_9 = sparsemux i1 @_ssdm_op_SparseMux.ap_auto.256i1.i1.i8, i8 0, i1 %dec_read, i8 1, i1 %dec_1_read, i8 2, i1 %dec_2_read, i8 3, i1 %dec_3_read, i8 4, i1 %dec_4_read, i8 5, i1 %dec_5_read, i8 6, i1 %dec_6_read, i8 7, i1 %dec_7_read, i8 8, i1 %dec_8_read, i8 9, i1 %dec_9_read, i8 10, i1 %dec_10_read, i8 11, i1 %dec_11_read, i8 12, i1 %dec_12_read, i8 13, i1 %dec_13_read, i8 14, i1 %dec_14_read, i8 15, i1 %dec_15_read, i8 16, i1 %dec_16_read, i8 17, i1 %dec_17_read, i8 18, i1 %dec_18_read, i8 19, i1 %dec_19_read, i8 20, i1 %dec_20_read, i8 21, i1 %dec_21_read, i8 22, i1 %dec_22_read, i8 23, i1 %dec_23_read, i8 24, i1 %dec_24_read, i8 25, i1 %dec_25_read, i8 26, i1 %dec_26_read, i8 27, i1 %dec_27_read, i8 28, i1 %dec_28_read, i8 29, i1 %dec_29_read, i8 30, i1 %dec_30_read, i8 31, i1 %dec_31_read, i8 32, i1 %dec_32_read, i8 33, i1 %dec_33_read, i8 34, i1 %dec_34_read, i8 35, i1 %dec_35_read, i8 36, i1 %dec_36_read, i8 37, i1 %dec_37_read, i8 38, i1 %dec_38_read, i8 39, i1 %dec_39_read, i8 40, i1 %dec_40_read, i8 41, i1 %dec_41_read, i8 42, i1 %dec_42_read, i8 43, i1 %dec_43_read, i8 44, i1 %dec_44_read, i8 45, i1 %dec_45_read, i8 46, i1 %dec_46_read, i8 47, i1 %dec_47_read, i8 48, i1 %dec_48_read, i8 49, i1 %dec_49_read, i8 50, i1 %dec_50_read, i8 51, i1 %dec_51_read, i8 52, i1 %dec_52_read, i8 53, i1 %dec_53_read, i8 54, i1 %dec_54_read, i8 55, i1 %dec_55_read, i8 56, i1 %dec_56_read, i8 57, i1 %dec_57_read, i8 58, i1 %dec_58_read, i8 59, i1 %dec_59_read, i8 60, i1 %dec_60_read, i8 61, i1 %dec_61_read, i8 62, i1 %dec_62_read, i8 63, i1 %dec_63_read, i8 64, i1 %dec_64_read, i8 65, i1 %dec_65_read, i8 66, i1 %dec_66_read, i8 67, i1 %dec_67_read, i8 68, i1 %dec_68_read, i8 69, i1 %dec_69_read, i8 70, i1 %dec_70_read, i8 71, i1 %dec_71_read, i8 72, i1 %dec_72_read, i8 73, i1 %dec_73_read, i8 74, i1 %dec_74_read, i8 75, i1 %dec_75_read, i8 76, i1 %dec_76_read, i8 77, i1 %dec_77_read, i8 78, i1 %dec_78_read, i8 79, i1 %dec_79_read, i8 80, i1 %dec_80_read, i8 81, i1 %dec_81_read, i8 82, i1 %dec_82_read, i8 83, i1 %dec_83_read, i8 84, i1 %dec_84_read, i8 85, i1 %dec_85_read, i8 86, i1 %dec_86_read, i8 87, i1 %dec_87_read, i8 88, i1 %dec_88_read, i8 89, i1 %dec_89_read, i8 90, i1 %dec_90_read, i8 91, i1 %dec_91_read, i8 92, i1 %dec_92_read, i8 93, i1 %dec_93_read, i8 94, i1 %dec_94_read, i8 95, i1 %dec_95_read, i8 96, i1 %dec_96_read, i8 97, i1 %dec_97_read, i8 98, i1 %dec_98_read, i8 99, i1 %dec_99_read, i8 100, i1 %dec_100_read, i8 101, i1 %dec_101_read, i8 102, i1 %dec_102_read, i8 103, i1 %dec_103_read, i8 104, i1 %dec_104_read, i8 105, i1 %dec_105_read, i8 106, i1 %dec_106_read, i8 107, i1 %dec_107_read, i8 108, i1 %dec_108_read, i8 109, i1 %dec_109_read, i8 110, i1 %dec_110_read, i8 111, i1 %dec_111_read, i8 112, i1 %dec_112_read, i8 113, i1 %dec_113_read, i8 114, i1 %dec_114_read, i8 115, i1 %dec_115_read, i8 116, i1 %dec_116_read, i8 117, i1 %dec_117_read, i8 118, i1 %dec_118_read, i8 119, i1 %dec_119_read, i8 120, i1 %dec_120_read, i8 121, i1 %dec_121_read, i8 122, i1 %dec_122_read, i8 123, i1 %dec_123_read, i8 124, i1 %dec_124_read, i8 125, i1 %dec_125_read, i8 126, i1 %dec_126_read, i8 127, i1 %dec_127_read, i8 128, i1 %dec_128_read, i8 129, i1 %dec_129_read, i8 130, i1 %dec_130_read, i8 131, i1 %dec_131_read, i8 132, i1 %dec_132_read, i8 133, i1 %dec_133_read, i8 134, i1 %dec_134_read, i8 135, i1 %dec_135_read, i8 136, i1 %dec_136_read, i8 137, i1 %dec_137_read, i8 138, i1 %dec_138_read, i8 139, i1 %dec_139_read, i8 140, i1 %dec_140_read, i8 141, i1 %dec_141_read, i8 142, i1 %dec_142_read, i8 143, i1 %dec_143_read, i8 144, i1 %dec_144_read, i8 145, i1 %dec_145_read, i8 146, i1 %dec_146_read, i8 147, i1 %dec_147_read, i8 148, i1 %dec_148_read, i8 149, i1 %dec_149_read, i8 150, i1 %dec_150_read, i8 151, i1 %dec_151_read, i8 152, i1 %dec_152_read, i8 153, i1 %dec_153_read, i8 154, i1 %dec_154_read, i8 155, i1 %dec_155_read, i8 156, i1 %dec_156_read, i8 157, i1 %dec_157_read, i8 158, i1 %dec_158_read, i8 159, i1 %dec_159_read, i8 160, i1 %dec_160_read, i8 161, i1 %dec_161_read, i8 162, i1 %dec_162_read, i8 163, i1 %dec_163_read, i8 164, i1 %dec_164_read, i8 165, i1 %dec_165_read, i8 166, i1 %dec_166_read, i8 167, i1 %dec_167_read, i8 168, i1 %dec_168_read, i8 169, i1 %dec_169_read, i8 170, i1 %dec_170_read, i8 171, i1 %dec_171_read, i8 172, i1 %dec_172_read, i8 173, i1 %dec_173_read, i8 174, i1 %dec_174_read, i8 175, i1 %dec_175_read, i8 176, i1 %dec_176_read, i8 177, i1 %dec_177_read, i8 178, i1 %dec_178_read, i8 179, i1 %dec_179_read, i8 180, i1 %dec_180_read, i8 181, i1 %dec_181_read, i8 182, i1 %dec_182_read, i8 183, i1 %dec_183_read, i8 184, i1 %dec_184_read, i8 185, i1 %dec_185_read, i8 186, i1 %dec_186_read, i8 187, i1 %dec_187_read, i8 188, i1 %dec_188_read, i8 189, i1 %dec_189_read, i8 190, i1 %dec_190_read, i8 191, i1 %dec_191_read, i8 192, i1 %dec_192_read, i8 193, i1 %dec_193_read, i8 194, i1 %dec_194_read, i8 195, i1 %dec_195_read, i8 196, i1 %dec_196_read, i8 197, i1 %dec_197_read, i8 198, i1 %dec_198_read, i8 199, i1 %dec_199_read, i8 200, i1 %dec_200_read, i8 201, i1 %dec_201_read, i8 202, i1 %dec_202_read, i8 203, i1 %dec_203_read, i8 204, i1 %dec_204_read, i8 205, i1 %dec_205_read, i8 206, i1 %dec_206_read, i8 207, i1 %dec_207_read, i8 208, i1 %dec_208_read, i8 209, i1 %dec_209_read, i8 210, i1 %dec_210_read, i8 211, i1 %dec_211_read, i8 212, i1 %dec_212_read, i8 213, i1 %dec_213_read, i8 214, i1 %dec_214_read, i8 215, i1 %dec_215_read, i8 216, i1 %dec_216_read, i8 217, i1 %dec_217_read, i8 218, i1 %dec_218_read, i8 219, i1 %dec_219_read, i8 220, i1 %dec_220_read, i8 221, i1 %dec_221_read, i8 222, i1 %dec_222_read, i8 223, i1 %dec_223_read, i8 224, i1 %dec_224_read, i8 225, i1 %dec_225_read, i8 226, i1 %dec_226_read, i8 227, i1 %dec_227_read, i8 228, i1 %dec_228_read, i8 229, i1 %dec_229_read, i8 230, i1 %dec_230_read, i8 231, i1 %dec_231_read, i8 232, i1 %dec_232_read, i8 233, i1 %dec_233_read, i8 234, i1 %dec_234_read, i8 235, i1 %dec_235_read, i8 236, i1 %dec_236_read, i8 237, i1 %dec_237_read, i8 238, i1 %dec_238_read, i8 239, i1 %dec_239_read, i8 240, i1 %dec_240_read, i8 241, i1 %dec_241_read, i8 242, i1 %dec_242_read, i8 243, i1 %dec_243_read, i8 244, i1 %dec_244_read, i8 245, i1 %dec_245_read, i8 246, i1 %dec_246_read, i8 247, i1 %dec_247_read, i8 248, i1 %dec_248_read, i8 249, i1 %dec_249_read, i8 250, i1 %dec_250_read, i8 251, i1 %dec_251_read, i8 252, i1 %dec_252_read, i8 253, i1 %dec_253_read, i8 254, i1 %dec_254_read, i8 255, i1 %dec_255_read, i1 0, i8 %expected" [/home/m2_2/shared/dat480-final/Project_kernels_HLS_split/src/krnl_proj_split.cpp:115]   --->   Operation 281 'sparsemux' 'tmp_9' <Predicate = true> <Delay = 1.06> <CoreInst = "SparseMux">   --->   Core 147 'SparseMux' <Latency = 0> <II = 1> <Delay = 1.06> <FuncUnit> <Opcode : 'sparsemux'> <InPorts = 2> <OutPorts = 1>
ST_2 : Operation 291 [1/1] (0.00ns)   --->   "%match_mask_load = load i214 %match_mask"   --->   Operation 291 'load' 'match_mask_load' <Predicate = (icmp_ln112)> <Delay = 0.00>
ST_2 : Operation 292 [1/1] (0.00ns)   --->   "%write_ln0 = write void @_ssdm_op_Write.ap_auto.i214P0A, i214 %match_mask_out, i214 %match_mask_load"   --->   Operation 292 'write' 'write_ln0' <Predicate = (icmp_ln112)> <Delay = 0.00>
ST_2 : Operation 293 [1/1] (0.00ns)   --->   "%ret_ln0 = ret"   --->   Operation 293 'ret' 'ret_ln0' <Predicate = (icmp_ln112)> <Delay = 0.00>

State 3 <SV = 2> <Delay = 0.50>
ST_3 : Operation 282 [1/1] (0.00ns)   --->   "%match_mask_load_1 = load i214 %match_mask" [/home/m2_2/shared/dat480-final/Project_kernels_HLS_split/src/krnl_proj_split.cpp:113]   --->   Operation 282 'load' 'match_mask_load_1' <Predicate = true> <Delay = 0.00>
ST_3 : Operation 283 [1/1] (0.00ns)   --->   "%specpipeline_ln105 = specpipeline void @_ssdm_op_SpecPipeline, i32 4294967295, i32 0, i32 0, i32 0, void @empty_5" [/home/m2_2/shared/dat480-final/Project_kernels_HLS_split/src/krnl_proj_split.cpp:105]   --->   Operation 283 'specpipeline' 'specpipeline_ln105' <Predicate = true> <Delay = 0.00>
ST_3 : Operation 284 [1/1] (0.00ns)   --->   "%speclooptripcount_ln105 = speclooptripcount void @_ssdm_op_SpecLoopTripCount, i64 214, i64 214, i64 214" [/home/m2_2/shared/dat480-final/Project_kernels_HLS_split/src/krnl_proj_split.cpp:105]   --->   Operation 284 'speclooptripcount' 'speclooptripcount_ln105' <Predicate = true> <Delay = 0.00>
ST_3 : Operation 285 [1/1] (0.00ns)   --->   "%specloopname_ln112 = specloopname void @_ssdm_op_SpecLoopName, void @empty_14" [/home/m2_2/shared/dat480-final/Project_kernels_HLS_split/src/krnl_proj_split.cpp:112]   --->   Operation 285 'specloopname' 'specloopname_ln112' <Predicate = true> <Delay = 0.00>
ST_3 : Operation 286 [1/1] (0.12ns)   --->   "%and_ln113 = and i1 %icmp_ln113, i1 %tmp_9" [/home/m2_2/shared/dat480-final/Project_kernels_HLS_split/src/krnl_proj_split.cpp:113]   --->   Operation 286 'and' 'and_ln113' <Predicate = true> <Delay = 0.12> <CoreInst = "LogicGate">   --->   Core 74 'LogicGate' <Latency = 0> <II = 1> <Delay = 0.12> <FuncUnit> <Opcode : 'and' 'or' 'xor'> <InPorts = 2> <OutPorts = 1>
ST_3 : Operation 287 [1/1] (0.00ns)   --->   "%zext_ln113 = zext i8 %k_1" [/home/m2_2/shared/dat480-final/Project_kernels_HLS_split/src/krnl_proj_split.cpp:113]   --->   Operation 287 'zext' 'zext_ln113' <Predicate = true> <Delay = 0.00>
ST_3 : Operation 288 [1/1] (0.00ns)   --->   "%match_mask_1 = bitset i214 @_ssdm_op_BitSet.i214.i214.i32.i1, i214 %match_mask_load_1, i32 %zext_ln113, i1 %and_ln113" [/home/m2_2/shared/dat480-final/Project_kernels_HLS_split/src/krnl_proj_split.cpp:113]   --->   Operation 288 'bitset' 'match_mask_1' <Predicate = true> <Delay = 0.00>
ST_3 : Operation 289 [1/1] (0.38ns)   --->   "%store_ln105 = store i214 %match_mask_1, i214 %match_mask" [/home/m2_2/shared/dat480-final/Project_kernels_HLS_split/src/krnl_proj_split.cpp:105]   --->   Operation 289 'store' 'store_ln105' <Predicate = true> <Delay = 0.38>
ST_3 : Operation 290 [1/1] (0.00ns)   --->   "%br_ln112 = br void %for.body39" [/home/m2_2/shared/dat480-final/Project_kernels_HLS_split/src/krnl_proj_split.cpp:112]   --->   Operation 290 'br' 'br_ln112' <Predicate = true> <Delay = 0.00>


============================================================
+ Verbose Summary: Timing violations
============================================================
Target clock period: 3.333ns, clock uncertainty: 0.900ns.

 <State 1>: 2.432ns
The critical path consists of the following:
	'store' operation 0 bit ('store_ln112', /home/m2_2/shared/dat480-final/Project_kernels_HLS_split/src/krnl_proj_split.cpp:112) of constant 0 on local variable 'k', /home/m2_2/shared/dat480-final/Project_kernels_HLS_split/src/krnl_proj_split.cpp:112 [521]  (0.387 ns)
	'load' operation 8 bit ('k', /home/m2_2/shared/dat480-final/Project_kernels_HLS_split/src/krnl_proj_split.cpp:112) on local variable 'k', /home/m2_2/shared/dat480-final/Project_kernels_HLS_split/src/krnl_proj_split.cpp:112 [525]  (0.000 ns)
	'add' operation 18 bit ('add_ln114', /home/m2_2/shared/dat480-final/Project_kernels_HLS_split/src/krnl_proj_split.cpp:114) [532]  (0.797 ns)
	'getelementptr' operation 18 bit ('pattern_bytes_LONG_addr', /home/m2_2/shared/dat480-final/Project_kernels_HLS_split/src/krnl_proj_split.cpp:114) [534]  (0.000 ns)
	'load' operation 8 bit ('expected', /home/m2_2/shared/dat480-final/Project_kernels_HLS_split/src/krnl_proj_split.cpp:114) on array 'pattern_bytes_LONG' [539]  (1.248 ns)

 <State 2>: 2.315ns
The critical path consists of the following:
	'load' operation 8 bit ('expected', /home/m2_2/shared/dat480-final/Project_kernels_HLS_split/src/krnl_proj_split.cpp:114) on array 'pattern_bytes_LONG' [539]  (1.248 ns)
	'sparsemux' operation 1 bit ('tmp_9', /home/m2_2/shared/dat480-final/Project_kernels_HLS_split/src/krnl_proj_split.cpp:115) [540]  (1.067 ns)

 <State 3>: 0.509ns
The critical path consists of the following:
	'and' operation 1 bit ('and_ln113', /home/m2_2/shared/dat480-final/Project_kernels_HLS_split/src/krnl_proj_split.cpp:113) [541]  (0.122 ns)
	'store' operation 0 bit ('store_ln105', /home/m2_2/shared/dat480-final/Project_kernels_HLS_split/src/krnl_proj_split.cpp:105) of variable 'match_mask', /home/m2_2/shared/dat480-final/Project_kernels_HLS_split/src/krnl_proj_split.cpp:113 on local variable 'match_mask', /home/m2_2/shared/dat480-final/Project_kernels_HLS_split/src/krnl_proj_split.cpp:105 [545]  (0.387 ns)


============================================================
+ Verbose Summary: Binding
============================================================
N/A
* FSMD analyzer results:
  - Output states:
 - Input state : 
  - Chain level:
	State 1
	State 2
	State 3


============================================================
+ Verbose Summary: Datapath Resource usage 
============================================================
N/A
