

================================================================
== Vitis HLS Report for 'Block_entry211_proc'
================================================================
* Date:           Sat Jan 17 14:13:18 2026

* Version:        2023.2 (Build 4023990 on Oct 11 2023)
* Project:        krnl_proj_split
* Solution:       hls (Vitis Kernel Flow Target)
* Product family: virtexuplusHBM
* Target device:  xcu55c-fsvh2892-2L-e


================================================================
== Performance Estimates
================================================================
+ Timing: 
    * Summary: 
    +--------+---------+----------+------------+
    |  Clock |  Target | Estimated| Uncertainty|
    +--------+---------+----------+------------+
    |ap_clk  |  3.33 ns|  1.217 ns|     0.90 ns|
    +--------+---------+----------+------------+

+ Latency: 
    * Summary: 
    +---------+---------+----------+----------+-----+-----+---------+
    |  Latency (cycles) |  Latency (absolute) |  Interval | Pipeline|
    |   min   |   max   |    min   |    max   | min | max |   Type  |
    +---------+---------+----------+----------+-----+-----+---------+
    |        0|        0|      0 ns|      0 ns|    0|    0|       no|
    +---------+---------+----------+----------+-----+-----+---------+

    + Detail: 
        * Instance: 
        N/A

        * Loop: 
        N/A



================================================================
== Utilization Estimates
================================================================
* Summary: 
+---------------------+---------+------+---------+---------+-----+
|         Name        | BRAM_18K|  DSP |    FF   |   LUT   | URAM|
+---------------------+---------+------+---------+---------+-----+
|DSP                  |        -|     -|        -|        -|    -|
|Expression           |        -|     -|        0|        2|    -|
|FIFO                 |        -|     -|        -|        -|    -|
|Instance             |        -|     -|        -|        -|    -|
|Memory               |        -|     -|        -|        -|    -|
|Multiplexer          |        -|     -|        -|       27|    -|
|Register             |        -|     -|      130|        -|    -|
+---------------------+---------+------+---------+---------+-----+
|Total                |        0|     0|      130|       29|    0|
+---------------------+---------+------+---------+---------+-----+
|Available SLR        |     1344|  3008|   869120|   434560|  320|
+---------------------+---------+------+---------+---------+-----+
|Utilization SLR (%)  |        0|     0|       ~0|       ~0|    0|
+---------------------+---------+------+---------+---------+-----+
|Available            |     4032|  9024|  2607360|  1303680|  960|
+---------------------+---------+------+---------+---------+-----+
|Utilization (%)      |        0|     0|       ~0|       ~0|    0|
+---------------------+---------+------+---------+---------+-----+

+ Detail: 
    * Instance: 
    N/A

    * DSP: 
    N/A

    * Memory: 
    N/A

    * FIFO: 
    N/A

    * Expression: 
    +-----------------+----------+----+---+----+------------+------------+
    |  Variable Name  | Operation| DSP| FF| LUT| Bitwidth P0| Bitwidth P1|
    +-----------------+----------+----+---+----+------------+------------+
    |ap_block_state1  |        or|   0|  0|   2|           1|           1|
    +-----------------+----------+----+---+----+------------+------------+
    |Total            |          |   0|  0|   2|           1|           1|
    +-----------------+----------+----+---+----+------------+------------+

    * Multiplexer: 
    +------------------+----+-----------+-----+-----------+
    |       Name       | LUT| Input Size| Bits| Total Bits|
    +------------------+----+-----------+-----+-----------+
    |ap_done           |   9|          2|    1|          2|
    |processed_bytes   |   9|          2|   64|        128|
    |processed_cycles  |   9|          2|   64|        128|
    +------------------+----+-----------+-----+-----------+
    |Total             |  27|          6|  129|        258|
    +------------------+----+-----------+-----+-----------+

    * Register: 
    +-----------------------+----+----+-----+-----------+
    |          Name         | FF | LUT| Bits| Const Bits|
    +-----------------------+----+----+-----+-----------+
    |ap_CS_fsm              |   1|   0|    1|          0|
    |ap_done_reg            |   1|   0|    1|          0|
    |processed_bytes_preg   |  64|   0|   64|          0|
    |processed_cycles_preg  |  64|   0|   64|          0|
    +-----------------------+----+----+-----+-----------+
    |Total                  | 130|   0|  130|          0|
    +-----------------------+----+----+-----+-----------+



================================================================
== Interface
================================================================
* Summary: 
+-------------------------+-----+-----+------------+---------------------+--------------+
|        RTL Ports        | Dir | Bits|  Protocol  |    Source Object    |    C Type    |
+-------------------------+-----+-----+------------+---------------------+--------------+
|ap_clk                   |   in|    1|  ap_ctrl_hs|  Block_entry211_proc|  return value|
|ap_rst                   |   in|    1|  ap_ctrl_hs|  Block_entry211_proc|  return value|
|ap_start                 |   in|    1|  ap_ctrl_hs|  Block_entry211_proc|  return value|
|ap_done                  |  out|    1|  ap_ctrl_hs|  Block_entry211_proc|  return value|
|ap_continue              |   in|    1|  ap_ctrl_hs|  Block_entry211_proc|  return value|
|ap_idle                  |  out|    1|  ap_ctrl_hs|  Block_entry211_proc|  return value|
|ap_ready                 |  out|    1|  ap_ctrl_hs|  Block_entry211_proc|  return value|
|p_read                   |   in|   64|     ap_none|               p_read|        scalar|
|processed_bytes          |  out|   64|      ap_vld|      processed_bytes|       pointer|
|processed_bytes_ap_vld   |  out|    1|      ap_vld|      processed_bytes|       pointer|
|processed_cycles         |  out|   64|      ap_vld|     processed_cycles|       pointer|
|processed_cycles_ap_vld  |  out|    1|      ap_vld|     processed_cycles|       pointer|
+-------------------------+-----+-----+------------+---------------------+--------------+

