

================================================================
== Vitis HLS Report for 'matcher_engine_1720_16_Pipeline_pattern_loop'
================================================================
* Date:           Sat Jan 17 14:12:48 2026

* Version:        2023.2 (Build 4023990 on Oct 11 2023)
* Project:        krnl_proj_split
* Solution:       hls (Vitis Kernel Flow Target)
* Product family: virtexuplusHBM
* Target device:  xcu55c-fsvh2892-2L-e


================================================================
== Performance Estimates
================================================================
+ Timing: 
    * Summary: 
    +--------+---------+----------+------------+
    |  Clock |  Target | Estimated| Uncertainty|
    +--------+---------+----------+------------+
    |ap_clk  |  3.33 ns|  2.399 ns|     0.90 ns|
    +--------+---------+----------+------------+

+ Latency: 
    * Summary: 
    +---------+---------+-----------+-----------+------+------+---------+
    |  Latency (cycles) |   Latency (absolute)  |   Interval  | Pipeline|
    |   min   |   max   |    min    |    max    |  min |  max |   Type  |
    +---------+---------+-----------+-----------+------+------+---------+
    |     3444|     3444|  11.479 us|  11.479 us|  3444|  3444|       no|
    +---------+---------+-----------+-----------+------+------+---------+

    + Detail: 
        * Instance: 
        N/A

        * Loop: 
        +----------------+---------+---------+----------+-----------+-----------+------+----------+
        |                |  Latency (cycles) | Iteration|  Initiation Interval  | Trip |          |
        |    Loop Name   |   min   |   max   |  Latency |  achieved |   target  | Count| Pipelined|
        +----------------+---------+---------+----------+-----------+-----------+------+----------+
        |- pattern_loop  |     3442|     3442|         5|          2|          1|  1720|       yes|
        +----------------+---------+---------+----------+-----------+-----------+------+----------+



================================================================
== Utilization Estimates
================================================================
* Summary: 
+---------------------+---------+------+---------+---------+-----+
|         Name        | BRAM_18K|  DSP |    FF   |   LUT   | URAM|
+---------------------+---------+------+---------+---------+-----+
|DSP                  |        -|     -|        -|        -|    -|
|Expression           |        -|     -|        0|      403|    -|
|FIFO                 |        -|     -|        -|        -|    -|
|Instance             |        -|     -|        0|    21792|    -|
|Memory               |       19|     -|        0|        0|    -|
|Multiplexer          |        -|     -|        -|      100|    -|
|Register             |        -|     -|      118|        -|    -|
+---------------------+---------+------+---------+---------+-----+
|Total                |       19|     0|      118|    22295|    0|
+---------------------+---------+------+---------+---------+-----+
|Available SLR        |     1344|  3008|   869120|   434560|  320|
+---------------------+---------+------+---------+---------+-----+
|Utilization SLR (%)  |        1|     0|       ~0|        5|    0|
+---------------------+---------+------+---------+---------+-----+
|Available            |     4032|  9024|  2607360|  1303680|  960|
+---------------------+---------+------+---------+---------+-----+
|Utilization (%)      |       ~0|     0|       ~0|        1|    0|
+---------------------+---------+------+---------+---------+-----+

+ Detail: 
    * Instance: 
    +---------------------------+-----------------------+---------+----+---+------+-----+
    |          Instance         |         Module        | BRAM_18K| DSP| FF|  LUT | URAM|
    +---------------------------+-----------------------+---------+----+---+------+-----+
    |sparsemux_513_8_1_1_1_U26  |sparsemux_513_8_1_1_1  |        0|   0|  0|  1362|    0|
    |sparsemux_513_8_1_1_1_U27  |sparsemux_513_8_1_1_1  |        0|   0|  0|  1362|    0|
    |sparsemux_513_8_1_1_1_U28  |sparsemux_513_8_1_1_1  |        0|   0|  0|  1362|    0|
    |sparsemux_513_8_1_1_1_U29  |sparsemux_513_8_1_1_1  |        0|   0|  0|  1362|    0|
    |sparsemux_513_8_1_1_1_U30  |sparsemux_513_8_1_1_1  |        0|   0|  0|  1362|    0|
    |sparsemux_513_8_1_1_1_U31  |sparsemux_513_8_1_1_1  |        0|   0|  0|  1362|    0|
    |sparsemux_513_8_1_1_1_U32  |sparsemux_513_8_1_1_1  |        0|   0|  0|  1362|    0|
    |sparsemux_513_8_1_1_1_U33  |sparsemux_513_8_1_1_1  |        0|   0|  0|  1362|    0|
    |sparsemux_513_8_1_1_1_U34  |sparsemux_513_8_1_1_1  |        0|   0|  0|  1362|    0|
    |sparsemux_513_8_1_1_1_U35  |sparsemux_513_8_1_1_1  |        0|   0|  0|  1362|    0|
    |sparsemux_513_8_1_1_1_U36  |sparsemux_513_8_1_1_1  |        0|   0|  0|  1362|    0|
    |sparsemux_513_8_1_1_1_U37  |sparsemux_513_8_1_1_1  |        0|   0|  0|  1362|    0|
    |sparsemux_513_8_1_1_1_U38  |sparsemux_513_8_1_1_1  |        0|   0|  0|  1362|    0|
    |sparsemux_513_8_1_1_1_U39  |sparsemux_513_8_1_1_1  |        0|   0|  0|  1362|    0|
    |sparsemux_513_8_1_1_1_U40  |sparsemux_513_8_1_1_1  |        0|   0|  0|  1362|    0|
    |sparsemux_513_8_1_1_1_U41  |sparsemux_513_8_1_1_1  |        0|   0|  0|  1362|    0|
    +---------------------------+-----------------------+---------+----+---+------+-----+
    |Total                      |                       |        0|   0|  0| 21792|    0|
    +---------------------------+-----------------------+---------+----+---+------+-----+

    * DSP: 
    N/A

    * Memory: 
    +--------------------------------+----------------------------------------------------------------------------------+---------+---+----+-----+------+-----+------+-------------+
    |             Memory             |                                      Module                                      | BRAM_18K| FF| LUT| URAM| Words| Bits| Banks| W*Bits*Banks|
    +--------------------------------+----------------------------------------------------------------------------------+---------+---+----+-----+------+-----+------+-------------+
    |p_ZL19pattern_bytes_SHORT_0_U   |matcher_engine_1720_16_Pipeline_pattern_loop_p_ZL19pattern_bytes_SHORT_0_ROM_bkb  |        1|  0|   0|    0|  1720|    8|     1|        13760|
    |p_ZL19pattern_bytes_SHORT_10_U  |matcher_engine_1720_16_Pipeline_pattern_loop_p_ZL19pattern_bytes_SHORT_10_ROMlbW  |        1|  0|   0|    0|  1720|    8|     1|        13760|
    |p_ZL19pattern_bytes_SHORT_11_U  |matcher_engine_1720_16_Pipeline_pattern_loop_p_ZL19pattern_bytes_SHORT_11_ROMmb6  |        1|  0|   0|    0|  1720|    8|     1|        13760|
    |p_ZL19pattern_bytes_SHORT_12_U  |matcher_engine_1720_16_Pipeline_pattern_loop_p_ZL19pattern_bytes_SHORT_12_ROMncg  |        1|  0|   0|    0|  1720|    8|     1|        13760|
    |p_ZL19pattern_bytes_SHORT_13_U  |matcher_engine_1720_16_Pipeline_pattern_loop_p_ZL19pattern_bytes_SHORT_13_ROMocq  |        1|  0|   0|    0|  1720|    8|     1|        13760|
    |p_ZL19pattern_bytes_SHORT_14_U  |matcher_engine_1720_16_Pipeline_pattern_loop_p_ZL19pattern_bytes_SHORT_14_ROMpcA  |        1|  0|   0|    0|  1720|    8|     1|        13760|
    |p_ZL19pattern_bytes_SHORT_15_U  |matcher_engine_1720_16_Pipeline_pattern_loop_p_ZL19pattern_bytes_SHORT_15_ROMqcK  |        1|  0|   0|    0|  1720|    8|     1|        13760|
    |p_ZL19pattern_bytes_SHORT_1_U   |matcher_engine_1720_16_Pipeline_pattern_loop_p_ZL19pattern_bytes_SHORT_1_ROM_cud  |        1|  0|   0|    0|  1720|    8|     1|        13760|
    |p_ZL19pattern_bytes_SHORT_2_U   |matcher_engine_1720_16_Pipeline_pattern_loop_p_ZL19pattern_bytes_SHORT_2_ROM_dEe  |        1|  0|   0|    0|  1720|    8|     1|        13760|
    |p_ZL19pattern_bytes_SHORT_3_U   |matcher_engine_1720_16_Pipeline_pattern_loop_p_ZL19pattern_bytes_SHORT_3_ROM_eOg  |        1|  0|   0|    0|  1720|    8|     1|        13760|
    |p_ZL19pattern_bytes_SHORT_4_U   |matcher_engine_1720_16_Pipeline_pattern_loop_p_ZL19pattern_bytes_SHORT_4_ROM_fYi  |        1|  0|   0|    0|  1720|    8|     1|        13760|
    |p_ZL19pattern_bytes_SHORT_5_U   |matcher_engine_1720_16_Pipeline_pattern_loop_p_ZL19pattern_bytes_SHORT_5_ROM_g8j  |        1|  0|   0|    0|  1720|    8|     1|        13760|
    |p_ZL19pattern_bytes_SHORT_6_U   |matcher_engine_1720_16_Pipeline_pattern_loop_p_ZL19pattern_bytes_SHORT_6_ROM_hbi  |        1|  0|   0|    0|  1720|    8|     1|        13760|
    |p_ZL19pattern_bytes_SHORT_7_U   |matcher_engine_1720_16_Pipeline_pattern_loop_p_ZL19pattern_bytes_SHORT_7_ROM_ibs  |        1|  0|   0|    0|  1720|    8|     1|        13760|
    |p_ZL19pattern_bytes_SHORT_8_U   |matcher_engine_1720_16_Pipeline_pattern_loop_p_ZL19pattern_bytes_SHORT_8_ROM_jbC  |        1|  0|   0|    0|  1720|    8|     1|        13760|
    |p_ZL19pattern_bytes_SHORT_9_U   |matcher_engine_1720_16_Pipeline_pattern_loop_p_ZL19pattern_bytes_SHORT_9_ROM_kbM  |        1|  0|   0|    0|  1720|    8|     1|        13760|
    |pattern_id_SHORT_U              |matcher_engine_1720_16_Pipeline_pattern_loop_pattern_id_SHORT_ROM_AUTO_1R         |        2|  0|   0|    0|  1720|   12|     1|        20640|
    |pattern_len_SHORT_U             |matcher_engine_1720_16_Pipeline_pattern_loop_pattern_len_SHORT_ROM_AUTO_1R        |        1|  0|   0|    0|  1720|    5|     1|         8600|
    +--------------------------------+----------------------------------------------------------------------------------+---------+---+----+-----+------+-----+------+-------------+
    |Total                           |                                                                                  |       19|  0|   0|    0| 30960|  145|    18|       249400|
    +--------------------------------+----------------------------------------------------------------------------------+---------+---+----+-----+------+-----+------+-------------+

    * FIFO: 
    N/A

    * Expression: 
    +----------------------------------+----------+----+---+----+------------+------------+
    |           Variable Name          | Operation| DSP| FF| LUT| Bitwidth P0| Bitwidth P1|
    +----------------------------------+----------+----+---+----+------------+------------+
    |add_ln104_fu_2988_p2              |         +|   0|  0|  18|          11|           1|
    |add_ln124_fu_15761_p2             |         +|   0|  0|  12|           5|           2|
    |and_ln113_10_fu_15672_p2          |       and|   0|  0|   2|           1|           1|
    |and_ln113_1_fu_15570_p2           |       and|   0|  0|   2|           1|           1|
    |and_ln113_2_fu_15590_p2           |       and|   0|  0|   2|           1|           1|
    |and_ln113_3_fu_15600_p2           |       and|   0|  0|   2|           1|           1|
    |and_ln113_4_fu_15610_p2           |       and|   0|  0|   2|           1|           1|
    |and_ln113_5_fu_15620_p2           |       and|   0|  0|   2|           1|           1|
    |and_ln113_6_fu_15630_p2           |       and|   0|  0|   2|           1|           1|
    |and_ln113_7_fu_15640_p2           |       and|   0|  0|   2|           1|           1|
    |and_ln113_8_fu_15650_p2           |       and|   0|  0|   2|           1|           1|
    |and_ln113_9_fu_15660_p2           |       and|   0|  0|   2|           1|           1|
    |and_ln113_fu_15560_p2             |       and|   0|  0|   2|           1|           1|
    |and_ln121_fu_15755_p2             |       and|   0|  0|  15|          15|          15|
    |and_ln124_2_fu_15776_p2           |       and|   0|  0|  16|          16|          16|
    |and_ln124_fu_15782_p2             |       and|   0|  0|  16|          16|          16|
    |ap_block_pp0_stage0_01001         |       and|   0|  0|   2|           1|           1|
    |ap_block_state5_pp0_stage0_iter2  |       and|   0|  0|   2|           1|           1|
    |ap_predicate_op414_write_state5   |       and|   0|  0|   2|           1|           1|
    |icmp_ln104_fu_2982_p2             |      icmp|   0|  0|  18|          11|          10|
    |icmp_ln107_fu_3004_p2             |      icmp|   0|  0|  12|           5|           1|
    |icmp_ln113_10_fu_15625_p2         |      icmp|   0|  0|  12|           5|           4|
    |icmp_ln113_11_fu_15635_p2         |      icmp|   0|  0|  12|           5|           4|
    |icmp_ln113_12_fu_15645_p2         |      icmp|   0|  0|  12|           5|           4|
    |icmp_ln113_13_fu_15655_p2         |      icmp|   0|  0|  12|           5|           4|
    |icmp_ln113_1_fu_15461_p2          |      icmp|   0|  0|  12|           5|           2|
    |icmp_ln113_2_fu_15498_p2          |      icmp|   0|  0|  10|           3|           1|
    |icmp_ln113_3_fu_15527_p2          |      icmp|   0|  0|  12|           5|           3|
    |icmp_ln113_4_fu_15555_p2          |      icmp|   0|  0|  12|           5|           3|
    |icmp_ln113_5_fu_15565_p2          |      icmp|   0|  0|  12|           5|           3|
    |icmp_ln113_6_fu_15584_p2          |      icmp|   0|  0|   9|           2|           1|
    |icmp_ln113_7_fu_15595_p2          |      icmp|   0|  0|  12|           5|           4|
    |icmp_ln113_8_fu_15605_p2          |      icmp|   0|  0|  12|           5|           4|
    |icmp_ln113_9_fu_15615_p2          |      icmp|   0|  0|  12|           5|           4|
    |icmp_ln113_fu_3795_p2             |      icmp|   0|  0|  12|           4|           1|
    |icmp_ln124_fu_15788_p2            |      icmp|   0|  0|  23|          16|           1|
    |or_ln121_2_fu_15749_p2            |        or|   0|  0|  15|          15|           1|
    |or_ln121_fu_15717_p2              |        or|   0|  0|  16|          16|           1|
    |match_mask_3_fu_15519_p3          |    select|   0|  0|   4|           1|           4|
    |match_mask_4_fu_15547_p3          |    select|   0|  0|   5|           1|           5|
    |select_ln113_1_fu_15481_p3        |    select|   0|  0|   3|           1|           3|
    |select_ln113_fu_15454_p3          |    select|   0|  0|   2|           1|           2|
    |shl_ln124_fu_15770_p2             |       shl|   0|  0|  35|           1|          16|
    |ap_enable_pp0                     |       xor|   0|  0|   2|           1|           2|
    +----------------------------------+----------+----+---+----+------------+------------+
    |Total                             |          |   0|  0| 403|         210|         152|
    +----------------------------------+----------+----+---+----+------------+------------+

    * Multiplexer: 
    +----------------------------------+----+-----------+-----+-----------+
    |               Name               | LUT| Input Size| Bits| Total Bits|
    +----------------------------------+----+-----------+-----+-----------+
    |ap_NS_fsm                         |  14|          3|    1|          3|
    |ap_done_int                       |   9|          2|    1|          2|
    |ap_enable_reg_pp0_iter0           |   9|          2|    1|          2|
    |ap_enable_reg_pp0_iter1           |   9|          2|    1|          2|
    |ap_enable_reg_pp0_iter2           |   9|          2|    1|          2|
    |ap_loop_exit_ready_pp0_iter1_reg  |   9|          2|    1|          2|
    |ap_sig_allocacmp_p_4              |   9|          2|   11|         22|
    |p_fu_1180                         |   9|          2|   11|         22|
    |short_matches_blk_n               |   9|          2|    1|          2|
    |state_1_address0                  |  14|          3|   11|         33|
    +----------------------------------+----+-----------+-----+-----------+
    |Total                             | 100|         22|   40|         92|
    +----------------------------------+----+-----------+-----+-----------+

    * Register: 
    +--------------------------------------+----+----+-----+-----------+
    |                 Name                 | FF | LUT| Bits| Const Bits|
    +--------------------------------------+----+----+-----+-----------+
    |and_ln121_reg_21170                   |  15|   0|   15|          0|
    |ap_CS_fsm                             |   2|   0|    2|          0|
    |ap_done_reg                           |   1|   0|    1|          0|
    |ap_enable_reg_pp0_iter0_reg           |   1|   0|    1|          0|
    |ap_enable_reg_pp0_iter1               |   1|   0|    1|          0|
    |ap_enable_reg_pp0_iter2               |   1|   0|    1|          0|
    |ap_loop_exit_ready_pp0_iter1_reg      |   1|   0|    1|          0|
    |icmp_ln104_reg_20938                  |   1|   0|    1|          0|
    |icmp_ln107_reg_20989                  |   1|   0|    1|          0|
    |icmp_ln107_reg_20989_pp0_iter1_reg    |   1|   0|    1|          0|
    |icmp_ln113_reg_21084                  |   1|   0|    1|          0|
    |icmp_ln124_reg_21175                  |   1|   0|    1|          0|
    |len_reg_20969                         |   5|   0|    5|          0|
    |p_fu_1180                             |  11|   0|   11|          0|
    |state_1_addr_reg_21073                |  11|   0|   11|          0|
    |state_1_addr_reg_21073_pp0_iter1_reg  |  11|   0|   11|          0|
    |state_1_load_reg_21164                |  15|   0|   15|          0|
    |tmp_10_reg_21134                      |   1|   0|    1|          0|
    |tmp_11_reg_21139                      |   1|   0|    1|          0|
    |tmp_12_reg_21144                      |   1|   0|    1|          0|
    |tmp_13_reg_21149                      |   1|   0|    1|          0|
    |tmp_14_reg_21154                      |   1|   0|    1|          0|
    |tmp_15_reg_21159                      |   1|   0|    1|          0|
    |tmp_1_reg_21089                       |   1|   0|    1|          0|
    |tmp_2_reg_21094                       |   1|   0|    1|          0|
    |tmp_3_reg_21099                       |   1|   0|    1|          0|
    |tmp_4_reg_21104                       |   1|   0|    1|          0|
    |tmp_5_reg_21109                       |   1|   0|    1|          0|
    |tmp_6_reg_21114                       |   1|   0|    1|          0|
    |tmp_7_reg_21119                       |   1|   0|    1|          0|
    |tmp_8_reg_21124                       |   1|   0|    1|          0|
    |tmp_9_reg_21129                       |   1|   0|    1|          0|
    |tmp_s_reg_21078                       |   1|   0|    1|          0|
    |zext_ln104_reg_20942                  |  11|   0|   64|         53|
    |zext_ln104_reg_20942_pp0_iter1_reg    |  11|   0|   64|         53|
    +--------------------------------------+----+----+-----+-----------+
    |Total                                 | 118|   0|  224|        106|
    +--------------------------------------+----+----+-----+-----------+



================================================================
== Interface
================================================================
* Summary: 
+------------------------------+-----+-----+------------+------------------------------------------------+--------------+
|           RTL Ports          | Dir | Bits|  Protocol  |                  Source Object                 |    C Type    |
+------------------------------+-----+-----+------------+------------------------------------------------+--------------+
|ap_clk                        |   in|    1|  ap_ctrl_hs|  matcher_engine<1720, 16>_Pipeline_pattern_loop|  return value|
|ap_rst                        |   in|    1|  ap_ctrl_hs|  matcher_engine<1720, 16>_Pipeline_pattern_loop|  return value|
|ap_start                      |   in|    1|  ap_ctrl_hs|  matcher_engine<1720, 16>_Pipeline_pattern_loop|  return value|
|ap_done                       |  out|    1|  ap_ctrl_hs|  matcher_engine<1720, 16>_Pipeline_pattern_loop|  return value|
|ap_idle                       |  out|    1|  ap_ctrl_hs|  matcher_engine<1720, 16>_Pipeline_pattern_loop|  return value|
|ap_ready                      |  out|    1|  ap_ctrl_hs|  matcher_engine<1720, 16>_Pipeline_pattern_loop|  return value|
|dec                           |   in|    1|     ap_none|                                             dec|        scalar|
|dec_256                       |   in|    1|     ap_none|                                         dec_256|        scalar|
|dec_257                       |   in|    1|     ap_none|                                         dec_257|        scalar|
|dec_258                       |   in|    1|     ap_none|                                         dec_258|        scalar|
|dec_259                       |   in|    1|     ap_none|                                         dec_259|        scalar|
|dec_260                       |   in|    1|     ap_none|                                         dec_260|        scalar|
|dec_261                       |   in|    1|     ap_none|                                         dec_261|        scalar|
|dec_262                       |   in|    1|     ap_none|                                         dec_262|        scalar|
|dec_263                       |   in|    1|     ap_none|                                         dec_263|        scalar|
|dec_264                       |   in|    1|     ap_none|                                         dec_264|        scalar|
|dec_265                       |   in|    1|     ap_none|                                         dec_265|        scalar|
|dec_266                       |   in|    1|     ap_none|                                         dec_266|        scalar|
|dec_267                       |   in|    1|     ap_none|                                         dec_267|        scalar|
|dec_268                       |   in|    1|     ap_none|                                         dec_268|        scalar|
|dec_269                       |   in|    1|     ap_none|                                         dec_269|        scalar|
|dec_270                       |   in|    1|     ap_none|                                         dec_270|        scalar|
|dec_271                       |   in|    1|     ap_none|                                         dec_271|        scalar|
|dec_272                       |   in|    1|     ap_none|                                         dec_272|        scalar|
|dec_273                       |   in|    1|     ap_none|                                         dec_273|        scalar|
|dec_274                       |   in|    1|     ap_none|                                         dec_274|        scalar|
|dec_275                       |   in|    1|     ap_none|                                         dec_275|        scalar|
|dec_276                       |   in|    1|     ap_none|                                         dec_276|        scalar|
|dec_277                       |   in|    1|     ap_none|                                         dec_277|        scalar|
|dec_278                       |   in|    1|     ap_none|                                         dec_278|        scalar|
|dec_279                       |   in|    1|     ap_none|                                         dec_279|        scalar|
|dec_280                       |   in|    1|     ap_none|                                         dec_280|        scalar|
|dec_281                       |   in|    1|     ap_none|                                         dec_281|        scalar|
|dec_282                       |   in|    1|     ap_none|                                         dec_282|        scalar|
|dec_283                       |   in|    1|     ap_none|                                         dec_283|        scalar|
|dec_284                       |   in|    1|     ap_none|                                         dec_284|        scalar|
|dec_285                       |   in|    1|     ap_none|                                         dec_285|        scalar|
|dec_286                       |   in|    1|     ap_none|                                         dec_286|        scalar|
|dec_287                       |   in|    1|     ap_none|                                         dec_287|        scalar|
|dec_288                       |   in|    1|     ap_none|                                         dec_288|        scalar|
|dec_289                       |   in|    1|     ap_none|                                         dec_289|        scalar|
|dec_290                       |   in|    1|     ap_none|                                         dec_290|        scalar|
|dec_291                       |   in|    1|     ap_none|                                         dec_291|        scalar|
|dec_292                       |   in|    1|     ap_none|                                         dec_292|        scalar|
|dec_293                       |   in|    1|     ap_none|                                         dec_293|        scalar|
|dec_294                       |   in|    1|     ap_none|                                         dec_294|        scalar|
|dec_295                       |   in|    1|     ap_none|                                         dec_295|        scalar|
|dec_296                       |   in|    1|     ap_none|                                         dec_296|        scalar|
|dec_297                       |   in|    1|     ap_none|                                         dec_297|        scalar|
|dec_298                       |   in|    1|     ap_none|                                         dec_298|        scalar|
|dec_299                       |   in|    1|     ap_none|                                         dec_299|        scalar|
|dec_300                       |   in|    1|     ap_none|                                         dec_300|        scalar|
|dec_301                       |   in|    1|     ap_none|                                         dec_301|        scalar|
|dec_302                       |   in|    1|     ap_none|                                         dec_302|        scalar|
|dec_303                       |   in|    1|     ap_none|                                         dec_303|        scalar|
|dec_304                       |   in|    1|     ap_none|                                         dec_304|        scalar|
|dec_305                       |   in|    1|     ap_none|                                         dec_305|        scalar|
|dec_306                       |   in|    1|     ap_none|                                         dec_306|        scalar|
|dec_307                       |   in|    1|     ap_none|                                         dec_307|        scalar|
|dec_308                       |   in|    1|     ap_none|                                         dec_308|        scalar|
|dec_309                       |   in|    1|     ap_none|                                         dec_309|        scalar|
|dec_310                       |   in|    1|     ap_none|                                         dec_310|        scalar|
|dec_311                       |   in|    1|     ap_none|                                         dec_311|        scalar|
|dec_312                       |   in|    1|     ap_none|                                         dec_312|        scalar|
|dec_313                       |   in|    1|     ap_none|                                         dec_313|        scalar|
|dec_314                       |   in|    1|     ap_none|                                         dec_314|        scalar|
|dec_315                       |   in|    1|     ap_none|                                         dec_315|        scalar|
|dec_316                       |   in|    1|     ap_none|                                         dec_316|        scalar|
|dec_317                       |   in|    1|     ap_none|                                         dec_317|        scalar|
|dec_318                       |   in|    1|     ap_none|                                         dec_318|        scalar|
|dec_319                       |   in|    1|     ap_none|                                         dec_319|        scalar|
|dec_320                       |   in|    1|     ap_none|                                         dec_320|        scalar|
|dec_321                       |   in|    1|     ap_none|                                         dec_321|        scalar|
|dec_322                       |   in|    1|     ap_none|                                         dec_322|        scalar|
|dec_323                       |   in|    1|     ap_none|                                         dec_323|        scalar|
|dec_324                       |   in|    1|     ap_none|                                         dec_324|        scalar|
|dec_325                       |   in|    1|     ap_none|                                         dec_325|        scalar|
|dec_326                       |   in|    1|     ap_none|                                         dec_326|        scalar|
|dec_327                       |   in|    1|     ap_none|                                         dec_327|        scalar|
|dec_328                       |   in|    1|     ap_none|                                         dec_328|        scalar|
|dec_329                       |   in|    1|     ap_none|                                         dec_329|        scalar|
|dec_330                       |   in|    1|     ap_none|                                         dec_330|        scalar|
|dec_331                       |   in|    1|     ap_none|                                         dec_331|        scalar|
|dec_332                       |   in|    1|     ap_none|                                         dec_332|        scalar|
|dec_333                       |   in|    1|     ap_none|                                         dec_333|        scalar|
|dec_334                       |   in|    1|     ap_none|                                         dec_334|        scalar|
|dec_335                       |   in|    1|     ap_none|                                         dec_335|        scalar|
|dec_336                       |   in|    1|     ap_none|                                         dec_336|        scalar|
|dec_337                       |   in|    1|     ap_none|                                         dec_337|        scalar|
|dec_338                       |   in|    1|     ap_none|                                         dec_338|        scalar|
|dec_339                       |   in|    1|     ap_none|                                         dec_339|        scalar|
|dec_340                       |   in|    1|     ap_none|                                         dec_340|        scalar|
|dec_341                       |   in|    1|     ap_none|                                         dec_341|        scalar|
|dec_342                       |   in|    1|     ap_none|                                         dec_342|        scalar|
|dec_343                       |   in|    1|     ap_none|                                         dec_343|        scalar|
|dec_344                       |   in|    1|     ap_none|                                         dec_344|        scalar|
|dec_345                       |   in|    1|     ap_none|                                         dec_345|        scalar|
|dec_346                       |   in|    1|     ap_none|                                         dec_346|        scalar|
|dec_347                       |   in|    1|     ap_none|                                         dec_347|        scalar|
|dec_348                       |   in|    1|     ap_none|                                         dec_348|        scalar|
|dec_349                       |   in|    1|     ap_none|                                         dec_349|        scalar|
|dec_350                       |   in|    1|     ap_none|                                         dec_350|        scalar|
|dec_351                       |   in|    1|     ap_none|                                         dec_351|        scalar|
|dec_352                       |   in|    1|     ap_none|                                         dec_352|        scalar|
|dec_353                       |   in|    1|     ap_none|                                         dec_353|        scalar|
|dec_354                       |   in|    1|     ap_none|                                         dec_354|        scalar|
|dec_355                       |   in|    1|     ap_none|                                         dec_355|        scalar|
|dec_356                       |   in|    1|     ap_none|                                         dec_356|        scalar|
|dec_357                       |   in|    1|     ap_none|                                         dec_357|        scalar|
|dec_358                       |   in|    1|     ap_none|                                         dec_358|        scalar|
|dec_359                       |   in|    1|     ap_none|                                         dec_359|        scalar|
|dec_360                       |   in|    1|     ap_none|                                         dec_360|        scalar|
|dec_361                       |   in|    1|     ap_none|                                         dec_361|        scalar|
|dec_362                       |   in|    1|     ap_none|                                         dec_362|        scalar|
|dec_363                       |   in|    1|     ap_none|                                         dec_363|        scalar|
|dec_364                       |   in|    1|     ap_none|                                         dec_364|        scalar|
|dec_365                       |   in|    1|     ap_none|                                         dec_365|        scalar|
|dec_366                       |   in|    1|     ap_none|                                         dec_366|        scalar|
|dec_367                       |   in|    1|     ap_none|                                         dec_367|        scalar|
|dec_368                       |   in|    1|     ap_none|                                         dec_368|        scalar|
|dec_369                       |   in|    1|     ap_none|                                         dec_369|        scalar|
|dec_370                       |   in|    1|     ap_none|                                         dec_370|        scalar|
|dec_371                       |   in|    1|     ap_none|                                         dec_371|        scalar|
|dec_372                       |   in|    1|     ap_none|                                         dec_372|        scalar|
|dec_373                       |   in|    1|     ap_none|                                         dec_373|        scalar|
|dec_374                       |   in|    1|     ap_none|                                         dec_374|        scalar|
|dec_375                       |   in|    1|     ap_none|                                         dec_375|        scalar|
|dec_376                       |   in|    1|     ap_none|                                         dec_376|        scalar|
|dec_377                       |   in|    1|     ap_none|                                         dec_377|        scalar|
|dec_378                       |   in|    1|     ap_none|                                         dec_378|        scalar|
|dec_379                       |   in|    1|     ap_none|                                         dec_379|        scalar|
|dec_380                       |   in|    1|     ap_none|                                         dec_380|        scalar|
|dec_381                       |   in|    1|     ap_none|                                         dec_381|        scalar|
|dec_382                       |   in|    1|     ap_none|                                         dec_382|        scalar|
|dec_383                       |   in|    1|     ap_none|                                         dec_383|        scalar|
|dec_384                       |   in|    1|     ap_none|                                         dec_384|        scalar|
|dec_385                       |   in|    1|     ap_none|                                         dec_385|        scalar|
|dec_386                       |   in|    1|     ap_none|                                         dec_386|        scalar|
|dec_387                       |   in|    1|     ap_none|                                         dec_387|        scalar|
|dec_388                       |   in|    1|     ap_none|                                         dec_388|        scalar|
|dec_389                       |   in|    1|     ap_none|                                         dec_389|        scalar|
|dec_390                       |   in|    1|     ap_none|                                         dec_390|        scalar|
|dec_391                       |   in|    1|     ap_none|                                         dec_391|        scalar|
|dec_392                       |   in|    1|     ap_none|                                         dec_392|        scalar|
|dec_393                       |   in|    1|     ap_none|                                         dec_393|        scalar|
|dec_394                       |   in|    1|     ap_none|                                         dec_394|        scalar|
|dec_395                       |   in|    1|     ap_none|                                         dec_395|        scalar|
|dec_396                       |   in|    1|     ap_none|                                         dec_396|        scalar|
|dec_397                       |   in|    1|     ap_none|                                         dec_397|        scalar|
|dec_398                       |   in|    1|     ap_none|                                         dec_398|        scalar|
|dec_399                       |   in|    1|     ap_none|                                         dec_399|        scalar|
|dec_400                       |   in|    1|     ap_none|                                         dec_400|        scalar|
|dec_401                       |   in|    1|     ap_none|                                         dec_401|        scalar|
|dec_402                       |   in|    1|     ap_none|                                         dec_402|        scalar|
|dec_403                       |   in|    1|     ap_none|                                         dec_403|        scalar|
|dec_404                       |   in|    1|     ap_none|                                         dec_404|        scalar|
|dec_405                       |   in|    1|     ap_none|                                         dec_405|        scalar|
|dec_406                       |   in|    1|     ap_none|                                         dec_406|        scalar|
|dec_407                       |   in|    1|     ap_none|                                         dec_407|        scalar|
|dec_408                       |   in|    1|     ap_none|                                         dec_408|        scalar|
|dec_409                       |   in|    1|     ap_none|                                         dec_409|        scalar|
|dec_410                       |   in|    1|     ap_none|                                         dec_410|        scalar|
|dec_411                       |   in|    1|     ap_none|                                         dec_411|        scalar|
|dec_412                       |   in|    1|     ap_none|                                         dec_412|        scalar|
|dec_413                       |   in|    1|     ap_none|                                         dec_413|        scalar|
|dec_414                       |   in|    1|     ap_none|                                         dec_414|        scalar|
|dec_415                       |   in|    1|     ap_none|                                         dec_415|        scalar|
|dec_416                       |   in|    1|     ap_none|                                         dec_416|        scalar|
|dec_417                       |   in|    1|     ap_none|                                         dec_417|        scalar|
|dec_418                       |   in|    1|     ap_none|                                         dec_418|        scalar|
|dec_419                       |   in|    1|     ap_none|                                         dec_419|        scalar|
|dec_420                       |   in|    1|     ap_none|                                         dec_420|        scalar|
|dec_421                       |   in|    1|     ap_none|                                         dec_421|        scalar|
|dec_422                       |   in|    1|     ap_none|                                         dec_422|        scalar|
|dec_423                       |   in|    1|     ap_none|                                         dec_423|        scalar|
|dec_424                       |   in|    1|     ap_none|                                         dec_424|        scalar|
|dec_425                       |   in|    1|     ap_none|                                         dec_425|        scalar|
|dec_426                       |   in|    1|     ap_none|                                         dec_426|        scalar|
|dec_427                       |   in|    1|     ap_none|                                         dec_427|        scalar|
|dec_428                       |   in|    1|     ap_none|                                         dec_428|        scalar|
|dec_429                       |   in|    1|     ap_none|                                         dec_429|        scalar|
|dec_430                       |   in|    1|     ap_none|                                         dec_430|        scalar|
|dec_431                       |   in|    1|     ap_none|                                         dec_431|        scalar|
|dec_432                       |   in|    1|     ap_none|                                         dec_432|        scalar|
|dec_433                       |   in|    1|     ap_none|                                         dec_433|        scalar|
|dec_434                       |   in|    1|     ap_none|                                         dec_434|        scalar|
|dec_435                       |   in|    1|     ap_none|                                         dec_435|        scalar|
|dec_436                       |   in|    1|     ap_none|                                         dec_436|        scalar|
|dec_437                       |   in|    1|     ap_none|                                         dec_437|        scalar|
|dec_438                       |   in|    1|     ap_none|                                         dec_438|        scalar|
|dec_439                       |   in|    1|     ap_none|                                         dec_439|        scalar|
|dec_440                       |   in|    1|     ap_none|                                         dec_440|        scalar|
|dec_441                       |   in|    1|     ap_none|                                         dec_441|        scalar|
|dec_442                       |   in|    1|     ap_none|                                         dec_442|        scalar|
|dec_443                       |   in|    1|     ap_none|                                         dec_443|        scalar|
|dec_444                       |   in|    1|     ap_none|                                         dec_444|        scalar|
|dec_445                       |   in|    1|     ap_none|                                         dec_445|        scalar|
|dec_446                       |   in|    1|     ap_none|                                         dec_446|        scalar|
|dec_447                       |   in|    1|     ap_none|                                         dec_447|        scalar|
|dec_448                       |   in|    1|     ap_none|                                         dec_448|        scalar|
|dec_449                       |   in|    1|     ap_none|                                         dec_449|        scalar|
|dec_450                       |   in|    1|     ap_none|                                         dec_450|        scalar|
|dec_451                       |   in|    1|     ap_none|                                         dec_451|        scalar|
|dec_452                       |   in|    1|     ap_none|                                         dec_452|        scalar|
|dec_453                       |   in|    1|     ap_none|                                         dec_453|        scalar|
|dec_454                       |   in|    1|     ap_none|                                         dec_454|        scalar|
|dec_455                       |   in|    1|     ap_none|                                         dec_455|        scalar|
|dec_456                       |   in|    1|     ap_none|                                         dec_456|        scalar|
|dec_457                       |   in|    1|     ap_none|                                         dec_457|        scalar|
|dec_458                       |   in|    1|     ap_none|                                         dec_458|        scalar|
|dec_459                       |   in|    1|     ap_none|                                         dec_459|        scalar|
|dec_460                       |   in|    1|     ap_none|                                         dec_460|        scalar|
|dec_461                       |   in|    1|     ap_none|                                         dec_461|        scalar|
|dec_462                       |   in|    1|     ap_none|                                         dec_462|        scalar|
|dec_463                       |   in|    1|     ap_none|                                         dec_463|        scalar|
|dec_464                       |   in|    1|     ap_none|                                         dec_464|        scalar|
|dec_465                       |   in|    1|     ap_none|                                         dec_465|        scalar|
|dec_466                       |   in|    1|     ap_none|                                         dec_466|        scalar|
|dec_467                       |   in|    1|     ap_none|                                         dec_467|        scalar|
|dec_468                       |   in|    1|     ap_none|                                         dec_468|        scalar|
|dec_469                       |   in|    1|     ap_none|                                         dec_469|        scalar|
|dec_470                       |   in|    1|     ap_none|                                         dec_470|        scalar|
|dec_471                       |   in|    1|     ap_none|                                         dec_471|        scalar|
|dec_472                       |   in|    1|     ap_none|                                         dec_472|        scalar|
|dec_473                       |   in|    1|     ap_none|                                         dec_473|        scalar|
|dec_474                       |   in|    1|     ap_none|                                         dec_474|        scalar|
|dec_475                       |   in|    1|     ap_none|                                         dec_475|        scalar|
|dec_476                       |   in|    1|     ap_none|                                         dec_476|        scalar|
|dec_477                       |   in|    1|     ap_none|                                         dec_477|        scalar|
|dec_478                       |   in|    1|     ap_none|                                         dec_478|        scalar|
|dec_479                       |   in|    1|     ap_none|                                         dec_479|        scalar|
|dec_480                       |   in|    1|     ap_none|                                         dec_480|        scalar|
|dec_481                       |   in|    1|     ap_none|                                         dec_481|        scalar|
|dec_482                       |   in|    1|     ap_none|                                         dec_482|        scalar|
|dec_483                       |   in|    1|     ap_none|                                         dec_483|        scalar|
|dec_484                       |   in|    1|     ap_none|                                         dec_484|        scalar|
|dec_485                       |   in|    1|     ap_none|                                         dec_485|        scalar|
|dec_486                       |   in|    1|     ap_none|                                         dec_486|        scalar|
|dec_487                       |   in|    1|     ap_none|                                         dec_487|        scalar|
|dec_488                       |   in|    1|     ap_none|                                         dec_488|        scalar|
|dec_489                       |   in|    1|     ap_none|                                         dec_489|        scalar|
|dec_490                       |   in|    1|     ap_none|                                         dec_490|        scalar|
|dec_491                       |   in|    1|     ap_none|                                         dec_491|        scalar|
|dec_492                       |   in|    1|     ap_none|                                         dec_492|        scalar|
|dec_493                       |   in|    1|     ap_none|                                         dec_493|        scalar|
|dec_494                       |   in|    1|     ap_none|                                         dec_494|        scalar|
|dec_495                       |   in|    1|     ap_none|                                         dec_495|        scalar|
|dec_496                       |   in|    1|     ap_none|                                         dec_496|        scalar|
|dec_497                       |   in|    1|     ap_none|                                         dec_497|        scalar|
|dec_498                       |   in|    1|     ap_none|                                         dec_498|        scalar|
|dec_499                       |   in|    1|     ap_none|                                         dec_499|        scalar|
|dec_500                       |   in|    1|     ap_none|                                         dec_500|        scalar|
|dec_501                       |   in|    1|     ap_none|                                         dec_501|        scalar|
|dec_502                       |   in|    1|     ap_none|                                         dec_502|        scalar|
|dec_503                       |   in|    1|     ap_none|                                         dec_503|        scalar|
|dec_504                       |   in|    1|     ap_none|                                         dec_504|        scalar|
|dec_505                       |   in|    1|     ap_none|                                         dec_505|        scalar|
|dec_506                       |   in|    1|     ap_none|                                         dec_506|        scalar|
|dec_507                       |   in|    1|     ap_none|                                         dec_507|        scalar|
|dec_508                       |   in|    1|     ap_none|                                         dec_508|        scalar|
|dec_509                       |   in|    1|     ap_none|                                         dec_509|        scalar|
|dec_510                       |   in|    1|     ap_none|                                         dec_510|        scalar|
|short_matches_din             |  out|   33|     ap_fifo|                                   short_matches|       pointer|
|short_matches_num_data_valid  |   in|    7|     ap_fifo|                                   short_matches|       pointer|
|short_matches_fifo_cap        |   in|    7|     ap_fifo|                                   short_matches|       pointer|
|short_matches_full_n          |   in|    1|     ap_fifo|                                   short_matches|       pointer|
|short_matches_write           |  out|    1|     ap_fifo|                                   short_matches|       pointer|
|state_1_address0              |  out|   11|   ap_memory|                                         state_1|         array|
|state_1_ce0                   |  out|    1|   ap_memory|                                         state_1|         array|
|state_1_we0                   |  out|    1|   ap_memory|                                         state_1|         array|
|state_1_d0                    |  out|   15|   ap_memory|                                         state_1|         array|
|state_1_q0                    |   in|   15|   ap_memory|                                         state_1|         array|
+------------------------------+-----+-----+------------+------------------------------------------------+--------------+

