Copyright 1986-2022 Xilinx, Inc. All Rights Reserved. Copyright 2022-2023 Advanced Micro Devices, Inc. All Rights Reserved.
------------------------------------------------------------------------------------------------------------------------------------------------------------------------------------------------------------------------------------------------------------------------------------------------------------------------------------------------------------------------------------------------------
| Tool Version : Vivado v.2023.2 (lin64) Build 4029153 Fri Oct 13 20:13:54 MDT 2023
| Date         : Sat Jan 17 14:57:48 2026
| Host         : cse-es62-02.cse.chalmers.se running 64-bit Rocky Linux release 9.6 (Blue Onyx)
| Command      : report_accelerator_utilization -kernels { cmac_0:level0_i/ulp/cmac_0/inst:cmac_0 krnl_proj_split:level0_i/ulp/krnl_proj_split_0/inst:krnl_proj_split_0 networklayer:level0_i/ulp/networklayer_0/inst:networklayer_0 icmp_server:level0_i/ulp/networklayer_0/inst/network_layer_bd_i/icmp/icmp_server/inst:icmp_server} -file kernel_util_synthed.rpt -name kernel_util_synthed -json
| Design       : level0_wrapper
| Device       : xcu55c
| Design State : Synthesized
------------------------------------------------------------------------------------------------------------------------------------------------------------------------------------------------------------------------------------------------------------------------------------------------------------------------------------------------------------------------------------------------------

Accelerator Utilization Design Information

Table of Contents
-----------------
1. System Utilization

1. System Utilization
---------------------

+----------------------+-------------------+------------------+-------------------+----------------+---------------+----------------+
| Name                 | LUT               | LUTAsMem         | REG               | BRAM           | URAM          | DSP            |
+----------------------+-------------------+------------------+-------------------+----------------+---------------+----------------+
| Platform             |  134428 [ 10.31%] |   9370 [  1.56%] |  164577 [  6.31%] |  200 [  9.92%] |   0 [  0.00%] |    4 [  0.04%] |
| User Budget          | 1169252 [100.00%] | 591590 [100.00%] | 2442783 [100.00%] | 1816 [100.00%] | 960 [100.00%] | 9020 [100.00%] |
|    Used Resources    |   38799 [  3.32%] |   4029 [  0.68%] |   88965 [  3.64%] |  110 [  6.06%] |   0 [  0.00%] |    0 [  0.00%] |
|    Unused Resources  | 1130453 [ 96.68%] | 587561 [ 99.32%] | 2353818 [ 96.36%] | 1706 [ 93.94%] | 960 [100.00%] | 9020 [100.00%] |
| cmac_0               |   10353 [  0.89%] |    663 [  0.11%] |   32831 [  1.34%] |   17 [  0.94%] |   0 [  0.00%] |    0 [  0.00%] |
|    cmac_0            |   10353 [  0.89%] |    663 [  0.11%] |   32831 [  1.34%] |   17 [  0.94%] |   0 [  0.00%] |    0 [  0.00%] |
| icmp_server          |    1145 [  0.10%] |      0 [  0.00%] |    3590 [  0.15%] |    0 [  0.00%] |   0 [  0.00%] |    0 [  0.00%] |
|    icmp_server       |    1145 [  0.10%] |      0 [  0.00%] |    3590 [  0.15%] |    0 [  0.00%] |   0 [  0.00%] |    0 [  0.00%] |
| krnl_proj_split      |    5961 [  0.51%] |     84 [  0.01%] |    6201 [  0.25%] |   73 [  4.02%] |   0 [  0.00%] |    0 [  0.00%] |
|    krnl_proj_split_0 |    5961 [  0.51%] |     84 [  0.01%] |    6201 [  0.25%] |   73 [  4.02%] |   0 [  0.00%] |    0 [  0.00%] |
| networklayer         |   21340 [  1.83%] |   3282 [  0.55%] |   46343 [  1.90%] |   20 [  1.10%] |   0 [  0.00%] |    0 [  0.00%] |
|    networklayer_0    |   21340 [  1.83%] |   3282 [  0.55%] |   46343 [  1.90%] |   20 [  1.10%] |   0 [  0.00%] |    0 [  0.00%] |
+----------------------+-------------------+------------------+-------------------+----------------+---------------+----------------+


