Copyright 1986-2022 Xilinx, Inc. All Rights Reserved. Copyright 2022-2023 Advanced Micro Devices, Inc. All Rights Reserved.
----------------------------------------------------------------------------------------------------------------------------------------------------------------------------------------------------------------------------------------------------------------------------------------------------------------------------------------------------------------------------------------------------
| Tool Version : Vivado v.2023.2 (lin64) Build 4029153 Fri Oct 13 20:13:54 MDT 2023
| Date         : Sat Jan 17 15:31:14 2026
| Host         : cse-es62-02.cse.chalmers.se running 64-bit Rocky Linux release 9.6 (Blue Onyx)
| Command      : report_accelerator_utilization -kernels { cmac_0:level0_i/ulp/cmac_0/inst:cmac_0 krnl_proj_split:level0_i/ulp/krnl_proj_split_0/inst:krnl_proj_split_0 networklayer:level0_i/ulp/networklayer_0/inst:networklayer_0 icmp_server:level0_i/ulp/networklayer_0/inst/network_layer_bd_i/icmp/icmp_server/inst:icmp_server} -file kernel_util_routed.rpt -name kernel_util_routed -json
| Design       : level0_wrapper
| Device       : xcu55c
| Design State : Routed
----------------------------------------------------------------------------------------------------------------------------------------------------------------------------------------------------------------------------------------------------------------------------------------------------------------------------------------------------------------------------------------------------

Accelerator Utilization Design Information

Table of Contents
-----------------
1. System Utilization

1. System Utilization
---------------------

+----------------------+-------------------+------------------+-------------------+----------------+---------------+----------------+
| Name                 | LUT               | LUTAsMem         | REG               | BRAM           | URAM          | DSP            |
+----------------------+-------------------+------------------+-------------------+----------------+---------------+----------------+
| Platform             |  120472 [  9.24%] |   8008 [  1.33%] |  162782 [  6.24%] |  200 [  9.92%] |   0 [  0.00%] |    4 [  0.04%] |
| User Budget          | 1183208 [100.00%] | 592952 [100.00%] | 2444578 [100.00%] | 1816 [100.00%] | 960 [100.00%] | 9020 [100.00%] |
|    Used Resources    |   36974 [  3.12%] |   3152 [  0.53%] |   87516 [  3.58%] |  110 [  6.06%] |   0 [  0.00%] |    0 [  0.00%] |
|    Unused Resources  | 1146234 [ 96.88%] | 589800 [ 99.47%] | 2357062 [ 96.42%] | 1706 [ 93.94%] | 960 [100.00%] | 9020 [100.00%] |
| cmac_0               |   10150 [  0.86%] |    663 [  0.11%] |   32645 [  1.34%] |   17 [  0.94%] |   0 [  0.00%] |    0 [  0.00%] |
|    cmac_0            |   10150 [  0.86%] |    663 [  0.11%] |   32645 [  1.34%] |   17 [  0.94%] |   0 [  0.00%] |    0 [  0.00%] |
| icmp_server          |    1105 [  0.09%] |      0 [  0.00%] |    3590 [  0.15%] |    0 [  0.00%] |   0 [  0.00%] |    0 [  0.00%] |
|    icmp_server       |    1105 [  0.09%] |      0 [  0.00%] |    3590 [  0.15%] |    0 [  0.00%] |   0 [  0.00%] |    0 [  0.00%] |
| krnl_proj_split      |    5924 [  0.50%] |     75 [  0.01%] |    6154 [  0.25%] |   73 [  4.02%] |   0 [  0.00%] |    0 [  0.00%] |
|    krnl_proj_split_0 |    5924 [  0.50%] |     75 [  0.01%] |    6154 [  0.25%] |   73 [  4.02%] |   0 [  0.00%] |    0 [  0.00%] |
| networklayer         |   19795 [  1.67%] |   2414 [  0.41%] |   45127 [  1.85%] |   20 [  1.10%] |   0 [  0.00%] |    0 [  0.00%] |
|    networklayer_0    |   19795 [  1.67%] |   2414 [  0.41%] |   45127 [  1.85%] |   20 [  1.10%] |   0 [  0.00%] |    0 [  0.00%] |
+----------------------+-------------------+------------------+-------------------+----------------+---------------+----------------+


