

================================================================
== Vitis HLS Report for 'matcher_engine_1720_16_s'
================================================================
* Date:           Sat Jan 17 14:13:00 2026

* Version:        2023.2 (Build 4023990 on Oct 11 2023)
* Project:        krnl_proj_split
* Solution:       hls (Vitis Kernel Flow Target)
* Product family: virtexuplusHBM
* Target device:  xcu55c-fsvh2892-2L-e


================================================================
== Performance Estimates
================================================================
+ Timing: 
    * Summary: 
    +--------+---------+----------+------------+
    |  Clock |  Target | Estimated| Uncertainty|
    +--------+---------+----------+------------+
    |ap_clk  |  3.33 ns|  2.399 ns|     0.90 ns|
    +--------+---------+----------+------------+

+ Latency: 
    * Summary: 
    +---------+---------+----------+----------+-----+-----+---------+
    |  Latency (cycles) |  Latency (absolute) |  Interval | Pipeline|
    |   min   |   max   |    min   |    max   | min | max |   Type  |
    +---------+---------+----------+----------+-----+-----+---------+
    |        ?|        ?|         ?|         ?|    ?|    ?|       no|
    +---------+---------+----------+----------+-----+-----+---------+

    + Detail: 
        * Instance: 
        +------------------------------------------------------------+----------------------------------------------+---------+---------+-----------+-----------+------+------+---------+
        |                                                            |                                              |  Latency (cycles) |   Latency (absolute)  |   Interval  | Pipeline|
        |                          Instance                          |                    Module                    |   min   |   max   |    min    |    max    |  min |  max |   Type  |
        +------------------------------------------------------------+----------------------------------------------+---------+---------+-----------+-----------+------+------+---------+
        |grp_matcher_engine_1720_16_Pipeline_init_state_fu_198754    |matcher_engine_1720_16_Pipeline_init_state    |     1722|     1722|   5.739 us|   5.739 us|  1722|  1722|       no|
        |grp_matcher_engine_1720_16_Pipeline_pattern_loop_fu_198760  |matcher_engine_1720_16_Pipeline_pattern_loop  |     3444|     3444|  11.479 us|  11.479 us|  3444|  3444|       no|
        |grp_matcher_engine_1720_16_Pipeline_reset_state_fu_199316   |matcher_engine_1720_16_Pipeline_reset_state   |     1722|     1722|   5.739 us|   5.739 us|  1722|  1722|       no|
        +------------------------------------------------------------+----------------------------------------------+---------+---------+-----------+-----------+------+------+---------+

        * Loop: 
        +-------------------+---------+---------+----------+-----------+-----------+------+----------+
        |                   |  Latency (cycles) | Iteration|  Initiation Interval  | Trip |          |
        |     Loop Name     |   min   |   max   |  Latency |  achieved |   target  | Count| Pipelined|
        +-------------------+---------+---------+----------+-----------+-----------+------+----------+
        |- VITIS_LOOP_80_1  |        ?|        ?|      3446|          -|          -|     ?|        no|
        +-------------------+---------+---------+----------+-----------+-----------+------+----------+



================================================================
== Utilization Estimates
================================================================
* Summary: 
+---------------------+---------+------+---------+---------+-----+
|         Name        | BRAM_18K|  DSP |    FF   |   LUT   | URAM|
+---------------------+---------+------+---------+---------+-----+
|DSP                  |        -|     -|        -|        -|    -|
|Expression           |        -|     -|        0|        4|    -|
|FIFO                 |        -|     -|        -|        -|    -|
|Instance             |       19|     -|      144|    22421|    -|
|Memory               |        2|     -|        0|        0|    -|
|Multiplexer          |        -|     -|        -|      161|    -|
|Register             |        -|     -|      265|        -|    -|
+---------------------+---------+------+---------+---------+-----+
|Total                |       21|     0|      409|    22586|    0|
+---------------------+---------+------+---------+---------+-----+
|Available SLR        |     1344|  3008|   869120|   434560|  320|
+---------------------+---------+------+---------+---------+-----+
|Utilization SLR (%)  |        1|     0|       ~0|        5|    0|
+---------------------+---------+------+---------+---------+-----+
|Available            |     4032|  9024|  2607360|  1303680|  960|
+---------------------+---------+------+---------+---------+-----+
|Utilization (%)      |       ~0|     0|       ~0|        1|    0|
+---------------------+---------+------+---------+---------+-----+

+ Detail: 
    * Instance: 
    +------------------------------------------------------------+----------------------------------------------+---------+----+-----+-------+-----+
    |                          Instance                          |                    Module                    | BRAM_18K| DSP|  FF |  LUT  | URAM|
    +------------------------------------------------------------+----------------------------------------------+---------+----+-----+-------+-----+
    |grp_matcher_engine_1720_16_Pipeline_init_state_fu_198754    |matcher_engine_1720_16_Pipeline_init_state    |        0|   0|   13|     63|    0|
    |grp_matcher_engine_1720_16_Pipeline_pattern_loop_fu_198760  |matcher_engine_1720_16_Pipeline_pattern_loop  |       19|   0|  118|  22295|    0|
    |grp_matcher_engine_1720_16_Pipeline_reset_state_fu_199316   |matcher_engine_1720_16_Pipeline_reset_state   |        0|   0|   13|     63|    0|
    +------------------------------------------------------------+----------------------------------------------+---------+----+-----+-------+-----+
    |Total                                                       |                                              |       19|   0|  144|  22421|    0|
    +------------------------------------------------------------+----------------------------------------------+---------+----+-----+-------+-----+

    * DSP: 
    N/A

    * Memory: 
    +-----------+---------------------------------------------------+---------+---+----+-----+------+-----+------+-------------+
    |   Memory  |                       Module                      | BRAM_18K| FF| LUT| URAM| Words| Bits| Banks| W*Bits*Banks|
    +-----------+---------------------------------------------------+---------+---+----+-----+------+-----+------+-------------+
    |state_1_U  |matcher_engine_1720_16_s_state_1_RAM_1P_BRAM_1R1W  |        2|  0|   0|    0|  1720|   15|     1|        25800|
    +-----------+---------------------------------------------------+---------+---+----+-----+------+-----+------+-------------+
    |Total      |                                                   |        2|  0|   0|    0|  1720|   15|     1|        25800|
    +-----------+---------------------------------------------------+---------+---+----+-----+------+-----+------+-------------+

    * FIFO: 
    N/A

    * Expression: 
    +-----------------+----------+----+---+----+------------+------------+
    |  Variable Name  | Operation| DSP| FF| LUT| Bitwidth P0| Bitwidth P1|
    +-----------------+----------+----+---+----+------------+------------+
    |ap_block_state1  |        or|   0|  0|   2|           1|           1|
    |ap_block_state3  |        or|   0|  0|   2|           1|           1|
    +-----------------+----------+----+---+----+------------+------------+
    |Total            |          |   0|  0|   4|           2|           2|
    +-----------------+----------+----+---+----+------------+------------+

    * Multiplexer: 
    +---------------------+----+-----------+-----+-----------+
    |         Name        | LUT| Input Size| Bits| Total Bits|
    +---------------------+----+-----------+-----+-----------+
    |ap_NS_fsm            |  31|          6|    1|          6|
    |ap_done              |   9|          2|    1|          2|
    |short_bytes_blk_n    |   9|          2|    1|          2|
    |short_matches_blk_n  |   9|          2|    1|          2|
    |short_matches_din    |   9|          2|   33|         66|
    |short_matches_write  |  14|          3|    1|          3|
    |state_1_address0     |  20|          4|   11|         44|
    |state_1_ce0          |  20|          4|    1|          4|
    |state_1_d0           |  20|          4|   15|         60|
    |state_1_we0          |  20|          4|    1|          4|
    +---------------------+----+-----------+-----+-----------+
    |Total                | 161|         33|   66|        193|
    +---------------------+----+-----------+-----+-----------+

    * Register: 
    +-------------------------------------------------------------------------+---+----+-----+-----------+
    |                                   Name                                  | FF| LUT| Bits| Const Bits|
    +-------------------------------------------------------------------------+---+----+-----+-----------+
    |ap_CS_fsm                                                                |  5|   0|    5|          0|
    |ap_done_reg                                                              |  1|   0|    1|          0|
    |dec_256_reg_197206                                                       |  1|   0|    1|          0|
    |dec_257_reg_196432                                                       |  1|   0|    1|          0|
    |dec_258_reg_195658                                                       |  1|   0|    1|          0|
    |dec_259_reg_194884                                                       |  1|   0|    1|          0|
    |dec_260_reg_194110                                                       |  1|   0|    1|          0|
    |dec_261_reg_193336                                                       |  1|   0|    1|          0|
    |dec_262_reg_192562                                                       |  1|   0|    1|          0|
    |dec_263_reg_191788                                                       |  1|   0|    1|          0|
    |dec_264_reg_191014                                                       |  1|   0|    1|          0|
    |dec_265_reg_190240                                                       |  1|   0|    1|          0|
    |dec_266_reg_189466                                                       |  1|   0|    1|          0|
    |dec_267_reg_188692                                                       |  1|   0|    1|          0|
    |dec_268_reg_187918                                                       |  1|   0|    1|          0|
    |dec_269_reg_187144                                                       |  1|   0|    1|          0|
    |dec_270_reg_186370                                                       |  1|   0|    1|          0|
    |dec_271_reg_185596                                                       |  1|   0|    1|          0|
    |dec_272_reg_184822                                                       |  1|   0|    1|          0|
    |dec_273_reg_184048                                                       |  1|   0|    1|          0|
    |dec_274_reg_183274                                                       |  1|   0|    1|          0|
    |dec_275_reg_182500                                                       |  1|   0|    1|          0|
    |dec_276_reg_181726                                                       |  1|   0|    1|          0|
    |dec_277_reg_180952                                                       |  1|   0|    1|          0|
    |dec_278_reg_180178                                                       |  1|   0|    1|          0|
    |dec_279_reg_179404                                                       |  1|   0|    1|          0|
    |dec_280_reg_178630                                                       |  1|   0|    1|          0|
    |dec_281_reg_177856                                                       |  1|   0|    1|          0|
    |dec_282_reg_177082                                                       |  1|   0|    1|          0|
    |dec_283_reg_176308                                                       |  1|   0|    1|          0|
    |dec_284_reg_175534                                                       |  1|   0|    1|          0|
    |dec_285_reg_174760                                                       |  1|   0|    1|          0|
    |dec_286_reg_173986                                                       |  1|   0|    1|          0|
    |dec_287_reg_173212                                                       |  1|   0|    1|          0|
    |dec_288_reg_172438                                                       |  1|   0|    1|          0|
    |dec_289_reg_171664                                                       |  1|   0|    1|          0|
    |dec_290_reg_170890                                                       |  1|   0|    1|          0|
    |dec_291_reg_170116                                                       |  1|   0|    1|          0|
    |dec_292_reg_169342                                                       |  1|   0|    1|          0|
    |dec_293_reg_168568                                                       |  1|   0|    1|          0|
    |dec_294_reg_167794                                                       |  1|   0|    1|          0|
    |dec_295_reg_167020                                                       |  1|   0|    1|          0|
    |dec_296_reg_166246                                                       |  1|   0|    1|          0|
    |dec_297_reg_165472                                                       |  1|   0|    1|          0|
    |dec_298_reg_164698                                                       |  1|   0|    1|          0|
    |dec_299_reg_163924                                                       |  1|   0|    1|          0|
    |dec_300_reg_163150                                                       |  1|   0|    1|          0|
    |dec_301_reg_162376                                                       |  1|   0|    1|          0|
    |dec_302_reg_161602                                                       |  1|   0|    1|          0|
    |dec_303_reg_160828                                                       |  1|   0|    1|          0|
    |dec_304_reg_160054                                                       |  1|   0|    1|          0|
    |dec_305_reg_159280                                                       |  1|   0|    1|          0|
    |dec_306_reg_158506                                                       |  1|   0|    1|          0|
    |dec_307_reg_157732                                                       |  1|   0|    1|          0|
    |dec_308_reg_156958                                                       |  1|   0|    1|          0|
    |dec_309_reg_156184                                                       |  1|   0|    1|          0|
    |dec_310_reg_155410                                                       |  1|   0|    1|          0|
    |dec_311_reg_154636                                                       |  1|   0|    1|          0|
    |dec_312_reg_153862                                                       |  1|   0|    1|          0|
    |dec_313_reg_153088                                                       |  1|   0|    1|          0|
    |dec_314_reg_152314                                                       |  1|   0|    1|          0|
    |dec_315_reg_151540                                                       |  1|   0|    1|          0|
    |dec_316_reg_150766                                                       |  1|   0|    1|          0|
    |dec_317_reg_149992                                                       |  1|   0|    1|          0|
    |dec_318_reg_149218                                                       |  1|   0|    1|          0|
    |dec_319_reg_148444                                                       |  1|   0|    1|          0|
    |dec_320_reg_147670                                                       |  1|   0|    1|          0|
    |dec_321_reg_146896                                                       |  1|   0|    1|          0|
    |dec_322_reg_146122                                                       |  1|   0|    1|          0|
    |dec_323_reg_145348                                                       |  1|   0|    1|          0|
    |dec_324_reg_144574                                                       |  1|   0|    1|          0|
    |dec_325_reg_143800                                                       |  1|   0|    1|          0|
    |dec_326_reg_143026                                                       |  1|   0|    1|          0|
    |dec_327_reg_142252                                                       |  1|   0|    1|          0|
    |dec_328_reg_141478                                                       |  1|   0|    1|          0|
    |dec_329_reg_140704                                                       |  1|   0|    1|          0|
    |dec_330_reg_139930                                                       |  1|   0|    1|          0|
    |dec_331_reg_139156                                                       |  1|   0|    1|          0|
    |dec_332_reg_138382                                                       |  1|   0|    1|          0|
    |dec_333_reg_137608                                                       |  1|   0|    1|          0|
    |dec_334_reg_136834                                                       |  1|   0|    1|          0|
    |dec_335_reg_136060                                                       |  1|   0|    1|          0|
    |dec_336_reg_135286                                                       |  1|   0|    1|          0|
    |dec_337_reg_134512                                                       |  1|   0|    1|          0|
    |dec_338_reg_133738                                                       |  1|   0|    1|          0|
    |dec_339_reg_132964                                                       |  1|   0|    1|          0|
    |dec_340_reg_132190                                                       |  1|   0|    1|          0|
    |dec_341_reg_131416                                                       |  1|   0|    1|          0|
    |dec_342_reg_130642                                                       |  1|   0|    1|          0|
    |dec_343_reg_129868                                                       |  1|   0|    1|          0|
    |dec_344_reg_129094                                                       |  1|   0|    1|          0|
    |dec_345_reg_128320                                                       |  1|   0|    1|          0|
    |dec_346_reg_127546                                                       |  1|   0|    1|          0|
    |dec_347_reg_126772                                                       |  1|   0|    1|          0|
    |dec_348_reg_125998                                                       |  1|   0|    1|          0|
    |dec_349_reg_125224                                                       |  1|   0|    1|          0|
    |dec_350_reg_124450                                                       |  1|   0|    1|          0|
    |dec_351_reg_123676                                                       |  1|   0|    1|          0|
    |dec_352_reg_122902                                                       |  1|   0|    1|          0|
    |dec_353_reg_122128                                                       |  1|   0|    1|          0|
    |dec_354_reg_121354                                                       |  1|   0|    1|          0|
    |dec_355_reg_120580                                                       |  1|   0|    1|          0|
    |dec_356_reg_119806                                                       |  1|   0|    1|          0|
    |dec_357_reg_119032                                                       |  1|   0|    1|          0|
    |dec_358_reg_118258                                                       |  1|   0|    1|          0|
    |dec_359_reg_117484                                                       |  1|   0|    1|          0|
    |dec_360_reg_116710                                                       |  1|   0|    1|          0|
    |dec_361_reg_115936                                                       |  1|   0|    1|          0|
    |dec_362_reg_115162                                                       |  1|   0|    1|          0|
    |dec_363_reg_114388                                                       |  1|   0|    1|          0|
    |dec_364_reg_113614                                                       |  1|   0|    1|          0|
    |dec_365_reg_112840                                                       |  1|   0|    1|          0|
    |dec_366_reg_112066                                                       |  1|   0|    1|          0|
    |dec_367_reg_111292                                                       |  1|   0|    1|          0|
    |dec_368_reg_110518                                                       |  1|   0|    1|          0|
    |dec_369_reg_109744                                                       |  1|   0|    1|          0|
    |dec_370_reg_108970                                                       |  1|   0|    1|          0|
    |dec_371_reg_108196                                                       |  1|   0|    1|          0|
    |dec_372_reg_107422                                                       |  1|   0|    1|          0|
    |dec_373_reg_106648                                                       |  1|   0|    1|          0|
    |dec_374_reg_105874                                                       |  1|   0|    1|          0|
    |dec_375_reg_105100                                                       |  1|   0|    1|          0|
    |dec_376_reg_104326                                                       |  1|   0|    1|          0|
    |dec_377_reg_103552                                                       |  1|   0|    1|          0|
    |dec_378_reg_102778                                                       |  1|   0|    1|          0|
    |dec_379_reg_102004                                                       |  1|   0|    1|          0|
    |dec_380_reg_101230                                                       |  1|   0|    1|          0|
    |dec_381_reg_100456                                                       |  1|   0|    1|          0|
    |dec_382_reg_99682                                                        |  1|   0|    1|          0|
    |dec_383_reg_98908                                                        |  1|   0|    1|          0|
    |dec_384_reg_98134                                                        |  1|   0|    1|          0|
    |dec_385_reg_97360                                                        |  1|   0|    1|          0|
    |dec_386_reg_96586                                                        |  1|   0|    1|          0|
    |dec_387_reg_95812                                                        |  1|   0|    1|          0|
    |dec_388_reg_95038                                                        |  1|   0|    1|          0|
    |dec_389_reg_94264                                                        |  1|   0|    1|          0|
    |dec_390_reg_93490                                                        |  1|   0|    1|          0|
    |dec_391_reg_92716                                                        |  1|   0|    1|          0|
    |dec_392_reg_91942                                                        |  1|   0|    1|          0|
    |dec_393_reg_91168                                                        |  1|   0|    1|          0|
    |dec_394_reg_90394                                                        |  1|   0|    1|          0|
    |dec_395_reg_89620                                                        |  1|   0|    1|          0|
    |dec_396_reg_88846                                                        |  1|   0|    1|          0|
    |dec_397_reg_88072                                                        |  1|   0|    1|          0|
    |dec_398_reg_87298                                                        |  1|   0|    1|          0|
    |dec_399_reg_86524                                                        |  1|   0|    1|          0|
    |dec_400_reg_85750                                                        |  1|   0|    1|          0|
    |dec_401_reg_84976                                                        |  1|   0|    1|          0|
    |dec_402_reg_84202                                                        |  1|   0|    1|          0|
    |dec_403_reg_83428                                                        |  1|   0|    1|          0|
    |dec_404_reg_82654                                                        |  1|   0|    1|          0|
    |dec_405_reg_81880                                                        |  1|   0|    1|          0|
    |dec_406_reg_81106                                                        |  1|   0|    1|          0|
    |dec_407_reg_80332                                                        |  1|   0|    1|          0|
    |dec_408_reg_79558                                                        |  1|   0|    1|          0|
    |dec_409_reg_78784                                                        |  1|   0|    1|          0|
    |dec_410_reg_78010                                                        |  1|   0|    1|          0|
    |dec_411_reg_77236                                                        |  1|   0|    1|          0|
    |dec_412_reg_76462                                                        |  1|   0|    1|          0|
    |dec_413_reg_75688                                                        |  1|   0|    1|          0|
    |dec_414_reg_74914                                                        |  1|   0|    1|          0|
    |dec_415_reg_74140                                                        |  1|   0|    1|          0|
    |dec_416_reg_73366                                                        |  1|   0|    1|          0|
    |dec_417_reg_72592                                                        |  1|   0|    1|          0|
    |dec_418_reg_71818                                                        |  1|   0|    1|          0|
    |dec_419_reg_71044                                                        |  1|   0|    1|          0|
    |dec_420_reg_70270                                                        |  1|   0|    1|          0|
    |dec_421_reg_69496                                                        |  1|   0|    1|          0|
    |dec_422_reg_68722                                                        |  1|   0|    1|          0|
    |dec_423_reg_67948                                                        |  1|   0|    1|          0|
    |dec_424_reg_67174                                                        |  1|   0|    1|          0|
    |dec_425_reg_66400                                                        |  1|   0|    1|          0|
    |dec_426_reg_65626                                                        |  1|   0|    1|          0|
    |dec_427_reg_64852                                                        |  1|   0|    1|          0|
    |dec_428_reg_64078                                                        |  1|   0|    1|          0|
    |dec_429_reg_63304                                                        |  1|   0|    1|          0|
    |dec_430_reg_62530                                                        |  1|   0|    1|          0|
    |dec_431_reg_61756                                                        |  1|   0|    1|          0|
    |dec_432_reg_60982                                                        |  1|   0|    1|          0|
    |dec_433_reg_60208                                                        |  1|   0|    1|          0|
    |dec_434_reg_59434                                                        |  1|   0|    1|          0|
    |dec_435_reg_58660                                                        |  1|   0|    1|          0|
    |dec_436_reg_57886                                                        |  1|   0|    1|          0|
    |dec_437_reg_57112                                                        |  1|   0|    1|          0|
    |dec_438_reg_56338                                                        |  1|   0|    1|          0|
    |dec_439_reg_55564                                                        |  1|   0|    1|          0|
    |dec_440_reg_54790                                                        |  1|   0|    1|          0|
    |dec_441_reg_54016                                                        |  1|   0|    1|          0|
    |dec_442_reg_53242                                                        |  1|   0|    1|          0|
    |dec_443_reg_52468                                                        |  1|   0|    1|          0|
    |dec_444_reg_51694                                                        |  1|   0|    1|          0|
    |dec_445_reg_50920                                                        |  1|   0|    1|          0|
    |dec_446_reg_50146                                                        |  1|   0|    1|          0|
    |dec_447_reg_49372                                                        |  1|   0|    1|          0|
    |dec_448_reg_48598                                                        |  1|   0|    1|          0|
    |dec_449_reg_47824                                                        |  1|   0|    1|          0|
    |dec_450_reg_47050                                                        |  1|   0|    1|          0|
    |dec_451_reg_46276                                                        |  1|   0|    1|          0|
    |dec_452_reg_45502                                                        |  1|   0|    1|          0|
    |dec_453_reg_44728                                                        |  1|   0|    1|          0|
    |dec_454_reg_43954                                                        |  1|   0|    1|          0|
    |dec_455_reg_43180                                                        |  1|   0|    1|          0|
    |dec_456_reg_42406                                                        |  1|   0|    1|          0|
    |dec_457_reg_41632                                                        |  1|   0|    1|          0|
    |dec_458_reg_40858                                                        |  1|   0|    1|          0|
    |dec_459_reg_40084                                                        |  1|   0|    1|          0|
    |dec_460_reg_39310                                                        |  1|   0|    1|          0|
    |dec_461_reg_38536                                                        |  1|   0|    1|          0|
    |dec_462_reg_37762                                                        |  1|   0|    1|          0|
    |dec_463_reg_36988                                                        |  1|   0|    1|          0|
    |dec_464_reg_36214                                                        |  1|   0|    1|          0|
    |dec_465_reg_35440                                                        |  1|   0|    1|          0|
    |dec_466_reg_34666                                                        |  1|   0|    1|          0|
    |dec_467_reg_33892                                                        |  1|   0|    1|          0|
    |dec_468_reg_33118                                                        |  1|   0|    1|          0|
    |dec_469_reg_32344                                                        |  1|   0|    1|          0|
    |dec_470_reg_31570                                                        |  1|   0|    1|          0|
    |dec_471_reg_30796                                                        |  1|   0|    1|          0|
    |dec_472_reg_30022                                                        |  1|   0|    1|          0|
    |dec_473_reg_29248                                                        |  1|   0|    1|          0|
    |dec_474_reg_28474                                                        |  1|   0|    1|          0|
    |dec_475_reg_27700                                                        |  1|   0|    1|          0|
    |dec_476_reg_26926                                                        |  1|   0|    1|          0|
    |dec_477_reg_26152                                                        |  1|   0|    1|          0|
    |dec_478_reg_25378                                                        |  1|   0|    1|          0|
    |dec_479_reg_24604                                                        |  1|   0|    1|          0|
    |dec_480_reg_23830                                                        |  1|   0|    1|          0|
    |dec_481_reg_23056                                                        |  1|   0|    1|          0|
    |dec_482_reg_22282                                                        |  1|   0|    1|          0|
    |dec_483_reg_21508                                                        |  1|   0|    1|          0|
    |dec_484_reg_20734                                                        |  1|   0|    1|          0|
    |dec_485_reg_19960                                                        |  1|   0|    1|          0|
    |dec_486_reg_19186                                                        |  1|   0|    1|          0|
    |dec_487_reg_18412                                                        |  1|   0|    1|          0|
    |dec_488_reg_17638                                                        |  1|   0|    1|          0|
    |dec_489_reg_16864                                                        |  1|   0|    1|          0|
    |dec_490_reg_16090                                                        |  1|   0|    1|          0|
    |dec_491_reg_15316                                                        |  1|   0|    1|          0|
    |dec_492_reg_14542                                                        |  1|   0|    1|          0|
    |dec_493_reg_13768                                                        |  1|   0|    1|          0|
    |dec_494_reg_12994                                                        |  1|   0|    1|          0|
    |dec_495_reg_12220                                                        |  1|   0|    1|          0|
    |dec_496_reg_11446                                                        |  1|   0|    1|          0|
    |dec_497_reg_10672                                                        |  1|   0|    1|          0|
    |dec_498_reg_9898                                                         |  1|   0|    1|          0|
    |dec_499_reg_9124                                                         |  1|   0|    1|          0|
    |dec_500_reg_8350                                                         |  1|   0|    1|          0|
    |dec_501_reg_7576                                                         |  1|   0|    1|          0|
    |dec_502_reg_6802                                                         |  1|   0|    1|          0|
    |dec_503_reg_6028                                                         |  1|   0|    1|          0|
    |dec_504_reg_5254                                                         |  1|   0|    1|          0|
    |dec_505_reg_4480                                                         |  1|   0|    1|          0|
    |dec_506_reg_3706                                                         |  1|   0|    1|          0|
    |dec_507_reg_2932                                                         |  1|   0|    1|          0|
    |dec_508_reg_2158                                                         |  1|   0|    1|          0|
    |dec_509_reg_1384                                                         |  1|   0|    1|          0|
    |dec_510_reg_610                                                          |  1|   0|    1|          0|
    |dec_reg_197980                                                           |  1|   0|    1|          0|
    |grp_matcher_engine_1720_16_Pipeline_init_state_fu_198754_ap_start_reg    |  1|   0|    1|          0|
    |grp_matcher_engine_1720_16_Pipeline_pattern_loop_fu_198760_ap_start_reg  |  1|   0|    1|          0|
    |grp_matcher_engine_1720_16_Pipeline_reset_state_fu_199316_ap_start_reg   |  1|   0|    1|          0|
    +-------------------------------------------------------------------------+---+----+-----+-----------+
    |Total                                                                    |265|   0|  265|          0|
    +-------------------------------------------------------------------------+---+----+-----+-----------+



================================================================
== Interface
================================================================
* Summary: 
+------------------------------+-----+-----+------------+--------------------------+--------------+
|           RTL Ports          | Dir | Bits|  Protocol  |       Source Object      |    C Type    |
+------------------------------+-----+-----+------------+--------------------------+--------------+
|ap_clk                        |   in|    1|  ap_ctrl_hs|  matcher_engine<1720, 16>|  return value|
|ap_rst                        |   in|    1|  ap_ctrl_hs|  matcher_engine<1720, 16>|  return value|
|ap_start                      |   in|    1|  ap_ctrl_hs|  matcher_engine<1720, 16>|  return value|
|ap_done                       |  out|    1|  ap_ctrl_hs|  matcher_engine<1720, 16>|  return value|
|ap_continue                   |   in|    1|  ap_ctrl_hs|  matcher_engine<1720, 16>|  return value|
|ap_idle                       |  out|    1|  ap_ctrl_hs|  matcher_engine<1720, 16>|  return value|
|ap_ready                      |  out|    1|  ap_ctrl_hs|  matcher_engine<1720, 16>|  return value|
|short_bytes_dout              |   in|    9|     ap_fifo|               short_bytes|       pointer|
|short_bytes_num_data_valid    |   in|    7|     ap_fifo|               short_bytes|       pointer|
|short_bytes_fifo_cap          |   in|    7|     ap_fifo|               short_bytes|       pointer|
|short_bytes_empty_n           |   in|    1|     ap_fifo|               short_bytes|       pointer|
|short_bytes_read              |  out|    1|     ap_fifo|               short_bytes|       pointer|
|short_matches_din             |  out|   33|     ap_fifo|             short_matches|       pointer|
|short_matches_num_data_valid  |   in|    7|     ap_fifo|             short_matches|       pointer|
|short_matches_fifo_cap        |   in|    7|     ap_fifo|             short_matches|       pointer|
|short_matches_full_n          |   in|    1|     ap_fifo|             short_matches|       pointer|
|short_matches_write           |  out|    1|     ap_fifo|             short_matches|       pointer|
+------------------------------+-----+-----+------------+--------------------------+--------------+

